[19:13:52] [main/INFO] (Launcher) ModLauncher running: args [--launchTarget, forgeclientdev, --version, 21.1.172, --assetIndex, 1.21.1-17, --assetsDir, C:\Users\tweek\.gradle\caches\fabric-loom\assets, --gameDir, ., --fml.fmlVersion, 4.0.39, --fml.mcVersion, 1.21.1, --fml.neoForgeVersion, 21.1.172, --fml.neoFormVersion, 20240808.144430]
[19:13:52] [main/INFO] (Launcher) JVM identified as Eclipse Adoptium OpenJDK 64-Bit Server VM 21.0.5+11-LTS
[19:13:52] [main/INFO] (Launcher) ModLauncher 11.0.4+main.d2e20e43 starting: java version 21.0.5 by Eclipse Adoptium; OS Windows 11 arch amd64 version 10.0
[19:13:52] [main/INFO] (ImmediateWindowHandler) Loading ImmediateWindowProvider fmlearlywindow
[19:13:52] [main/INFO] (EARLYDISPLAY) Trying GL version 4.6
[19:13:52] [main/INFO] (EARLYDISPLAY) Requested GL version 4.6 got version 4.6
[19:13:52] [main/INFO] (mixin) SpongePowered MIXIN Subsystem Version=0.8.7 Source=union:/C:/Users/tweek/.gradle/caches/modules-2/files-2.1/net.fabricmc/sponge-mixin/0.15.2+mixin.0.8.7/2af2f021d8e02a0220dc27a7a72b4666d66d44ca/sponge-mixin-0.15.2+mixin.0.8.7.jar%23125!/ Service=ModLauncher Env=CLIENT
[19:13:52] [main/INFO] (ModDiscoverer) Found mod file "neoforge-21.1.172-minecraft-merged-e3cafb5836-1.21.1-loom.mappings.1_21_1.layered+hash.223741962-v2-neoforge-21.1.172.jar" [locator: neoforge devenv provider ([C:\mods\Data\Repositories\AdorableHamsterPets\.gradle\loom-cache\minecraftMaven\net\minecraft\neoforge-21.1.172-minecraft-merged-e3cafb5836\1.21.1-loom.mappings.1_21_1.layered+hash.223741962-v2-neoforge-21.1.172\neoforge-21.1.172-minecraft-merged-e3cafb5836-1.21.1-loom.mappings.1_21_1.layered+hash.223741962-v2-neoforge-21.1.172.jar])]
[19:13:52] [main/INFO] (ModDiscoverer) Found mod file "neoforge-21.1.172-minecraft-merged-e3cafb5836-1.21.1-loom.mappings.1_21_1.layered+hash.223741962-v2-neoforge-21.1.172.jar" [locator: neoforge devenv provider ([C:\mods\Data\Repositories\AdorableHamsterPets\.gradle\loom-cache\minecraftMaven\net\minecraft\neoforge-21.1.172-minecraft-merged-e3cafb5836\1.21.1-loom.mappings.1_21_1.layered+hash.223741962-v2-neoforge-21.1.172\neoforge-21.1.172-minecraft-merged-e3cafb5836-1.21.1-loom.mappings.1_21_1.layered+hash.223741962-v2-neoforge-21.1.172.jar])]
[19:13:52] [main/INFO] (ModDiscoverer) Found mod file "main" [locator: userdev mods and services, reader: mod manifest]
[19:13:52] [main/INFO] (ModDiscoverer) Found mod file "neoforge-21.1.172-minecraft-merged-e3cafb5836-1.21.1-loom.mappings.1_21_1.layered+hash.223741962-v2-neoforge-21.1.172.jar" [locator: userdev mods and services, reader: mod manifest]
[19:13:52] [main/INFO] (ModDiscoverer) Found mod file "architectury-neoforge-13.0.8.jar" [locator: userdev mods and services, reader: mod manifest]
[19:13:52] [main/INFO] (ModDiscoverer) Found mod file "geckolib-neoforge-1.21.1-4.7.3.jar" [locator: userdev mods and services, reader: mod manifest]
[19:13:53] [main/INFO] (ModDiscoverer) Found mod file "jade-324717-6155158.jar" [locator: userdev mods and services, reader: mod manifest]
[19:13:53] [main/INFO] (ModDiscoverer) Found mod file "fzzy_config-0.7.0+1.21+neoforge.jar" [locator: userdev mods and services, reader: mod manifest]
[19:13:53] [main/INFO] (ModDiscoverer) Found mod file "kffmod-neoforge-5.4.0.jar" [locator: userdev mods and services, reader: mod manifest]
[19:13:53] [main/INFO] (ModDiscoverer) Found mod file "12539397517888839417.jar" [locator: userdev mods and services, reader: mod manifest]
[19:13:53] [pool-5-thread-1/INFO] (EARLYDISPLAY) GL info: NVIDIA GeForce RTX 4080 SUPER/PCIe/SSE2 GL version 4.6.0 NVIDIA 572.60, NVIDIA Corporation
[19:13:53] [main/INFO] (ModDiscoverer) Found gamelibrary file "mixinextras-neoforge-0.4.1.jar" [locator: userdev mods and services, reader: mod manifest]
[19:13:53] [main/INFO] (ModDiscoverer) Found library file "kotlin-for-forge-5.5.0.jar" [locator: userdev mods and services, reader: mod manifest]
[19:13:53] [main/INFO] (ModDiscoverer) Found library file "kotlinforforge-neoforge-5.4.0-all.jar" [locator: userdev mods and services, reader: mod manifest]
[19:13:53] [main/INFO] (ModDiscoverer) Found library file "kfflang-neoforge-5.4.0.jar" [locator: userdev mods and services, reader: mod manifest]
[19:13:53] [main/INFO] (ModDiscoverer) Found library file "loader-4.0.41.jar" [locator: userdev mods and services, reader: mod manifest]
[19:13:53] [main/INFO] (ModDiscoverer) Found gamelibrary file "kfflib-neoforge-5.4.0.jar" [locator: userdev mods and services, reader: mod manifest]
[19:13:53] [main/WARN] (JarSelector) Attempted to select a dependency jar for JarJar which was passed in as source: library:mixinextras.neoforge. Using Mod File: C:\Users\tweek\.gradle\caches\modules-2\files-2.1\io.github.llamalad7\mixinextras-neoforge\0.4.1\eff97772ecd0dcf8e52cdbafd3b3ccec425f8314\mixinextras-neoforge-0.4.1.jar
[19:13:53] [main/INFO] (JarInJarDependencyLocator) Found 1 dependencies adding them to mods collection
[19:13:53] [main/INFO] (ModDiscoverer) Found library file "net.neoforged.neoforge-coremods-21.1.172.jar" [parent: neoforge-21.1.172-minecraft-merged-e3cafb5836-1.21.1-loom.mappings.1_21_1.layered+hash.223741962-v2-neoforge-21.1.172.jar, locator: jarinjar, reader: mod manifest]
[19:13:53] [main/INFO] (ModDiscoverer) 
     Mod List:
		Name Version (Mod Id)

		Adorable Hamster Pets 2.0.0+neoforge (adorablehamsterpets)
		Architectury 13.0.8 (architectury)
		Fzzy Config 0.7.0+1.21+neoforge (fzzy_config)
		GeckoLib 4 4.7.3 (geckolib)
		generated_14ef14c 1 (generated_14ef14c)
		Jade 15.9.3+neoforge (jade)
		Kotlin For Forge 5.4.0 (kotlinforforge)
		Minecraft 1.21.1 (minecraft)
		NeoForge 21.1.172 (neoforge)
