[14:01:13] [main/INFO] (FabricLoader/GameProvider) Loading Minecraft 1.21.1 with Fabric Loader 0.16.14
[14:01:14] [ForkJoinPool-1-worker-1/WARN] (FabricLoader/Metadata) Mod adorablehamsterpets uses the version ${version} which isn't compatible with Loader's extended semantic version format (Could not parse version number component '${version}'!), SemVer is recommended for reliably evaluating dependencies and prioritizing newer version
[14:01:14] [main/INFO] (FabricLoader) Loading 60 mods:
	- adorablehamsterpets ${version}
	- architectury 13.0.8
	- fabric-api 0.116.2+1.21.1
	- fabric-api-base 0.4.42+6573ed8c19
	- fabric-api-lookup-api-v1 1.6.71+b559734419
	- fabric-biome-api-v1 13.0.31+d527f9fd19
	- fabric-block-api-v1 1.1.0+0bc3503219
	- fabric-block-view-api-v2 1.0.11+ebb2264e19
	- fabric-blockrenderlayer-v1 1.1.52+0af3f5a719
	- fabric-client-tags-api-v1 1.1.15+6573ed8c19
	- fabric-command-api-v1 1.2.49+f71b366f19
	- fabric-command-api-v2 2.2.28+6ced4dd919
	- fabric-commands-v0 0.2.66+df3654b319
	- fabric-content-registries-v0 8.0.19+b559734419
	- fabric-convention-tags-v1 2.1.5+7f945d5b19
	- fabric-convention-tags-v2 2.11.1+a406e79519
	- fabric-crash-report-info-v1 0.2.29+0af3f5a719
	- fabric-data-attachment-api-v1 1.4.5+6116a37819
	- fabric-data-generation-api-v1 20.2.30+16c4ae2519
	- fabric-dimensions-v1 4.0.0+6fc22b9919
	- fabric-entity-events-v1 1.8.0+2b27e0a419
	- fabric-events-interaction-v0 0.7.13+ba9dae0619
	- fabric-game-rule-api-v1 1.0.53+6ced4dd919
	- fabric-gametest-api-v1 2.0.5+6fc22b9919
	- fabric-item-api-v1 11.1.1+d5debaed19
	- fabric-item-group-api-v1 4.1.7+def88e3a19
	- fabric-key-binding-api-v1 1.0.47+0af3f5a719
	- fabric-keybindings-v0 0.2.45+df3654b319
	- fabric-language-kotlin 1.12.1+kotlin.2.0.20
	- fabric-lifecycle-events-v1 2.6.0+0865547519
	- fabric-loot-api-v2 3.0.15+3f89f5a519
	- fabric-loot-api-v3 1.0.3+3f89f5a519
	- fabric-message-api-v1 6.0.14+8aaf3aca19
	- fabric-model-loading-api-v1 2.0.0+fe474d6b19
	- fabric-networking-api-v1 4.3.0+c7469b2119
	- fabric-object-builder-api-v1 15.2.1+40875a9319
	- fabric-particles-v1 4.0.2+6573ed8c19
	- fabric-permissions-api-v0 0.3.1
	- fabric-recipe-api-v1 5.0.14+248df81c19
	- fabric-registry-sync-v0 5.3.0+b7e751e819
	- fabric-renderer-api-v1 3.4.0+c705a49c19
	- fabric-renderer-indigo 1.7.0+c705a49c19
	- fabric-renderer-registries-v1 3.2.68+df3654b319
	- fabric-rendering-data-attachment-v1 0.3.49+73761d2e19
	- fabric-rendering-fluids-v1 3.1.6+1daea21519
	- fabric-rendering-v0 1.1.71+df3654b319
	- fabric-rendering-v1 5.0.5+df16efd019
	- fabric-resource-conditions-api-v1 4.3.0+8dc279b119
	- fabric-resource-loader-v0 1.3.1+5b5275af19
	- fabric-screen-api-v1 2.0.25+8b68f1c719
	- fabric-screen-handler-api-v1 1.3.89+b559734419
	- fabric-sound-api-v1 1.0.23+6573ed8c19
	- fabric-transfer-api-v1 5.4.3+c24bd99419
	- fabric-transitive-access-wideners-v1 6.2.0+45b9699719
	- fabricloader 0.16.14
	- fzzy_config 0.7.0+1.21
	- geckolib 4.7.3
	- java 21
	- minecraft 1.21.1
	- mixinextras 0.4.1
[14:01:14] [main/INFO] (FabricLoader/Mixin) SpongePowered MIXIN Subsystem Version=0.8.7 Source=file:/C:/Users/tweek/.gradle/caches/modules-2/files-2.1/net.fabricmc/sponge-mixin/0.15.5+mixin.0.8.7/22f9eb729e216a091673a574a5906dc1b9027fb3/sponge-mixin-0.15.5+mixin.0.8.7.jar Service=Knot/Fabric Env=CLIENT
[14:01:14] [main/INFO] (FabricLoader/Mixin) Loaded Fabric development mappings for mixin remapper!
[14:01:14] [main/INFO] (FabricLoader/Mixin) Compatibility level set to JAVA_17
[14:01:14] [main/INFO] (FabricLoader/Mixin) Compatibility level set to JAVA_21
[14:01:15] [main/INFO] (FabricLoader/MixinExtras|Service) Initializing MixinExtras via com.llamalad7.mixinextras.service.MixinExtrasServiceImpl(version=0.4.1).
[14:01:16] [Datafixer Bootstrap/INFO] (Minecraft) 226 Datafixer optimizations took 314 milliseconds
[14:01:20] [Render thread/INFO] (Minecraft) Environment: Environment[sessionHost=https://sessionserver.mojang.com, servicesHost=https://api.minecraftservices.com, name=PROD]
[14:01:20] [Render thread/INFO] (Minecraft) Setting user: Player869
[14:01:20] [Render thread/INFO] (fzzy_config) Loaded config fzzy_config:keybinds in 228ms
[14:01:20] [Render thread/INFO] (Indigo) [Indigo] Registering Indigo renderer!
[14:01:21] [Render thread/INFO] (NetworkManagerImpl) Registering S2C receiver with id architectury:spawn_entity_packet
[14:01:21] [Render thread/INFO] (FabricDataGenHelper) Running data generator for adorablehamsterpets
[14:01:21] [Render thread/ERROR] (FabricDataGenHelper) Failed to run data generation
java.lang.RuntimeException: Failed to run data generator from mod (adorablehamsterpets)
	at knot/net.fabricmc.fabric.impl.datagen.FabricDataGenHelper.runInternal(FabricDataGenHelper.java:156) ~[fabric-data-generation-api-v1-20.2.30+16c4ae2519.jar:?]
	at knot/net.fabricmc.fabric.impl.datagen.FabricDataGenHelper.run(FabricDataGenHelper.java:95) [fabric-data-generation-api-v1-20.2.30+16c4ae2519.jar:?]
	at knot/net.minecraft.client.MinecraftClient.handler$bbj000$fabric-data-generation-api-v1$main(MinecraftClient.java:6178) [minecraft-merged-843d447ab7-1.21.1-loom.mappings.1_21_1.layered+hash.223741962-v2.jar:?]
	at knot/net.minecraft.client.MinecraftClient.<init>(MinecraftClient.java:487) [minecraft-merged-843d447ab7-1.21.1-loom.mappings.1_21_1.layered+hash.223741962-v2.jar:?]
	at knot/net.minecraft.client.main.Main.main(Main.java:239) [minecraft-merged-843d447ab7-1.21.1-loom.mappings.1_21_1.layered+hash.223741962-v2.jar:?]
	at net.fabricmc.loader.impl.game.minecraft.MinecraftGameProvider.launch(MinecraftGameProvider.java:480) [fabric-loader-0.16.14.jar:?]
	at net.fabricmc.loader.impl.launch.knot.Knot.launch(Knot.java:74) [fabric-loader-0.16.14.jar:?]
	at net.fabricmc.loader.impl.launch.knot.KnotClient.main(KnotClient.java:23) [fabric-loader-0.16.14.jar:?]
	at net.fabricmc.devlaunchinjector.Main.main(Main.java:86) [dev-launch-injector-0.2.1+build.8.jar:?]
Caused by: java.util.concurrent.CompletionException: java.lang.IllegalStateException: This registry can't create intrusive holders
	at java.base/java.util.concurrent.CompletableFuture.encodeThrowable(CompletableFuture.java:315) ~[?:?]
	at java.base/java.util.concurrent.CompletableFuture.completeThrowable(CompletableFuture.java:320) ~[?:?]
	at java.base/java.util.concurrent.CompletableFuture$AsyncSupply.run(CompletableFuture.java:1770) ~[?:?]
	at java.base/java.util.concurrent.CompletableFuture$AsyncSupply.exec(CompletableFuture.java:1760) ~[?:?]
	at java.base/java.util.concurrent.ForkJoinTask.doExec(ForkJoinTask.java:387) ~[?:?]
	at java.base/java.util.concurrent.ForkJoinPool$WorkQueue.topLevelExec(ForkJoinPool.java:1312) ~[?:?]
	at java.base/java.util.concurrent.ForkJoinPool.scan(ForkJoinPool.java:1843) ~[?:?]
	at java.base/java.util.concurrent.ForkJoinPool.runWorker(ForkJoinPool.java:1808) ~[?:?]
	at java.base/java.util.concurrent.ForkJoinWorkerThread.run(ForkJoinWorkerThread.java:188) ~[?:?]
Caused by: java.lang.IllegalStateException: This registry can't create intrusive holders
	at knot/net.minecraft.registry.SimpleRegistry.createEntry(SimpleRegistry.java:369) ~[minecraft-merged-843d447ab7-1.21.1-loom.mappings.1_21_1.layered+hash.223741962-v2.jar:?]
	at knot/net.minecraft.block.Block.<init>(Block.java:81) ~[minecraft-merged-843d447ab7-1.21.1-loom.mappings.1_21_1.layered+hash.223741962-v2.jar:?]
	at knot/net.minecraft.block.PlantBlock.<init>(PlantBlock.java:15) ~[minecraft-merged-843d447ab7-1.21.1-loom.mappings.1_21_1.layered+hash.223741962-v2.jar:?]
	at knot/net.minecraft.block.CropBlock.<init>(CropBlock.java:47) ~[minecraft-merged-843d447ab7-1.21.1-loom.mappings.1_21_1.layered+hash.223741962-v2.jar:?]
	at knot/net.dawson.adorablehamsterpets.block.custom.GreenBeansCropBlock.<init>(GreenBeansCropBlock.java:19) ~[main/:?]
	at knot/net.dawson.adorablehamsterpets.block.ModBlocks.lambda$static$0(ModBlocks.java:22) ~[main/:?]
	at knot/dev.architectury.registry.registries.fabric.RegistrarManagerImpl$RegistrarImpl.register(RegistrarManagerImpl.java:232) ~[architectury-fabric-13.0.8.jar:?]
	at knot/dev.architectury.registry.registries.DeferredRegister.register(DeferredRegister.java:78) ~[architectury-fabric-13.0.8.jar:?]
	at knot/net.dawson.adorablehamsterpets.block.ModBlocks.register(ModBlocks.java:51) ~[main/:?]
	at knot/net.dawson.adorablehamsterpets.datagen.AdorableHamsterPetsDataGenerator.buildRegistry(AdorableHamsterPetsDataGenerator.java:35) ~[main/:?]
	at knot/net.fabricmc.fabric.impl.datagen.FabricDataGenHelper.createRegistryWrapper(FabricDataGenHelper.java:168) ~[fabric-data-generation-api-v1-20.2.30+16c4ae2519.jar:?]
	at knot/net.fabricmc.fabric.impl.datagen.FabricDataGenHelper.lambda$runInternal$0(FabricDataGenHelper.java:117) ~[fabric-data-generation-api-v1-20.2.30+16c4ae2519.jar:?]
	at java.base/java.util.concurrent.CompletableFuture$AsyncSupply.run(CompletableFuture.java:1768) ~[?:?]
	at java.base/java.util.concurrent.CompletableFuture$AsyncSupply.exec(CompletableFuture.java:1760) ~[?:?]
	at java.base/java.util.concurrent.ForkJoinTask.doExec(ForkJoinTask.java:387) ~[?:?]
	at java.base/java.util.concurrent.ForkJoinPool$WorkQueue.topLevelExec(ForkJoinPool.java:1312) ~[?:?]
	at java.base/java.util.concurrent.ForkJoinPool.scan(ForkJoinPool.java:1843) ~[?:?]
	at java.base/java.util.concurrent.ForkJoinPool.runWorker(ForkJoinPool.java:1808) ~[?:?]
	at java.base/java.util.concurrent.ForkJoinWorkerThread.run(ForkJoinWorkerThread.java:188) ~[?:?]
