[Architectury Transformer DEBUG] 
[Architectury Transformer DEBUG] ============================
[Architectury Transformer DEBUG] Transforming from C:\mods\Data\Repositories\AdorableHamsterPets\common\build\devlibs\adorablehamsterpets-2.0.2-1.20.1+common-dev.jar to C:\mods\Data\Repositories\AdorableHamsterPets\common\build\libs\adorablehamsterpets-2.0.2-1.20.1+common-transformProductionFabric.jar
[Architectury Transformer DEBUG] ============================
[Architectury Transformer DEBUG] 
[Architectury Transformer DEBUG] Transforming 5 transformer(s) from C:\mods\Data\Repositories\AdorableHamsterPets\common\build\devlibs\adorablehamsterpets-2.0.2-1.20.1+common-dev.jar to C:\mods\Data\Repositories\AdorableHamsterPets\common\build\libs\adorablehamsterpets-2.0.2-1.20.1+common-transformProductionFabric.jar: 
[Architectury Transformer DEBUG]  - dev.architectury.transformer.transformers.RemapMixinVariables@4881cd36
[Architectury Transformer DEBUG]  - dev.architectury.transformer.transformers.TransformExpectPlatform@795ec6f2
[Architectury Transformer DEBUG]  - dev.architectury.transformer.transformers.RemapInjectables@1e28112c
[Architectury Transformer DEBUG]  - AddRefmapName(enabled=() -> kotlin.Boolean)
[Architectury Transformer DEBUG]  - dev.architectury.transformer.transformers.TransformPlatformOnly@7bb1f9f6
[Architectury Transformer DEBUG] Transforming from C:\mods\Data\Repositories\AdorableHamsterPets\common\build\devlibs\adorablehamsterpets-2.0.2-1.20.1+common-dev.jar to C:\mods\Data\Repositories\AdorableHamsterPets\common\build\libs\adorablehamsterpets-2.0.2-1.20.1+common-transformProductionFabric.jar with 5 transformer(s) on dev.architectury.transformer.handler.SimpleTransformerHandler
[Architectury Transformer DEBUG] Reading mixin mappings file: C:\mods\Data\Repositories\AdorableHamsterPets\common\build\loom-cache\mixin-map-loom.mappings.1_20_1.layered+hash.52405625-v2.main.tiny
[Architectury Transformer DEBUG] Remapping with 1 mapping provider(s):
[Architectury Transformer DEBUG]  - dev.architectury.transformer.shadowed.impl.dev.architectury.tinyremapper.TinyUtils$$Lambda/0x000001893f0bf4e8@2cc32164
[Architectury Transformer DEBUG] Provided 61 classpath jar(s):
[Architectury Transformer DEBUG]  - C:\Users\tweek\.gradle\caches\modules-2\files-2.1\dev.architectury\architectury-injectables\1.0.10\62db2a366d662606d1b23ad02ccc3212ed37ec3\architectury-injectables-1.0.10.jar
[Architectury Transformer DEBUG]  - C:\Users\tweek\.gradle\caches\modules-2\files-2.1\net.fabricmc\fabric-loader\0.16.14\5778d47f536bf2c63ed2abc1a56f5a1c129e34a\fabric-loader-0.16.14.jar
[Architectury Transformer DEBUG]  - C:\Users\tweek\.gradle\caches\modules-2\files-2.1\org.jetbrains\annotations\25.0.0\c1e6b966db352094ac3bf7f88f3bdef332fe43f0\annotations-25.0.0.jar
[Architectury Transformer DEBUG]  - C:\Users\tweek\.gradle\caches\modules-2\files-2.1\org.ow2.asm\asm\9.6\aa205cf0a06dbd8e04ece91c0b37c3f5d567546a\asm-9.6.jar
[Architectury Transformer DEBUG]  - C:\Users\tweek\.gradle\caches\modules-2\files-2.1\org.ow2.asm\asm-analysis\9.6\9ce6c7b174bd997fc2552dff47964546bd7a5ec3\asm-analysis-9.6.jar
[Architectury Transformer DEBUG]  - C:\Users\tweek\.gradle\caches\modules-2\files-2.1\org.ow2.asm\asm-commons\9.6\f1a9e5508eff490744144565c47326c8648be309\asm-commons-9.6.jar
[Architectury Transformer DEBUG]  - C:\Users\tweek\.gradle\caches\modules-2\files-2.1\org.ow2.asm\asm-tree\9.6\c0cdda9d211e965d2a4448aa3fd86110f2f8c2de\asm-tree-9.6.jar
[Architectury Transformer DEBUG]  - C:\Users\tweek\.gradle\caches\modules-2\files-2.1\org.ow2.asm\asm-util\9.6\f77caf84eb93786a749b2baa40865b9613e3eaee\asm-util-9.6.jar
[Architectury Transformer DEBUG]  - C:\Users\tweek\.gradle\caches\modules-2\files-2.1\net.fabricmc\sponge-mixin\0.13.3+mixin.0.8.5\9527e6b0d2449408958fd1302594dc65ec5ade9c\sponge-mixin-0.13.3+mixin.0.8.5.jar
[Architectury Transformer DEBUG]  - C:\Users\tweek\.gradle\caches\modules-2\files-2.1\io.github.llamalad7\mixinextras-fabric\0.3.5\3b577be20ea942610b3045e4f0cd909fa415a9d3\mixinextras-fabric-0.3.5.jar
[Architectury Transformer DEBUG]  - C:\Users\tweek\.gradle\caches\modules-2\files-2.1\com.github.oshi\oshi-core\6.2.2\54f5efc19bca95d709d9a37d19ffcbba3d21c1a6\oshi-core-6.2.2.jar
[Architectury Transformer DEBUG]  - C:\Users\tweek\.gradle\caches\modules-2\files-2.1\com.google.code.gson\gson\2.10\dd9b193aef96e973d5a11ab13cd17430c2e4306b\gson-2.10.jar
[Architectury Transformer DEBUG]  - C:\Users\tweek\.gradle\caches\modules-2\files-2.1\com.google.guava\failureaccess\1.0.1\1dcf1de382a0bf95a3d8b0849546c88bac1292c9\failureaccess-1.0.1.jar
[Architectury Transformer DEBUG]  - C:\Users\tweek\.gradle\caches\modules-2\files-2.1\com.google.guava\guava\31.1-jre\60458f877d055d0c9114d9e1a2efb737b4bc282c\guava-31.1-jre.jar
[Architectury Transformer DEBUG]  - C:\Users\tweek\.gradle\caches\modules-2\files-2.1\com.ibm.icu\icu4j\71.1\9e7d3304c23f9ba5cb71915f7cce23231a57a445\icu4j-71.1.jar
[Architectury Transformer DEBUG]  - C:\Users\tweek\.gradle\caches\modules-2\files-2.1\com.mojang\authlib\4.0.43\2ff9d747a77570a07a60d32ac77eb6162ad2a2d9\authlib-4.0.43.jar
[Architectury Transformer DEBUG]  - C:\Users\tweek\.gradle\caches\modules-2\files-2.1\com.mojang\blocklist\1.0.10\5c685c5ffa94c4cd39496c7184c1d122e515ecef\blocklist-1.0.10.jar
[Architectury Transformer DEBUG]  - C:\Users\tweek\.gradle\caches\modules-2\files-2.1\com.mojang\brigadier\1.1.8\5244ce82c3337bba4a196a3ce858bfaecc74404a\brigadier-1.1.8.jar
[Architectury Transformer DEBUG]  - C:\Users\tweek\.gradle\caches\modules-2\files-2.1\com.mojang\datafixerupper\6.0.8\3ba4a30557a9b057760af4011f909ba619fc5125\datafixerupper-6.0.8.jar
[Architectury Transformer DEBUG]  - C:\Users\tweek\.gradle\caches\modules-2\files-2.1\com.mojang\logging\1.1.1\832b8e6674a9b325a5175a3a6267dfaf34c85139\logging-1.1.1.jar
[Architectury Transformer DEBUG]  - C:\Users\tweek\.gradle\caches\modules-2\files-2.1\com.mojang\patchy\2.2.10\da05971b07cbb379d002cf7eaec6a2048211fefc\patchy-2.2.10.jar
[Architectury Transformer DEBUG]  - C:\Users\tweek\.gradle\caches\modules-2\files-2.1\com.mojang\text2speech\1.17.9\3cad216e3a7f0c19b4b394388bc9ffc446f13b14\text2speech-1.17.9.jar
[Architectury Transformer DEBUG]  - C:\Users\tweek\.gradle\caches\modules-2\files-2.1\commons-codec\commons-codec\1.15\49d94806b6e3dc933dacbd8acb0fdbab8ebd1e5d\commons-codec-1.15.jar
[Architectury Transformer DEBUG]  - C:\Users\tweek\.gradle\caches\modules-2\files-2.1\commons-io\commons-io\2.11.0\a2503f302b11ebde7ebc3df41daebe0e4eea3689\commons-io-2.11.0.jar
[Architectury Transformer DEBUG]  - C:\Users\tweek\.gradle\caches\modules-2\files-2.1\commons-logging\commons-logging\1.2\4bfc12adfe4842bf07b657f0369c4cb522955686\commons-logging-1.2.jar
[Architectury Transformer DEBUG]  - C:\Users\tweek\.gradle\caches\modules-2\files-2.1\io.netty\netty-buffer\4.1.82.Final\a544270cf1ae8b8077082f5036436a9a9971ea71\netty-buffer-4.1.82.Final.jar
[Architectury Transformer DEBUG]  - C:\Users\tweek\.gradle\caches\modules-2\files-2.1\io.netty\netty-codec\4.1.82.Final\b77200379acb345a9ffdece1c605e591ac3e4e0a\netty-codec-4.1.82.Final.jar
[Architectury Transformer DEBUG]  - C:\Users\tweek\.gradle\caches\modules-2\files-2.1\io.netty\netty-common\4.1.82.Final\22d148e85c3f5ebdacc0ce1f5aabb1d420f73f3\netty-common-4.1.82.Final.jar
[Architectury Transformer DEBUG]  - C:\Users\tweek\.gradle\caches\modules-2\files-2.1\io.netty\netty-handler\4.1.82.Final\644041d1fa96a5d3130a29e8978630d716d76e38\netty-handler-4.1.82.Final.jar
[Architectury Transformer DEBUG]  - C:\Users\tweek\.gradle\caches\modules-2\files-2.1\io.netty\netty-resolver\4.1.82.Final\38f665ae8dcd29032eea31245ba7806bed2e0fa8\netty-resolver-4.1.82.Final.jar
[Architectury Transformer DEBUG]  - C:\Users\tweek\.gradle\caches\modules-2\files-2.1\io.netty\netty-transport-classes-epoll\4.1.82.Final\e7c7dd18deac93105797f30057c912651ea76521\netty-transport-classes-epoll-4.1.82.Final.jar
[Architectury Transformer DEBUG]  - C:\Users\tweek\.gradle\caches\modules-2\files-2.1\io.netty\netty-transport-native-unix-common\4.1.82.Final\3e895b35ca1b8a0eca56cacff4c2dde5d2c6abce\netty-transport-native-unix-common-4.1.82.Final.jar
[Architectury Transformer DEBUG]  - C:\Users\tweek\.gradle\caches\modules-2\files-2.1\io.netty\netty-transport\4.1.82.Final\e431a218d91acb6476ccad5f5aafde50aa3945ca\netty-transport-4.1.82.Final.jar
[Architectury Transformer DEBUG]  - C:\Users\tweek\.gradle\caches\modules-2\files-2.1\it.unimi.dsi\fastutil\8.5.9\bb7ea75ecdb216654237830b3a96d87ad91f8cc5\fastutil-8.5.9.jar
[Architectury Transformer DEBUG]  - C:\Users\tweek\.gradle\caches\modules-2\files-2.1\net.java.dev.jna\jna-platform\5.12.1\97406a297c852f4a41e688a176ec675f72e8329\jna-platform-5.12.1.jar
[Architectury Transformer DEBUG]  - C:\Users\tweek\.gradle\caches\modules-2\files-2.1\net.java.dev.jna\jna\5.12.1\b1e93a735caea94f503e95e6fe79bf9cdc1e985d\jna-5.12.1.jar
[Architectury Transformer DEBUG]  - C:\Users\tweek\.gradle\caches\modules-2\files-2.1\net.sf.jopt-simple\jopt-simple\5.0.4\4fdac2fbe92dfad86aa6e9301736f6b4342a3f5c\jopt-simple-5.0.4.jar
[Architectury Transformer DEBUG]  - C:\Users\tweek\.gradle\caches\modules-2\files-2.1\org.apache.commons\commons-compress\1.21\4ec95b60d4e86b5c95a0e919cb172a0af98011ef\commons-compress-1.21.jar
[Architectury Transformer DEBUG]  - C:\Users\tweek\.gradle\caches\modules-2\files-2.1\org.apache.commons\commons-lang3\3.12.0\c6842c86792ff03b9f1d1fe2aab8dc23aa6c6f0e\commons-lang3-3.12.0.jar
[Architectury Transformer DEBUG]  - C:\Users\tweek\.gradle\caches\modules-2\files-2.1\org.apache.httpcomponents\httpclient\4.5.13\e5f6cae5ca7ecaac1ec2827a9e2d65ae2869cada\httpclient-4.5.13.jar
[Architectury Transformer DEBUG]  - C:\Users\tweek\.gradle\caches\modules-2\files-2.1\org.apache.httpcomponents\httpcore\4.4.15\7f2e0c573eaa7a74bac2e89b359e1f73d92a0a1d\httpcore-4.4.15.jar
[Architectury Transformer DEBUG]  - C:\Users\tweek\.gradle\caches\modules-2\files-2.1\org.apache.logging.log4j\log4j-api\2.19.0\ea1b37f38c327596b216542bc636cfdc0b8036fa\log4j-api-2.19.0.jar
[Architectury Transformer DEBUG]  - C:\Users\tweek\.gradle\caches\modules-2\files-2.1\org.apache.logging.log4j\log4j-core\2.19.0\3b6eeb4de4c49c0fe38a4ee27188ff5fee44d0bb\log4j-core-2.19.0.jar
[Architectury Transformer DEBUG]  - C:\Users\tweek\.gradle\caches\modules-2\files-2.1\org.apache.logging.log4j\log4j-slf4j2-impl\2.19.0\5c04bfdd63ce9dceb2e284b81e96b6a70010ee10\log4j-slf4j2-impl-2.19.0.jar
[Architectury Transformer DEBUG]  - C:\Users\tweek\.gradle\caches\modules-2\files-2.1\org.joml\joml\1.10.5\22566d58af70ad3d72308bab63b8339906deb649\joml-1.10.5.jar
[Architectury Transformer DEBUG]  - C:\Users\tweek\.gradle\caches\modules-2\files-2.1\org.lwjgl\lwjgl-glfw\3.3.1\cbac1b8d30cb4795149c1ef540f912671a8616d0\lwjgl-glfw-3.3.1.jar
[Architectury Transformer DEBUG]  - C:\Users\tweek\.gradle\caches\modules-2\files-2.1\org.lwjgl\lwjgl-jemalloc\3.3.1\a817bcf213db49f710603677457567c37d53e103\lwjgl-jemalloc-3.3.1.jar
[Architectury Transformer DEBUG]  - C:\Users\tweek\.gradle\caches\modules-2\files-2.1\org.lwjgl\lwjgl-openal\3.3.1\2623a6b8ae1dfcd880738656a9f0243d2e6840bd\lwjgl-openal-3.3.1.jar
[Architectury Transformer DEBUG]  - C:\Users\tweek\.gradle\caches\modules-2\files-2.1\org.lwjgl\lwjgl-opengl\3.3.1\831a5533a21a5f4f81bbc51bb13e9899319b5411\lwjgl-opengl-3.3.1.jar
[Architectury Transformer DEBUG]  - C:\Users\tweek\.gradle\caches\modules-2\files-2.1\org.lwjgl\lwjgl-stb\3.3.1\b119297cf8ed01f247abe8685857f8e7fcf5980f\lwjgl-stb-3.3.1.jar
[Architectury Transformer DEBUG]  - C:\Users\tweek\.gradle\caches\modules-2\files-2.1\org.lwjgl\lwjgl-tinyfd\3.3.1\ff1914111ef2e3e0110ef2dabc8d8cdaad82347\lwjgl-tinyfd-3.3.1.jar
[Architectury Transformer DEBUG]  - C:\Users\tweek\.gradle\caches\modules-2\files-2.1\org.lwjgl\lwjgl\3.3.1\ae58664f88e18a9bb2c77b063833ca7aaec484cb\lwjgl-3.3.1.jar
[Architectury Transformer DEBUG]  - C:\Users\tweek\.gradle\caches\modules-2\files-2.1\org.slf4j\slf4j-api\2.0.1\f48d81adce2abf5ad3cfe463df517952749e03bc\slf4j-api-2.0.1.jar
[Architectury Transformer DEBUG]  - C:\mods\Data\Repositories\AdorableHamsterPets\.gradle\loom-cache\minecraftMaven\net\minecraft\minecraft-merged-c9b3181daf\1.20.1-loom.mappings.1_20_1.layered+hash.52405625-v2\minecraft-merged-c9b3181daf-1.20.1-loom.mappings.1_20_1.layered+hash.52405625-v2.jar
[Architectury Transformer DEBUG]  - C:\Users\tweek\.gradle\caches\modules-2\files-2.1\io.netty\netty-transport-native-epoll\4.1.82.Final\c7350a71920f3ae9142945e25fed4846cce53374\netty-transport-native-epoll-4.1.82.Final-linux-x86_64.jar
[Architectury Transformer DEBUG]  - C:\Users\tweek\.gradle\caches\modules-2\files-2.1\io.netty\netty-transport-native-epoll\4.1.82.Final\476409d6255001ca53a55f65b01c13822f8dc93a\netty-transport-native-epoll-4.1.82.Final-linux-aarch_64.jar
[Architectury Transformer DEBUG]  - C:\Users\tweek\.gradle\caches\modules-2\files-2.1\org.jetbrains.kotlin\kotlin-stdlib\2.0.20\7388d355f7cceb002cd387ccb7ab3850e4e0a07f\kotlin-stdlib-2.0.20.jar
[Architectury Transformer DEBUG]  - C:\mods\Data\Repositories\AdorableHamsterPets\.gradle\loom-cache\remapped_mods\loom_mappings_1_20_1_layered_hash_52405625_v2\dev\architectury\architectury\9.2.14\architectury-9.2.14.jar
[Architectury Transformer DEBUG]  - C:\mods\Data\Repositories\AdorableHamsterPets\.gradle\loom-cache\remapped_mods\loom_mappings_1_20_1_layered_hash_52405625_v2\software\bernie\geckolib\geckolib-fabric-1.20.1\4.4.9\geckolib-fabric-1.20.1-4.4.9.jar
[Architectury Transformer DEBUG]  - C:\mods\Data\Repositories\AdorableHamsterPets\.gradle\loom-cache\remapped_mods\loom_mappings_1_20_1_layered_hash_52405625_v2\me\fzzyhmstrs\fzzy_config\0.7.0+1.20.1\fzzy_config-0.7.0+1.20.1.jar
[Architectury Transformer DEBUG]  - C:\mods\Data\Repositories\AdorableHamsterPets\.gradle\loom-cache\remapped_mods\loom_mappings_1_20_1_layered_hash_52405625_v2\curse\maven\jade-324717\6106093\jade-324717-6106093.jar
[Architectury Transformer] Read classpath in 907.5 ms
[Architectury Transformer DEBUG] Remapping Classes:
[Architectury Transformer DEBUG] Found class transformer
[Architectury Transformer DEBUG] Writing net/dawson/adorablehamsterpets/AdorableHamsterPets with maxs=true frames=true
[Architectury Transformer DEBUG] Writing net/dawson/adorablehamsterpets/AdorableHamsterPetsClient with maxs=true frames=true
[Architectury Transformer DEBUG] Writing net/dawson/adorablehamsterpets/ModRegistries with maxs=true frames=true
[Architectury Transformer DEBUG] Writing net/dawson/adorablehamsterpets/world/ModSpawnPlacements with maxs=true frames=true
[Architectury Transformer DEBUG] Writing net/dawson/adorablehamsterpets/world/ModWorldGeneration with maxs=true frames=true
[Architectury Transformer DEBUG] Writing net/dawson/adorablehamsterpets/world/gen/ModEntitySpawns with maxs=true frames=true
[Architectury Transformer DEBUG] Writing net/dawson/adorablehamsterpets/world/gen/feature/ModPlacedFeatures with maxs=true frames=true
[Architectury Transformer DEBUG] Writing net/dawson/adorablehamsterpets/world/gen/feature/ModConfiguredFeatures with maxs=true frames=true
[Architectury Transformer DEBUG] Writing net/dawson/adorablehamsterpets/util/HamsterRenderTracker with maxs=true frames=true
[Architectury Transformer DEBUG] Writing net/dawson/adorablehamsterpets/tag/ModItemTags with maxs=true frames=true
[Architectury Transformer DEBUG] Writing net/dawson/adorablehamsterpets/sound/ModSounds with maxs=true frames=true
[Architectury Transformer DEBUG] Writing net/dawson/adorablehamsterpets/screen/HamsterInventoryScreenHandler with maxs=true frames=true
[Architectury Transformer DEBUG] Writing net/dawson/adorablehamsterpets/screen/ModScreenHandlers with maxs=true frames=true
[Architectury Transformer DEBUG] Writing net/dawson/adorablehamsterpets/screen/HamsterInventoryScreen with maxs=true frames=true
[Architectury Transformer DEBUG] Writing net/dawson/adorablehamsterpets/screen/HamsterInventoryScreenHandler$1 with maxs=true frames=true
[Architectury Transformer DEBUG] Writing net/dawson/adorablehamsterpets/screen/slot/HamsterSlot with maxs=true frames=true
[Architectury Transformer DEBUG] Writing net/dawson/adorablehamsterpets/networking/ModPackets with maxs=true frames=true
[Architectury Transformer DEBUG] Writing net/dawson/adorablehamsterpets/mixin/server/PlayerEntityMixin with maxs=true frames=true
[Architectury Transformer DEBUG] Writing net/dawson/adorablehamsterpets/mixin/server/CreeperEntityMixin with maxs=true frames=true
[Architectury Transformer DEBUG] Writing net/dawson/adorablehamsterpets/mixin/client/LivingEntityRendererInvoker with maxs=true frames=true
[Architectury Transformer DEBUG] Writing net/dawson/adorablehamsterpets/mixin/client/PlayerEntityRendererMixin with maxs=true frames=true
[Architectury Transformer DEBUG] Writing net/dawson/adorablehamsterpets/mixin/accessor/MeleeAttackGoalAccessor with maxs=true frames=true
[Architectury Transformer DEBUG] Writing net/dawson/adorablehamsterpets/item/ModItems with maxs=true frames=true
[Architectury Transformer DEBUG] Writing net/dawson/adorablehamsterpets/item/ModItemGroups with maxs=true frames=true
[Architectury Transformer DEBUG] Writing net/dawson/adorablehamsterpets/item/ModItems$9 with maxs=true frames=true
[Architectury Transformer DEBUG] Writing net/dawson/adorablehamsterpets/item/ModItems$10 with maxs=true frames=true
[Architectury Transformer DEBUG] Writing net/dawson/adorablehamsterpets/item/ModItems$12 with maxs=true frames=true
[Architectury Transformer DEBUG] Writing net/dawson/adorablehamsterpets/item/ModItems$11 with maxs=true frames=true
[Architectury Transformer DEBUG] Writing net/dawson/adorablehamsterpets/item/ModItems$2 with maxs=true frames=true
[Architectury Transformer DEBUG] Writing net/dawson/adorablehamsterpets/item/ModItems$1 with maxs=true frames=true
[Architectury Transformer DEBUG] Writing net/dawson/adorablehamsterpets/item/ModItems$3 with maxs=true frames=true
[Architectury Transformer DEBUG] Writing net/dawson/adorablehamsterpets/item/ModItems$6 with maxs=true frames=true
[Architectury Transformer DEBUG] Writing net/dawson/adorablehamsterpets/item/ModItems$8 with maxs=true frames=true
[Architectury Transformer DEBUG] Writing net/dawson/adorablehamsterpets/item/ModItems$4 with maxs=true frames=true
[Architectury Transformer DEBUG] Writing net/dawson/adorablehamsterpets/item/ModItems$7 with maxs=true frames=true
[Architectury Transformer DEBUG] Writing net/dawson/adorablehamsterpets/item/ModItems$5 with maxs=true frames=true
[Architectury Transformer DEBUG] Writing net/dawson/adorablehamsterpets/item/ModFoodComponents with maxs=true frames=true
[Architectury Transformer DEBUG] Writing net/dawson/adorablehamsterpets/item/custom/HamsterGuideBook with maxs=true frames=true
[Architectury Transformer DEBUG] Writing net/dawson/adorablehamsterpets/integration/jade/HamsterDebugComponentProvider with maxs=true frames=true
[Architectury Transformer DEBUG] Writing net/dawson/adorablehamsterpets/integration/jade/WildBushComponentProvider with maxs=true frames=true
[Architectury Transformer DEBUG] Writing net/dawson/adorablehamsterpets/integration/jade/AHPJadePlugin with maxs=true frames=true
[Architectury Transformer DEBUG] Writing net/dawson/adorablehamsterpets/entity/ImplementedInventory with maxs=true frames=true
[Architectury Transformer DEBUG] Writing net/dawson/adorablehamsterpets/entity/ModEntities with maxs=true frames=true
[Architectury Transformer DEBUG] Writing net/dawson/adorablehamsterpets/entity/custom/HamsterEntity with maxs=true frames=true
[Architectury Transformer DEBUG] Writing net/dawson/adorablehamsterpets/entity/custom/HamsterVariant with maxs=true frames=true
[Architectury Transformer DEBUG] Writing net/dawson/adorablehamsterpets/entity/custom/HamsterEntity$DozingPhase with maxs=true frames=true
[Architectury Transformer DEBUG] Writing net/dawson/adorablehamsterpets/entity/custom/HamsterVariant$BaseOverlayPair with maxs=true frames=true
[Architectury Transformer DEBUG] Writing net/dawson/adorablehamsterpets/entity/custom/HamsterEntity$1 with maxs=true frames=true
[Architectury Transformer DEBUG] Writing net/dawson/adorablehamsterpets/entity/client/HamsterRenderer with maxs=true frames=true
[Architectury Transformer DEBUG] Writing net/dawson/adorablehamsterpets/entity/client/ModModelLayers with maxs=true frames=true
[Architectury Transformer DEBUG] Writing net/dawson/adorablehamsterpets/entity/client/HamsterModel with maxs=true frames=true
[Architectury Transformer DEBUG] Writing net/dawson/adorablehamsterpets/entity/client/model/HamsterShoulderModel with maxs=true frames=true
[Architectury Transformer DEBUG] Writing net/dawson/adorablehamsterpets/entity/client/layer/HamsterPinkPetalOverlayLayer with maxs=true frames=true
[Architectury Transformer DEBUG] Writing net/dawson/adorablehamsterpets/entity/client/layer/HamsterOverlayLayer with maxs=true frames=true
[Architectury Transformer DEBUG] Writing net/dawson/adorablehamsterpets/entity/client/feature/HamsterShoulderFeatureRenderer with maxs=true frames=true
[Architectury Transformer DEBUG] Writing net/dawson/adorablehamsterpets/entity/AI/HamsterSeekDiamondGoal with maxs=true frames=true
[Architectury Transformer DEBUG] Writing net/dawson/adorablehamsterpets/entity/AI/HamsterMateGoal with maxs=true frames=true
[Architectury Transformer DEBUG] Writing net/dawson/adorablehamsterpets/entity/AI/HamsterLookAtEntityGoal with maxs=true frames=true
[Architectury Transformer DEBUG] Writing net/dawson/adorablehamsterpets/entity/AI/HamsterSleepGoal with maxs=true frames=true
[Architectury Transformer DEBUG] Writing net/dawson/adorablehamsterpets/entity/AI/HamsterSeekDiamondGoal$SeekingState with maxs=true frames=true
[Architectury Transformer DEBUG] Writing net/dawson/adorablehamsterpets/entity/AI/HamsterSitGoal with maxs=true frames=true
[Architectury Transformer DEBUG] Writing net/dawson/adorablehamsterpets/entity/AI/HamsterFollowOwnerGoal with maxs=true frames=true
[Architectury Transformer DEBUG] Writing net/dawson/adorablehamsterpets/entity/AI/HamsterWanderAroundFarGoal with maxs=true frames=true
[Architectury Transformer DEBUG] Writing net/dawson/adorablehamsterpets/entity/AI/HamsterMeleeAttackGoal with maxs=true frames=true
[Architectury Transformer DEBUG] Writing net/dawson/adorablehamsterpets/entity/AI/HamsterTemptGoal with maxs=true frames=true
[Architectury Transformer DEBUG] Writing net/dawson/adorablehamsterpets/entity/AI/HamsterFleeGoal with maxs=true frames=true
[Architectury Transformer DEBUG] Writing net/dawson/adorablehamsterpets/entity/AI/HamsterLookAroundGoal with maxs=true frames=true
[Architectury Transformer DEBUG] Writing net/dawson/adorablehamsterpets/config/Configs with maxs=true frames=true
[Architectury Transformer DEBUG] Writing net/dawson/adorablehamsterpets/config/AhpConfig with maxs=true frames=true
[Architectury Transformer DEBUG] Writing net/dawson/adorablehamsterpets/component/HamsterShoulderData with maxs=true frames=true
[Architectury Transformer DEBUG] Writing net/dawson/adorablehamsterpets/component/HamsterShoulderData$SeekingBehaviorData with maxs=true frames=true
[Architectury Transformer DEBUG] Writing net/dawson/adorablehamsterpets/command/ModCommands with maxs=true frames=true
[Architectury Transformer DEBUG] Writing net/dawson/adorablehamsterpets/client/sound/HamsterFlightSoundInstance with maxs=true frames=true
[Architectury Transformer DEBUG] Writing net/dawson/adorablehamsterpets/client/sound/HamsterThrowSoundInstance with maxs=true frames=true
[Architectury Transformer DEBUG] Writing net/dawson/adorablehamsterpets/client/sound/HamsterCleaningSoundInstance with maxs=true frames=true
[Architectury Transformer DEBUG] Writing net/dawson/adorablehamsterpets/client/option/ModKeyBindings with maxs=true frames=true
[Architectury Transformer DEBUG] Writing net/dawson/adorablehamsterpets/block/ModBlocks with maxs=true frames=true
[Architectury Transformer DEBUG] Writing net/dawson/adorablehamsterpets/block/custom/SunflowerBlock with maxs=true frames=true
[Architectury Transformer DEBUG] Writing net/dawson/adorablehamsterpets/block/custom/WildGreenBeanBushBlock with maxs=true frames=true
[Architectury Transformer DEBUG] Writing net/dawson/adorablehamsterpets/block/custom/GreenBeansCropBlock with maxs=true frames=true
[Architectury Transformer DEBUG] Writing net/dawson/adorablehamsterpets/block/custom/CucumberCropBlock with maxs=true frames=true
[Architectury Transformer DEBUG] Writing net/dawson/adorablehamsterpets/block/custom/WildCucumberBushBlock with maxs=true frames=true
[Architectury Transformer DEBUG] Writing net/dawson/adorablehamsterpets/advancement/criterion/HamsterLedToDiamondCriterion with maxs=true frames=true
[Architectury Transformer DEBUG] Writing net/dawson/adorablehamsterpets/advancement/criterion/FirstJoinCriterion with maxs=true frames=true
[Architectury Transformer DEBUG] Writing net/dawson/adorablehamsterpets/advancement/criterion/HamsterLedToDiamondCriterion$Conditions with maxs=true frames=true
[Architectury Transformer DEBUG] Writing net/dawson/adorablehamsterpets/advancement/criterion/FedHamsterSteamedBeansCriterion$Conditions with maxs=true frames=true
[Architectury Transformer DEBUG] Writing net/dawson/adorablehamsterpets/advancement/criterion/HamsterOnShoulderCriterion$Conditions with maxs=true frames=true
[Architectury Transformer DEBUG] Writing net/dawson/adorablehamsterpets/advancement/criterion/HamsterAutoFedCriterion with maxs=true frames=true
[Architectury Transformer DEBUG] Writing net/dawson/adorablehamsterpets/advancement/criterion/FirstJoinCriterion$Conditions with maxs=true frames=true
[Architectury Transformer DEBUG] Writing net/dawson/adorablehamsterpets/advancement/criterion/HamsterPouchFilledCriterion with maxs=true frames=true
[Architectury Transformer DEBUG] Writing net/dawson/adorablehamsterpets/advancement/criterion/CheekPouchUnlockedCriterion$Conditions with maxs=true frames=true
[Architectury Transformer DEBUG] Writing net/dawson/adorablehamsterpets/advancement/criterion/HamsterCreeperAlertCriterion$Conditions with maxs=true frames=true
[Architectury Transformer DEBUG] Writing net/dawson/adorablehamsterpets/advancement/criterion/HamsterFoundGoldCriterion with maxs=true frames=true
[Architectury Transformer DEBUG] Writing net/dawson/adorablehamsterpets/advancement/criterion/AppliedPinkPetalCriterion with maxs=true frames=true
[Architectury Transformer DEBUG] Writing net/dawson/adorablehamsterpets/advancement/criterion/FedHamsterSteamedBeansCriterion with maxs=true frames=true
[Architectury Transformer DEBUG] Writing net/dawson/adorablehamsterpets/advancement/criterion/HamsterPouchFilledCriterion$Conditions with maxs=true frames=true
[Architectury Transformer DEBUG] Writing net/dawson/adorablehamsterpets/advancement/criterion/ModCriteria with maxs=true frames=true
[Architectury Transformer DEBUG] Writing net/dawson/adorablehamsterpets/advancement/criterion/HamsterFoundGoldCriterion$Conditions with maxs=true frames=true
[Architectury Transformer DEBUG] Writing net/dawson/adorablehamsterpets/advancement/criterion/HamsterDiamondAlertCriterion with maxs=true frames=true
[Architectury Transformer DEBUG] Writing net/dawson/adorablehamsterpets/advancement/criterion/HamsterThrownCriterion with maxs=true frames=true
[Architectury Transformer DEBUG] Writing net/dawson/adorablehamsterpets/advancement/criterion/HamsterOnShoulderCriterion with maxs=true frames=true
[Architectury Transformer DEBUG] Writing net/dawson/adorablehamsterpets/advancement/criterion/HamsterDiamondAlertCriterion$Conditions with maxs=true frames=true
[Architectury Transformer DEBUG] Writing net/dawson/adorablehamsterpets/advancement/criterion/CheekPouchUnlockedCriterion with maxs=true frames=true
[Architectury Transformer DEBUG] Writing net/dawson/adorablehamsterpets/advancement/criterion/AppliedPinkPetalCriterion$Conditions with maxs=true frames=true
[Architectury Transformer DEBUG] Writing net/dawson/adorablehamsterpets/advancement/criterion/HamsterCreeperAlertCriterion with maxs=true frames=true
[Architectury Transformer DEBUG] Writing net/dawson/adorablehamsterpets/advancement/criterion/HamsterThrownCriterion$Conditions with maxs=true frames=true
[Architectury Transformer DEBUG] Writing net/dawson/adorablehamsterpets/advancement/criterion/HamsterAutoFedCriterion$Conditions with maxs=true frames=true
[Architectury Transformer DEBUG] Writing net/dawson/adorablehamsterpets/accessor/PlayerEntityAccessor with maxs=true frames=true
[Architectury Transformer DEBUG] Checking whether /adorablehamsterpets.mixins.json is a mixin config.
[Architectury Transformer DEBUG] Checking whether /adorablehamsterpets-common-refmap.json is a mixin config.
[Architectury Transformer DEBUG] Found mixin config(s): /adorablehamsterpets.mixins.json
[Architectury Transformer DEBUG] Closed File Systems for C:\mods\Data\Repositories\AdorableHamsterPets\common\build\libs\adorablehamsterpets-2.0.2-1.20.1+common-transformProductionFabric.jar
[Architectury Transformer] Transformed jar with 5 transformer(s) in 1.520 s
[Architectury Transformer DEBUG] 
[Architectury Transformer DEBUG] ============================
[Architectury Transformer DEBUG] Transforming from C:\mods\Data\Repositories\AdorableHamsterPets\common\build\devlibs\adorablehamsterpets-2.0.2-1.20.1+common-dev.jar to C:\mods\Data\Repositories\AdorableHamsterPets\common\build\libs\adorablehamsterpets-2.0.2-1.20.1+common-transformProductionForge.jar
[Architectury Transformer DEBUG] ============================
[Architectury Transformer DEBUG] 
[Architectury Transformer DEBUG] Transforming 7 transformer(s) from C:\mods\Data\Repositories\AdorableHamsterPets\common\build\devlibs\adorablehamsterpets-2.0.2-1.20.1+common-dev.jar to C:\mods\Data\Repositories\AdorableHamsterPets\common\build\libs\adorablehamsterpets-2.0.2-1.20.1+common-transformProductionForge.jar: 
[Architectury Transformer DEBUG]  - dev.architectury.transformer.transformers.TransformExpectPlatform@291f149a
[Architectury Transformer DEBUG]  - dev.architectury.transformer.transformers.RemapInjectables@42b02501
[Architectury Transformer DEBUG]  - AddRefmapName(enabled=() -> kotlin.Boolean)
[Architectury Transformer DEBUG]  - dev.architectury.transformer.transformers.TransformPlatformOnly@4b2b2f7f
[Architectury Transformer DEBUG]  - dev.architectury.transformer.transformers.TransformForgeAnnotations@4eeeded
[Architectury Transformer DEBUG]  - dev.architectury.transformer.transformers.TransformForgeEnvironment@55b37b60
[Architectury Transformer DEBUG]  - dev.architectury.transformer.transformers.FixForgeMixin@1eb7942f
[Architectury Transformer DEBUG] Transforming from C:\mods\Data\Repositories\AdorableHamsterPets\common\build\devlibs\adorablehamsterpets-2.0.2-1.20.1+common-dev.jar to C:\mods\Data\Repositories\AdorableHamsterPets\common\build\libs\adorablehamsterpets-2.0.2-1.20.1+common-transformProductionForge.jar with 7 transformer(s) on dev.architectury.transformer.handler.SimpleTransformerHandler
[Architectury Transformer DEBUG] Reading mixin mappings file: C:\mods\Data\Repositories\AdorableHamsterPets\common\build\loom-cache\mixin-map-loom.mappings.1_20_1.layered+hash.52405625-v2.main.tiny
[Architectury Transformer DEBUG] Remapping with 2 mapping provider(s):
[Architectury Transformer DEBUG]  - dev.architectury.transformer.transformers.TransformForgeEnvironment$$Lambda/0x000001893f300238@3b5e24df
[Architectury Transformer DEBUG]  - dev.architectury.transformer.transformers.TransformForgeEnvironment$$Lambda/0x000001893f300450@1a3b4de0
[Architectury Transformer DEBUG] Provided 61 classpath jar(s):
[Architectury Transformer DEBUG]  - C:\Users\tweek\.gradle\caches\modules-2\files-2.1\dev.architectury\architectury-injectables\1.0.10\62db2a366d662606d1b23ad02ccc3212ed37ec3\architectury-injectables-1.0.10.jar
[Architectury Transformer DEBUG]  - C:\Users\tweek\.gradle\caches\modules-2\files-2.1\net.fabricmc\fabric-loader\0.16.14\5778d47f536bf2c63ed2abc1a56f5a1c129e34a\fabric-loader-0.16.14.jar
[Architectury Transformer DEBUG]  - C:\Users\tweek\.gradle\caches\modules-2\files-2.1\org.jetbrains\annotations\25.0.0\c1e6b966db352094ac3bf7f88f3bdef332fe43f0\annotations-25.0.0.jar
[Architectury Transformer DEBUG]  - C:\Users\tweek\.gradle\caches\modules-2\files-2.1\org.ow2.asm\asm\9.6\aa205cf0a06dbd8e04ece91c0b37c3f5d567546a\asm-9.6.jar
[Architectury Transformer DEBUG]  - C:\Users\tweek\.gradle\caches\modules-2\files-2.1\org.ow2.asm\asm-analysis\9.6\9ce6c7b174bd997fc2552dff47964546bd7a5ec3\asm-analysis-9.6.jar
[Architectury Transformer DEBUG]  - C:\Users\tweek\.gradle\caches\modules-2\files-2.1\org.ow2.asm\asm-commons\9.6\f1a9e5508eff490744144565c47326c8648be309\asm-commons-9.6.jar
[Architectury Transformer DEBUG]  - C:\Users\tweek\.gradle\caches\modules-2\files-2.1\org.ow2.asm\asm-tree\9.6\c0cdda9d211e965d2a4448aa3fd86110f2f8c2de\asm-tree-9.6.jar
[Architectury Transformer DEBUG]  - C:\Users\tweek\.gradle\caches\modules-2\files-2.1\org.ow2.asm\asm-util\9.6\f77caf84eb93786a749b2baa40865b9613e3eaee\asm-util-9.6.jar
[Architectury Transformer DEBUG]  - C:\Users\tweek\.gradle\caches\modules-2\files-2.1\net.fabricmc\sponge-mixin\0.13.3+mixin.0.8.5\9527e6b0d2449408958fd1302594dc65ec5ade9c\sponge-mixin-0.13.3+mixin.0.8.5.jar
[Architectury Transformer DEBUG]  - C:\Users\tweek\.gradle\caches\modules-2\files-2.1\io.github.llamalad7\mixinextras-fabric\0.3.5\3b577be20ea942610b3045e4f0cd909fa415a9d3\mixinextras-fabric-0.3.5.jar
[Architectury Transformer DEBUG]  - C:\Users\tweek\.gradle\caches\modules-2\files-2.1\com.github.oshi\oshi-core\6.2.2\54f5efc19bca95d709d9a37d19ffcbba3d21c1a6\oshi-core-6.2.2.jar
[Architectury Transformer DEBUG]  - C:\Users\tweek\.gradle\caches\modules-2\files-2.1\com.google.code.gson\gson\2.10\dd9b193aef96e973d5a11ab13cd17430c2e4306b\gson-2.10.jar
[Architectury Transformer DEBUG]  - C:\Users\tweek\.gradle\caches\modules-2\files-2.1\com.google.guava\failureaccess\1.0.1\1dcf1de382a0bf95a3d8b0849546c88bac1292c9\failureaccess-1.0.1.jar
[Architectury Transformer DEBUG]  - C:\Users\tweek\.gradle\caches\modules-2\files-2.1\com.google.guava\guava\31.1-jre\60458f877d055d0c9114d9e1a2efb737b4bc282c\guava-31.1-jre.jar
[Architectury Transformer DEBUG]  - C:\Users\tweek\.gradle\caches\modules-2\files-2.1\com.ibm.icu\icu4j\71.1\9e7d3304c23f9ba5cb71915f7cce23231a57a445\icu4j-71.1.jar
[Architectury Transformer DEBUG]  - C:\Users\tweek\.gradle\caches\modules-2\files-2.1\com.mojang\authlib\4.0.43\2ff9d747a77570a07a60d32ac77eb6162ad2a2d9\authlib-4.0.43.jar
[Architectury Transformer DEBUG]  - C:\Users\tweek\.gradle\caches\modules-2\files-2.1\com.mojang\blocklist\1.0.10\5c685c5ffa94c4cd39496c7184c1d122e515ecef\blocklist-1.0.10.jar
[Architectury Transformer DEBUG]  - C:\Users\tweek\.gradle\caches\modules-2\files-2.1\com.mojang\brigadier\1.1.8\5244ce82c3337bba4a196a3ce858bfaecc74404a\brigadier-1.1.8.jar
[Architectury Transformer DEBUG]  - C:\Users\tweek\.gradle\caches\modules-2\files-2.1\com.mojang\datafixerupper\6.0.8\3ba4a30557a9b057760af4011f909ba619fc5125\datafixerupper-6.0.8.jar
[Architectury Transformer DEBUG]  - C:\Users\tweek\.gradle\caches\modules-2\files-2.1\com.mojang\logging\1.1.1\832b8e6674a9b325a5175a3a6267dfaf34c85139\logging-1.1.1.jar
[Architectury Transformer DEBUG]  - C:\Users\tweek\.gradle\caches\modules-2\files-2.1\com.mojang\patchy\2.2.10\da05971b07cbb379d002cf7eaec6a2048211fefc\patchy-2.2.10.jar
[Architectury Transformer DEBUG]  - C:\Users\tweek\.gradle\caches\modules-2\files-2.1\com.mojang\text2speech\1.17.9\3cad216e3a7f0c19b4b394388bc9ffc446f13b14\text2speech-1.17.9.jar
[Architectury Transformer DEBUG]  - C:\Users\tweek\.gradle\caches\modules-2\files-2.1\commons-codec\commons-codec\1.15\49d94806b6e3dc933dacbd8acb0fdbab8ebd1e5d\commons-codec-1.15.jar
[Architectury Transformer DEBUG]  - C:\Users\tweek\.gradle\caches\modules-2\files-2.1\commons-io\commons-io\2.11.0\a2503f302b11ebde7ebc3df41daebe0e4eea3689\commons-io-2.11.0.jar
[Architectury Transformer DEBUG]  - C:\Users\tweek\.gradle\caches\modules-2\files-2.1\commons-logging\commons-logging\1.2\4bfc12adfe4842bf07b657f0369c4cb522955686\commons-logging-1.2.jar
[Architectury Transformer DEBUG]  - C:\Users\tweek\.gradle\caches\modules-2\files-2.1\io.netty\netty-buffer\4.1.82.Final\a544270cf1ae8b8077082f5036436a9a9971ea71\netty-buffer-4.1.82.Final.jar
[Architectury Transformer DEBUG]  - C:\Users\tweek\.gradle\caches\modules-2\files-2.1\io.netty\netty-codec\4.1.82.Final\b77200379acb345a9ffdece1c605e591ac3e4e0a\netty-codec-4.1.82.Final.jar
[Architectury Transformer DEBUG]  - C:\Users\tweek\.gradle\caches\modules-2\files-2.1\io.netty\netty-common\4.1.82.Final\22d148e85c3f5ebdacc0ce1f5aabb1d420f73f3\netty-common-4.1.82.Final.jar
[Architectury Transformer DEBUG]  - C:\Users\tweek\.gradle\caches\modules-2\files-2.1\io.netty\netty-handler\4.1.82.Final\644041d1fa96a5d3130a29e8978630d716d76e38\netty-handler-4.1.82.Final.jar
[Architectury Transformer DEBUG]  - C:\Users\tweek\.gradle\caches\modules-2\files-2.1\io.netty\netty-resolver\4.1.82.Final\38f665ae8dcd29032eea31245ba7806bed2e0fa8\netty-resolver-4.1.82.Final.jar
[Architectury Transformer DEBUG]  - C:\Users\tweek\.gradle\caches\modules-2\files-2.1\io.netty\netty-transport-classes-epoll\4.1.82.Final\e7c7dd18deac93105797f30057c912651ea76521\netty-transport-classes-epoll-4.1.82.Final.jar
[Architectury Transformer DEBUG]  - C:\Users\tweek\.gradle\caches\modules-2\files-2.1\io.netty\netty-transport-native-unix-common\4.1.82.Final\3e895b35ca1b8a0eca56cacff4c2dde5d2c6abce\netty-transport-native-unix-common-4.1.82.Final.jar
[Architectury Transformer DEBUG]  - C:\Users\tweek\.gradle\caches\modules-2\files-2.1\io.netty\netty-transport\4.1.82.Final\e431a218d91acb6476ccad5f5aafde50aa3945ca\netty-transport-4.1.82.Final.jar
[Architectury Transformer DEBUG]  - C:\Users\tweek\.gradle\caches\modules-2\files-2.1\it.unimi.dsi\fastutil\8.5.9\bb7ea75ecdb216654237830b3a96d87ad91f8cc5\fastutil-8.5.9.jar
[Architectury Transformer DEBUG]  - C:\Users\tweek\.gradle\caches\modules-2\files-2.1\net.java.dev.jna\jna-platform\5.12.1\97406a297c852f4a41e688a176ec675f72e8329\jna-platform-5.12.1.jar
[Architectury Transformer DEBUG]  - C:\Users\tweek\.gradle\caches\modules-2\files-2.1\net.java.dev.jna\jna\5.12.1\b1e93a735caea94f503e95e6fe79bf9cdc1e985d\jna-5.12.1.jar
[Architectury Transformer DEBUG]  - C:\Users\tweek\.gradle\caches\modules-2\files-2.1\net.sf.jopt-simple\jopt-simple\5.0.4\4fdac2fbe92dfad86aa6e9301736f6b4342a3f5c\jopt-simple-5.0.4.jar
[Architectury Transformer DEBUG]  - C:\Users\tweek\.gradle\caches\modules-2\files-2.1\org.apache.commons\commons-compress\1.21\4ec95b60d4e86b5c95a0e919cb172a0af98011ef\commons-compress-1.21.jar
[Architectury Transformer DEBUG]  - C:\Users\tweek\.gradle\caches\modules-2\files-2.1\org.apache.commons\commons-lang3\3.12.0\c6842c86792ff03b9f1d1fe2aab8dc23aa6c6f0e\commons-lang3-3.12.0.jar
[Architectury Transformer DEBUG]  - C:\Users\tweek\.gradle\caches\modules-2\files-2.1\org.apache.httpcomponents\httpclient\4.5.13\e5f6cae5ca7ecaac1ec2827a9e2d65ae2869cada\httpclient-4.5.13.jar
[Architectury Transformer DEBUG]  - C:\Users\tweek\.gradle\caches\modules-2\files-2.1\org.apache.httpcomponents\httpcore\4.4.15\7f2e0c573eaa7a74bac2e89b359e1f73d92a0a1d\httpcore-4.4.15.jar
[Architectury Transformer DEBUG]  - C:\Users\tweek\.gradle\caches\modules-2\files-2.1\org.apache.logging.log4j\log4j-api\2.19.0\ea1b37f38c327596b216542bc636cfdc0b8036fa\log4j-api-2.19.0.jar
[Architectury Transformer DEBUG]  - C:\Users\tweek\.gradle\caches\modules-2\files-2.1\org.apache.logging.log4j\log4j-core\2.19.0\3b6eeb4de4c49c0fe38a4ee27188ff5fee44d0bb\log4j-core-2.19.0.jar
[Architectury Transformer DEBUG]  - C:\Users\tweek\.gradle\caches\modules-2\files-2.1\org.apache.logging.log4j\log4j-slf4j2-impl\2.19.0\5c04bfdd63ce9dceb2e284b81e96b6a70010ee10\log4j-slf4j2-impl-2.19.0.jar
[Architectury Transformer DEBUG]  - C:\Users\tweek\.gradle\caches\modules-2\files-2.1\org.joml\joml\1.10.5\22566d58af70ad3d72308bab63b8339906deb649\joml-1.10.5.jar
[Architectury Transformer DEBUG]  - C:\Users\tweek\.gradle\caches\modules-2\files-2.1\org.lwjgl\lwjgl-glfw\3.3.1\cbac1b8d30cb4795149c1ef540f912671a8616d0\lwjgl-glfw-3.3.1.jar
[Architectury Transformer DEBUG]  - C:\Users\tweek\.gradle\caches\modules-2\files-2.1\org.lwjgl\lwjgl-jemalloc\3.3.1\a817bcf213db49f710603677457567c37d53e103\lwjgl-jemalloc-3.3.1.jar
[Architectury Transformer DEBUG]  - C:\Users\tweek\.gradle\caches\modules-2\files-2.1\org.lwjgl\lwjgl-openal\3.3.1\2623a6b8ae1dfcd880738656a9f0243d2e6840bd\lwjgl-openal-3.3.1.jar
[Architectury Transformer DEBUG]  - C:\Users\tweek\.gradle\caches\modules-2\files-2.1\org.lwjgl\lwjgl-opengl\3.3.1\831a5533a21a5f4f81bbc51bb13e9899319b5411\lwjgl-opengl-3.3.1.jar
[Architectury Transformer DEBUG]  - C:\Users\tweek\.gradle\caches\modules-2\files-2.1\org.lwjgl\lwjgl-stb\3.3.1\b119297cf8ed01f247abe8685857f8e7fcf5980f\lwjgl-stb-3.3.1.jar
[Architectury Transformer DEBUG]  - C:\Users\tweek\.gradle\caches\modules-2\files-2.1\org.lwjgl\lwjgl-tinyfd\3.3.1\ff1914111ef2e3e0110ef2dabc8d8cdaad82347\lwjgl-tinyfd-3.3.1.jar
[Architectury Transformer DEBUG]  - C:\Users\tweek\.gradle\caches\modules-2\files-2.1\org.lwjgl\lwjgl\3.3.1\ae58664f88e18a9bb2c77b063833ca7aaec484cb\lwjgl-3.3.1.jar
[Architectury Transformer DEBUG]  - C:\Users\tweek\.gradle\caches\modules-2\files-2.1\org.slf4j\slf4j-api\2.0.1\f48d81adce2abf5ad3cfe463df517952749e03bc\slf4j-api-2.0.1.jar
[Architectury Transformer DEBUG]  - C:\mods\Data\Repositories\AdorableHamsterPets\.gradle\loom-cache\minecraftMaven\net\minecraft\minecraft-merged-c9b3181daf\1.20.1-loom.mappings.1_20_1.layered+hash.52405625-v2\minecraft-merged-c9b3181daf-1.20.1-loom.mappings.1_20_1.layered+hash.52405625-v2.jar
[Architectury Transformer DEBUG]  - C:\Users\tweek\.gradle\caches\modules-2\files-2.1\io.netty\netty-transport-native-epoll\4.1.82.Final\c7350a71920f3ae9142945e25fed4846cce53374\netty-transport-native-epoll-4.1.82.Final-linux-x86_64.jar
[Architectury Transformer DEBUG]  - C:\Users\tweek\.gradle\caches\modules-2\files-2.1\io.netty\netty-transport-native-epoll\4.1.82.Final\476409d6255001ca53a55f65b01c13822f8dc93a\netty-transport-native-epoll-4.1.82.Final-linux-aarch_64.jar
[Architectury Transformer DEBUG]  - C:\Users\tweek\.gradle\caches\modules-2\files-2.1\org.jetbrains.kotlin\kotlin-stdlib\2.0.20\7388d355f7cceb002cd387ccb7ab3850e4e0a07f\kotlin-stdlib-2.0.20.jar
[Architectury Transformer DEBUG]  - C:\mods\Data\Repositories\AdorableHamsterPets\.gradle\loom-cache\remapped_mods\loom_mappings_1_20_1_layered_hash_52405625_v2\dev\architectury\architectury\9.2.14\architectury-9.2.14.jar
[Architectury Transformer DEBUG]  - C:\mods\Data\Repositories\AdorableHamsterPets\.gradle\loom-cache\remapped_mods\loom_mappings_1_20_1_layered_hash_52405625_v2\software\bernie\geckolib\geckolib-fabric-1.20.1\4.4.9\geckolib-fabric-1.20.1-4.4.9.jar
[Architectury Transformer DEBUG]  - C:\mods\Data\Repositories\AdorableHamsterPets\.gradle\loom-cache\remapped_mods\loom_mappings_1_20_1_layered_hash_52405625_v2\me\fzzyhmstrs\fzzy_config\0.7.0+1.20.1\fzzy_config-0.7.0+1.20.1.jar
[Architectury Transformer DEBUG]  - C:\mods\Data\Repositories\AdorableHamsterPets\.gradle\loom-cache\remapped_mods\loom_mappings_1_20_1_layered_hash_52405625_v2\curse\maven\jade-324717\6106093\jade-324717-6106093.jar
[Architectury Transformer] Read classpath in 754.7 ms
[Architectury Transformer DEBUG] Remapping Classes:
[Architectury Transformer DEBUG] net/fabricmc/api/EnvType -> net/minecraftforge/api/distmarker/Dist
[Architectury Transformer DEBUG] net/fabricmc/api/Environment -> net/minecraftforge/api/distmarker/OnlyIn
[Architectury Transformer DEBUG] Found class transformer
[Architectury Transformer DEBUG] Writing net/dawson/adorablehamsterpets/ModRegistries with maxs=true frames=true
[Architectury Transformer DEBUG] Writing net/dawson/adorablehamsterpets/AdorableHamsterPets with maxs=true frames=true
[Architectury Transformer DEBUG] Writing net/dawson/adorablehamsterpets/AdorableHamsterPetsClient with maxs=true frames=true
[Architectury Transformer DEBUG] Writing net/dawson/adorablehamsterpets/world/ModSpawnPlacements with maxs=true frames=true
[Architectury Transformer DEBUG] Writing net/dawson/adorablehamsterpets/world/ModWorldGeneration with maxs=true frames=true
[Architectury Transformer DEBUG] Writing net/dawson/adorablehamsterpets/world/gen/ModEntitySpawns with maxs=true frames=true
[Architectury Transformer DEBUG] Writing net/dawson/adorablehamsterpets/world/gen/feature/ModPlacedFeatures with maxs=true frames=true
[Architectury Transformer DEBUG] Writing net/dawson/adorablehamsterpets/world/gen/feature/ModConfiguredFeatures with maxs=true frames=true
[Architectury Transformer DEBUG] Writing net/dawson/adorablehamsterpets/util/HamsterRenderTracker with maxs=true frames=true
[Architectury Transformer DEBUG] Writing net/dawson/adorablehamsterpets/tag/ModItemTags with maxs=true frames=true
[Architectury Transformer DEBUG] Writing net/dawson/adorablehamsterpets/sound/ModSounds with maxs=true frames=true
[Architectury Transformer DEBUG] Writing net/dawson/adorablehamsterpets/screen/HamsterInventoryScreenHandler with maxs=true frames=true
[Architectury Transformer DEBUG] Writing net/dawson/adorablehamsterpets/screen/ModScreenHandlers with maxs=true frames=true
[Architectury Transformer DEBUG] Writing net/dawson/adorablehamsterpets/screen/HamsterInventoryScreen with maxs=true frames=true
[Architectury Transformer DEBUG] Writing net/dawson/adorablehamsterpets/screen/HamsterInventoryScreenHandler$1 with maxs=true frames=true
[Architectury Transformer DEBUG] Writing net/dawson/adorablehamsterpets/screen/slot/HamsterSlot with maxs=true frames=true
[Architectury Transformer DEBUG] Writing net/dawson/adorablehamsterpets/networking/ModPackets with maxs=true frames=true
[Architectury Transformer DEBUG] Writing net/dawson/adorablehamsterpets/mixin/server/PlayerEntityMixin with maxs=true frames=true
[Architectury Transformer DEBUG] Writing net/dawson/adorablehamsterpets/mixin/server/CreeperEntityMixin with maxs=true frames=true
[Architectury Transformer DEBUG] Writing net/dawson/adorablehamsterpets/mixin/client/LivingEntityRendererInvoker with maxs=true frames=true
[Architectury Transformer DEBUG] Writing net/dawson/adorablehamsterpets/mixin/client/PlayerEntityRendererMixin with maxs=true frames=true
[Architectury Transformer DEBUG] Writing net/dawson/adorablehamsterpets/mixin/accessor/MeleeAttackGoalAccessor with maxs=true frames=true
[Architectury Transformer DEBUG] Writing net/dawson/adorablehamsterpets/item/ModItems with maxs=true frames=true
[Architectury Transformer DEBUG] Writing net/dawson/adorablehamsterpets/item/ModItems$12 with maxs=true frames=true
[Architectury Transformer DEBUG] Writing net/dawson/adorablehamsterpets/item/ModItemGroups with maxs=true frames=true
[Architectury Transformer DEBUG] Writing net/dawson/adorablehamsterpets/item/ModItems$10 with maxs=true frames=true
[Architectury Transformer DEBUG] Writing net/dawson/adorablehamsterpets/item/ModItems$3 with maxs=true frames=true
[Architectury Transformer DEBUG] Writing net/dawson/adorablehamsterpets/item/ModItems$8 with maxs=true frames=true
[Architectury Transformer DEBUG] Writing net/dawson/adorablehamsterpets/item/ModItems$11 with maxs=true frames=true
[Architectury Transformer DEBUG] Writing net/dawson/adorablehamsterpets/item/ModItems$5 with maxs=true frames=true
[Architectury Transformer DEBUG] Writing net/dawson/adorablehamsterpets/item/ModItems$2 with maxs=true frames=true
[Architectury Transformer DEBUG] Writing net/dawson/adorablehamsterpets/item/ModItems$4 with maxs=true frames=true
[Architectury Transformer DEBUG] Writing net/dawson/adorablehamsterpets/item/ModItems$1 with maxs=true frames=true
[Architectury Transformer DEBUG] Writing net/dawson/adorablehamsterpets/item/ModItems$9 with maxs=true frames=true
[Architectury Transformer DEBUG] Writing net/dawson/adorablehamsterpets/item/ModItems$6 with maxs=true frames=true
[Architectury Transformer DEBUG] Writing net/dawson/adorablehamsterpets/item/ModItems$7 with maxs=true frames=true
[Architectury Transformer DEBUG] Writing net/dawson/adorablehamsterpets/item/ModFoodComponents with maxs=true frames=true
[Architectury Transformer DEBUG] Writing net/dawson/adorablehamsterpets/item/custom/HamsterGuideBook with maxs=true frames=true
[Architectury Transformer DEBUG] Writing net/dawson/adorablehamsterpets/integration/jade/HamsterDebugComponentProvider with maxs=true frames=true
[Architectury Transformer DEBUG] Writing net/dawson/adorablehamsterpets/integration/jade/WildBushComponentProvider with maxs=true frames=true
[Architectury Transformer DEBUG] Writing net/dawson/adorablehamsterpets/integration/jade/AHPJadePlugin with maxs=true frames=true
[Architectury Transformer DEBUG] Writing net/dawson/adorablehamsterpets/entity/ImplementedInventory with maxs=true frames=true
[Architectury Transformer DEBUG] Writing net/dawson/adorablehamsterpets/entity/ModEntities with maxs=true frames=true
[Architectury Transformer DEBUG] Writing net/dawson/adorablehamsterpets/entity/custom/HamsterEntity with maxs=true frames=true
[Architectury Transformer DEBUG] Writing net/dawson/adorablehamsterpets/entity/custom/HamsterVariant with maxs=true frames=true
[Architectury Transformer DEBUG] Writing net/dawson/adorablehamsterpets/entity/custom/HamsterEntity$DozingPhase with maxs=true frames=true
[Architectury Transformer DEBUG] Writing net/dawson/adorablehamsterpets/entity/custom/HamsterEntity$1 with maxs=true frames=true
[Architectury Transformer DEBUG] Writing net/dawson/adorablehamsterpets/entity/custom/HamsterVariant$BaseOverlayPair with maxs=true frames=true
[Architectury Transformer DEBUG] Writing net/dawson/adorablehamsterpets/entity/client/HamsterRenderer with maxs=true frames=true
[Architectury Transformer DEBUG] Writing net/dawson/adorablehamsterpets/entity/client/ModModelLayers with maxs=true frames=true
[Architectury Transformer DEBUG] Writing net/dawson/adorablehamsterpets/entity/client/HamsterModel with maxs=true frames=true
[Architectury Transformer DEBUG] Writing net/dawson/adorablehamsterpets/entity/client/model/HamsterShoulderModel with maxs=true frames=true
[Architectury Transformer DEBUG] Writing net/dawson/adorablehamsterpets/entity/client/layer/HamsterPinkPetalOverlayLayer with maxs=true frames=true
[Architectury Transformer DEBUG] Writing net/dawson/adorablehamsterpets/entity/client/layer/HamsterOverlayLayer with maxs=true frames=true
[Architectury Transformer DEBUG] Writing net/dawson/adorablehamsterpets/entity/client/feature/HamsterShoulderFeatureRenderer with maxs=true frames=true
[Architectury Transformer DEBUG] Writing net/dawson/adorablehamsterpets/entity/AI/HamsterSeekDiamondGoal with maxs=true frames=true
[Architectury Transformer DEBUG] Writing net/dawson/adorablehamsterpets/entity/AI/HamsterLookAtEntityGoal with maxs=true frames=true
[Architectury Transformer DEBUG] Writing net/dawson/adorablehamsterpets/entity/AI/HamsterMateGoal with maxs=true frames=true
[Architectury Transformer DEBUG] Writing net/dawson/adorablehamsterpets/entity/AI/HamsterSleepGoal with maxs=true frames=true
[Architectury Transformer DEBUG] Writing net/dawson/adorablehamsterpets/entity/AI/HamsterSeekDiamondGoal$SeekingState with maxs=true frames=true
[Architectury Transformer DEBUG] Writing net/dawson/adorablehamsterpets/entity/AI/HamsterSitGoal with maxs=true frames=true
[Architectury Transformer DEBUG] Writing net/dawson/adorablehamsterpets/entity/AI/HamsterFollowOwnerGoal with maxs=true frames=true
[Architectury Transformer DEBUG] Writing net/dawson/adorablehamsterpets/entity/AI/HamsterWanderAroundFarGoal with maxs=true frames=true
[Architectury Transformer DEBUG] Writing net/dawson/adorablehamsterpets/entity/AI/HamsterMeleeAttackGoal with maxs=true frames=true
[Architectury Transformer DEBUG] Writing net/dawson/adorablehamsterpets/entity/AI/HamsterFleeGoal with maxs=true frames=true
[Architectury Transformer DEBUG] Writing net/dawson/adorablehamsterpets/entity/AI/HamsterTemptGoal with maxs=true frames=true
[Architectury Transformer DEBUG] Writing net/dawson/adorablehamsterpets/entity/AI/HamsterLookAroundGoal with maxs=true frames=true
[Architectury Transformer DEBUG] Writing net/dawson/adorablehamsterpets/config/Configs with maxs=true frames=true
[Architectury Transformer DEBUG] Writing net/dawson/adorablehamsterpets/config/AhpConfig with maxs=true frames=true
[Architectury Transformer DEBUG] Writing net/dawson/adorablehamsterpets/component/HamsterShoulderData with maxs=true frames=true
[Architectury Transformer DEBUG] Writing net/dawson/adorablehamsterpets/component/HamsterShoulderData$SeekingBehaviorData with maxs=true frames=true
[Architectury Transformer DEBUG] Writing net/dawson/adorablehamsterpets/command/ModCommands with maxs=true frames=true
[Architectury Transformer DEBUG] Writing net/dawson/adorablehamsterpets/client/sound/HamsterFlightSoundInstance with maxs=true frames=true
[Architectury Transformer DEBUG] Writing net/dawson/adorablehamsterpets/client/sound/HamsterThrowSoundInstance with maxs=true frames=true
[Architectury Transformer DEBUG] Writing net/dawson/adorablehamsterpets/client/sound/HamsterCleaningSoundInstance with maxs=true frames=true
[Architectury Transformer DEBUG] Writing net/dawson/adorablehamsterpets/client/option/ModKeyBindings with maxs=true frames=true
[Architectury Transformer DEBUG] Writing net/dawson/adorablehamsterpets/block/ModBlocks with maxs=true frames=true
[Architectury Transformer DEBUG] Writing net/dawson/adorablehamsterpets/block/custom/SunflowerBlock with maxs=true frames=true
[Architectury Transformer DEBUG] Writing net/dawson/adorablehamsterpets/block/custom/WildGreenBeanBushBlock with maxs=true frames=true
[Architectury Transformer DEBUG] Writing net/dawson/adorablehamsterpets/block/custom/GreenBeansCropBlock with maxs=true frames=true
[Architectury Transformer DEBUG] Writing net/dawson/adorablehamsterpets/block/custom/CucumberCropBlock with maxs=true frames=true
[Architectury Transformer DEBUG] Writing net/dawson/adorablehamsterpets/block/custom/WildCucumberBushBlock with maxs=true frames=true
[Architectury Transformer DEBUG] Writing net/dawson/adorablehamsterpets/advancement/criterion/FirstJoinCriterion with maxs=true frames=true
[Architectury Transformer DEBUG] Writing net/dawson/adorablehamsterpets/advancement/criterion/HamsterLedToDiamondCriterion with maxs=true frames=true
[Architectury Transformer DEBUG] Writing net/dawson/adorablehamsterpets/advancement/criterion/FedHamsterSteamedBeansCriterion$Conditions with maxs=true frames=true
[Architectury Transformer DEBUG] Writing net/dawson/adorablehamsterpets/advancement/criterion/HamsterOnShoulderCriterion$Conditions with maxs=true frames=true
[Architectury Transformer DEBUG] Writing net/dawson/adorablehamsterpets/advancement/criterion/HamsterLedToDiamondCriterion$Conditions with maxs=true frames=true
[Architectury Transformer DEBUG] Writing net/dawson/adorablehamsterpets/advancement/criterion/FirstJoinCriterion$Conditions with maxs=true frames=true
[Architectury Transformer DEBUG] Writing net/dawson/adorablehamsterpets/advancement/criterion/CheekPouchUnlockedCriterion$Conditions with maxs=true frames=true
[Architectury Transformer DEBUG] Writing net/dawson/adorablehamsterpets/advancement/criterion/HamsterAutoFedCriterion with maxs=true frames=true
[Architectury Transformer DEBUG] Writing net/dawson/adorablehamsterpets/advancement/criterion/HamsterPouchFilledCriterion with maxs=true frames=true
[Architectury Transformer DEBUG] Writing net/dawson/adorablehamsterpets/advancement/criterion/HamsterCreeperAlertCriterion$Conditions with maxs=true frames=true
[Architectury Transformer DEBUG] Writing net/dawson/adorablehamsterpets/advancement/criterion/HamsterFoundGoldCriterion with maxs=true frames=true
[Architectury Transformer DEBUG] Writing net/dawson/adorablehamsterpets/advancement/criterion/AppliedPinkPetalCriterion with maxs=true frames=true
[Architectury Transformer DEBUG] Writing net/dawson/adorablehamsterpets/advancement/criterion/FedHamsterSteamedBeansCriterion with maxs=true frames=true
[Architectury Transformer DEBUG] Writing net/dawson/adorablehamsterpets/advancement/criterion/HamsterPouchFilledCriterion$Conditions with maxs=true frames=true
[Architectury Transformer DEBUG] Writing net/dawson/adorablehamsterpets/advancement/criterion/ModCriteria with maxs=true frames=true
[Architectury Transformer DEBUG] Writing net/dawson/adorablehamsterpets/advancement/criterion/HamsterFoundGoldCriterion$Conditions with maxs=true frames=true
[Architectury Transformer DEBUG] Writing net/dawson/adorablehamsterpets/advancement/criterion/HamsterThrownCriterion with maxs=true frames=true
[Architectury Transformer DEBUG] Writing net/dawson/adorablehamsterpets/advancement/criterion/HamsterDiamondAlertCriterion with maxs=true frames=true
[Architectury Transformer DEBUG] Writing net/dawson/adorablehamsterpets/advancement/criterion/HamsterOnShoulderCriterion with maxs=true frames=true
[Architectury Transformer DEBUG] Writing net/dawson/adorablehamsterpets/advancement/criterion/HamsterDiamondAlertCriterion$Conditions with maxs=true frames=true
[Architectury Transformer DEBUG] Writing net/dawson/adorablehamsterpets/advancement/criterion/AppliedPinkPetalCriterion$Conditions with maxs=true frames=true
[Architectury Transformer DEBUG] Writing net/dawson/adorablehamsterpets/advancement/criterion/CheekPouchUnlockedCriterion with maxs=true frames=true
[Architectury Transformer DEBUG] Writing net/dawson/adorablehamsterpets/advancement/criterion/HamsterCreeperAlertCriterion with maxs=true frames=true
[Architectury Transformer DEBUG] Writing net/dawson/adorablehamsterpets/advancement/criterion/HamsterAutoFedCriterion$Conditions with maxs=true frames=true
[Architectury Transformer DEBUG] Writing net/dawson/adorablehamsterpets/advancement/criterion/HamsterThrownCriterion$Conditions with maxs=true frames=true
[Architectury Transformer DEBUG] Writing net/dawson/adorablehamsterpets/accessor/PlayerEntityAccessor with maxs=true frames=true
[Architectury Transformer DEBUG] Checking whether /adorablehamsterpets.mixins.json is a mixin config.
[Architectury Transformer DEBUG] Checking whether /adorablehamsterpets-common-refmap.json is a mixin config.
[Architectury Transformer DEBUG] Found mixin config(s): /adorablehamsterpets.mixins.json
[Architectury Transformer DEBUG] Checking whether /adorablehamsterpets.mixins.json is a mixin config.
[Architectury Transformer DEBUG] Checking whether /adorablehamsterpets-common-refmap.json is a mixin config.
[Architectury Transformer DEBUG] Found mixin config(s): adorablehamsterpets.mixins.json
[Architectury Transformer DEBUG] Injecting MixinConfigs into /META-INF/MANIFEST.MF
[Architectury Transformer DEBUG] Remapping refmap from intermediary to srg: adorablehamsterpets-common-refmap.json
[Architectury Transformer DEBUG] Remapped refmap value field_24667:I -> f_25548_:I
[Architectury Transformer DEBUG] Remapped refmap value method_4046(Lnet/minecraft/class_3887;)Z -> m_115326_(Lnet/minecraft/client/renderer/entity/layers/RenderLayer;)Z
[Architectury Transformer DEBUG] Remapped refmap value Lnet/minecraft/class_1548;method_5959()V -> Lnet/minecraft/world/entity/monster/Creeper;m_8099_()V
[Architectury Transformer DEBUG] Remapped refmap value Lnet/minecraft/class_1657;method_5693()V -> Lnet/minecraft/world/entity/player/Player;m_8097_()V
[Architectury Transformer DEBUG] Remapped refmap value Lnet/minecraft/class_1657;method_5749(Lnet/minecraft/class_2487;)V -> Lnet/minecraft/world/entity/player/Player;m_7378_(Lnet/minecraft/nbt/CompoundTag;)V
[Architectury Transformer DEBUG] Remapped refmap value Lnet/minecraft/class_1657;method_5650(Lnet/minecraft/class_1297$class_5529;)V -> Lnet/minecraft/world/entity/player/Player;m_142687_(Lnet/minecraft/world/entity/Entity$RemovalReason;)V
[Architectury Transformer DEBUG] Remapped refmap value Lnet/minecraft/class_1657;method_5773()V -> Lnet/minecraft/world/entity/player/Player;m_8119_()V
[Architectury Transformer DEBUG] Remapped refmap value Lnet/minecraft/class_1657;method_5652(Lnet/minecraft/class_2487;)V -> Lnet/minecraft/world/entity/player/Player;m_7380_(Lnet/minecraft/nbt/CompoundTag;)V
[Architectury Transformer DEBUG] Remapped refmap value field_24667:I -> f_25548_:I
[Architectury Transformer DEBUG] Remapped refmap value method_4046(Lnet/minecraft/class_3887;)Z -> m_115326_(Lnet/minecraft/client/renderer/entity/layers/RenderLayer;)Z
[Architectury Transformer DEBUG] Remapped refmap value Lnet/minecraft/class_1548;method_5959()V -> Lnet/minecraft/world/entity/monster/Creeper;m_8099_()V
[Architectury Transformer DEBUG] Remapped refmap value Lnet/minecraft/class_1657;method_5693()V -> Lnet/minecraft/world/entity/player/Player;m_8097_()V
[Architectury Transformer DEBUG] Remapped refmap value Lnet/minecraft/class_1657;method_5749(Lnet/minecraft/class_2487;)V -> Lnet/minecraft/world/entity/player/Player;m_7378_(Lnet/minecraft/nbt/CompoundTag;)V
[Architectury Transformer DEBUG] Remapped refmap value Lnet/minecraft/class_1657;method_5650(Lnet/minecraft/class_1297$class_5529;)V -> Lnet/minecraft/world/entity/player/Player;m_142687_(Lnet/minecraft/world/entity/Entity$RemovalReason;)V
[Architectury Transformer DEBUG] Remapped refmap value Lnet/minecraft/class_1657;method_5773()V -> Lnet/minecraft/world/entity/player/Player;m_8119_()V
[Architectury Transformer DEBUG] Remapped refmap value Lnet/minecraft/class_1657;method_5652(Lnet/minecraft/class_2487;)V -> Lnet/minecraft/world/entity/player/Player;m_7380_(Lnet/minecraft/nbt/CompoundTag;)V
[Architectury Transformer DEBUG] Closed File Systems for C:\mods\Data\Repositories\AdorableHamsterPets\common\build\libs\adorablehamsterpets-2.0.2-1.20.1+common-transformProductionForge.jar
[Architectury Transformer] Transformed jar with 7 transformer(s) in 1.247 s
[Architectury Transformer DEBUG] Closed File Systems for C:\mods\Data\Repositories\AdorableHamsterPets\common\build\libs\adorablehamsterpets-2.0.2-1.20.1+common.jar
