[15:29:37] [main/INFO] (Launcher) ModLauncher running: args [--launchTarget, forgeclientuserdev, --version, MOD_DEV, --assetIndex, 1.20.1-5, --assetsDir, C:\Users\tweek\.gradle\caches\fabric-loom\assets, --gameDir, ., --fml.forgeVersion, 47.4.3, --fml.mcVersion, 1.20.1, --fml.forgeGroup, net.minecraftforge, --fml.mcpVersion, 20230612.114412, -mixin.config, adorablehamsterpets.mixins.json, --mixin.config, adorablehamsterpets.mixins.json]
[15:29:37] [main/INFO] (Launcher) ModLauncher 10.0.9+10.0.9+main.dcd20f30 starting: java version 21.0.5 by Eclipse Adoptium; OS Windows 11 arch amd64 version 10.0
[15:29:37] [main/WARN] (FMLConfig) Configuration file C:\mods\Data\Repositories\AdorableHamsterPets-Source\forge\run\config\fml.toml is not correct. Correcting
[15:29:37] [main/INFO] (FMLConfig) Incorrect key [earlyWindowLogHelpMessage] was corrected from null to true
[15:29:37] [main/INFO] (FMLConfig) Incorrect key [earlyWindowShowCPU] was corrected from null to false
[15:29:37] [main/INFO] (FMLConfig) Incorrect key [dependencyOverrides] was corrected from SimpleCommentedConfig:{} to null
[15:29:37] [main/INFO] (FMLConfig) Incorrect key [disableConfigWatcher] was corrected from false to null
[15:29:37] [main/INFO] (ImmediateWindowHandler) Loading ImmediateWindowProvider fmlearlywindow
[15:29:37] [main/INFO] (EARLYDISPLAY) Trying GL version 4.6
[15:29:37] [main/INFO] (EARLYDISPLAY) If this message is the only thing at the bottom of your log before a crash, you probably have a driver issue.

Possible solutions:
A) Make sure Minecraft is set to prefer high performance graphics in the OS and/or driver control panel
B) Check for driver updates on the graphics brand's website
C) Try reinstalling your graphics drivers
D) If still not working after trying all of the above, ask for further help on the Forge forums or Discord

You can safely ignore this message if the game starts up successfully.
[15:29:37] [main/INFO] (EARLYDISPLAY) Requested GL version 4.6 got version 4.6
[15:29:37] [main/INFO] (mixin) SpongePowered MIXIN Subsystem Version=0.8.5 Source=union:/C:/Users/tweek/.gradle/caches/modules-2/files-2.1/dev.architectury/mixin-patched/0.8.5.12/cf1f787f58d3b08b0cb53ecbba7928c09a1893c8/mixin-patched-0.8.5.12.jar%23127!/ Service=ModLauncher Env=CLIENT
[15:29:37] [main/INFO] (ModDiscoverer) Found mod file kotlinforforge-5.8.0-all.jar of type LIBRARY with provider {mods folder locator at C:\mods\Data\Repositories\AdorableHamsterPets-Source\forge\run\mods}
[15:29:37] [main/WARN] (ModFileParser) Mod file C:\Users\tweek\.gradle\caches\modules-2\files-2.1\net.minecraftforge\javafmllanguage\1.20.1-47.4.3\4080695cecae86c354232f04a2627dd7e4f1149e\javafmllanguage-1.20.1-47.4.3.jar is missing mods.toml file
[15:29:37] [main/WARN] (ModFileParser) Mod file C:\Users\tweek\.gradle\caches\modules-2\files-2.1\net.minecraftforge\lowcodelanguage\1.20.1-47.4.3\29a0368be8b1a5ebc5c52ff7b50cddb265c31c36\lowcodelanguage-1.20.1-47.4.3.jar is missing mods.toml file
[15:29:37] [main/WARN] (ModFileParser) Mod file C:\Users\tweek\.gradle\caches\modules-2\files-2.1\net.minecraftforge\mclanguage\1.20.1-47.4.3\aa997425f691156656d4ba3aa78a50b43d677d91\mclanguage-1.20.1-47.4.3.jar is missing mods.toml file
[15:29:37] [main/WARN] (ModFileParser) Mod file C:\Users\tweek\.gradle\caches\modules-2\files-2.1\net.minecraftforge\fmlcore\1.20.1-47.4.3\4f943542f1f182a4e269b4f920030b50738f6b81\fmlcore-1.20.1-47.4.3.jar is missing mods.toml file
[15:29:37] [main/INFO] (ModDiscoverer) Found mod file javafmllanguage-1.20.1-47.4.3.jar of type LANGPROVIDER with provider net.minecraftforge.fml.loading.moddiscovery.MinecraftLocator@49e3b86b
[15:29:37] [main/INFO] (ModDiscoverer) Found mod file lowcodelanguage-1.20.1-47.4.3.jar of type LANGPROVIDER with provider net.minecraftforge.fml.loading.moddiscovery.MinecraftLocator@49e3b86b
[15:29:37] [main/INFO] (ModDiscoverer) Found mod file mclanguage-1.20.1-47.4.3.jar of type LANGPROVIDER with provider net.minecraftforge.fml.loading.moddiscovery.MinecraftLocator@49e3b86b
[15:29:37] [main/INFO] (ModDiscoverer) Found mod file fmlcore-1.20.1-47.4.3.jar of type LIBRARY with provider net.minecraftforge.fml.loading.moddiscovery.MinecraftLocator@49e3b86b
[15:29:37] [main/INFO] (ModDiscoverer) Found mod file forge-1.20.1-47.4.3-minecraft-merged-1.20.1-loom.mappings.1_20_1.layered+hash.52405625-v2-forge-1.20.1-47.4.3.jar of type MOD with provider net.minecraftforge.fml.loading.moddiscovery.MinecraftLocator@49e3b86b
[15:29:37] [main/INFO] (ModDiscoverer) Found mod file main of type MOD with provider net.minecraftforge.fml.loading.moddiscovery.MinecraftLocator@49e3b86b
[15:29:37] [main/INFO] (ModDiscoverer) Found mod file  of type MOD with provider net.minecraftforge.fml.loading.moddiscovery.MinecraftLocator@49e3b86b
[15:29:38] [pool-5-thread-1/INFO] (EARLYDISPLAY) GL info: NVIDIA GeForce RTX 4080 SUPER/PCIe/SSE2 GL version 4.6.0 NVIDIA 572.60, NVIDIA Corporation
