[Architectury Transformer] Architectury Runtime 5.2.87
[Architectury Transformer DEBUG] Closed File Systems for C:\mods\Data\Repositories\AdorableHamsterPets-Source\common\build\devlibs\adorablehamsterpets-2.0.2-1.20.1+common-dev.jar
[Architectury Transformer DEBUG] Preparing tiny remapper prepared transformer: dev.architectury.transformer.handler.TinyRemapperPreparedTransformerHandler
[Architectury Transformer DEBUG] Provided 116 classpath jar(s):
[Architectury Transformer DEBUG]  - C:\Users\tweek\.gradle\caches\modules-2\files-2.1\dev.architectury\architectury-injectables\1.0.10\62db2a366d662606d1b23ad02ccc3212ed37ec3\architectury-injectables-1.0.10.jar
[Architectury Transformer DEBUG]  - C:\Users\tweek\.gradle\caches\modules-2\files-2.1\net.fabricmc\fabric-loader\0.16.14\5778d47f536bf2c63ed2abc1a56f5a1c129e34a\fabric-loader-0.16.14.jar
[Architectury Transformer DEBUG]  - C:\Users\tweek\.gradle\caches\modules-2\files-2.1\org.jetbrains\annotations\25.0.0\c1e6b966db352094ac3bf7f88f3bdef332fe43f0\annotations-25.0.0.jar
[Architectury Transformer DEBUG]  - C:\Users\tweek\.gradle\caches\modules-2\files-2.1\org.ow2.asm\asm\9.6\aa205cf0a06dbd8e04ece91c0b37c3f5d567546a\asm-9.6.jar
[Architectury Transformer DEBUG]  - C:\Users\tweek\.gradle\caches\modules-2\files-2.1\org.ow2.asm\asm-analysis\9.6\9ce6c7b174bd997fc2552dff47964546bd7a5ec3\asm-analysis-9.6.jar
[Architectury Transformer DEBUG]  - C:\Users\tweek\.gradle\caches\modules-2\files-2.1\org.ow2.asm\asm-commons\9.6\f1a9e5508eff490744144565c47326c8648be309\asm-commons-9.6.jar
[Architectury Transformer DEBUG]  - C:\Users\tweek\.gradle\caches\modules-2\files-2.1\org.ow2.asm\asm-tree\9.6\c0cdda9d211e965d2a4448aa3fd86110f2f8c2de\asm-tree-9.6.jar
[Architectury Transformer DEBUG]  - C:\Users\tweek\.gradle\caches\modules-2\files-2.1\org.ow2.asm\asm-util\9.6\f77caf84eb93786a749b2baa40865b9613e3eaee\asm-util-9.6.jar
[Architectury Transformer DEBUG]  - C:\Users\tweek\.gradle\caches\modules-2\files-2.1\net.fabricmc\sponge-mixin\0.13.3+mixin.0.8.5\9527e6b0d2449408958fd1302594dc65ec5ade9c\sponge-mixin-0.13.3+mixin.0.8.5.jar
[Architectury Transformer DEBUG]  - C:\Users\tweek\.gradle\caches\modules-2\files-2.1\io.github.llamalad7\mixinextras-fabric\0.3.5\3b577be20ea942610b3045e4f0cd909fa415a9d3\mixinextras-fabric-0.3.5.jar
[Architectury Transformer DEBUG]  - C:\Users\tweek\.gradle\caches\modules-2\files-2.1\com.github.oshi\oshi-core\6.2.2\54f5efc19bca95d709d9a37d19ffcbba3d21c1a6\oshi-core-6.2.2.jar
[Architectury Transformer DEBUG]  - C:\Users\tweek\.gradle\caches\modules-2\files-2.1\com.google.code.gson\gson\2.10\dd9b193aef96e973d5a11ab13cd17430c2e4306b\gson-2.10.jar
[Architectury Transformer DEBUG]  - C:\Users\tweek\.gradle\caches\modules-2\files-2.1\com.google.guava\failureaccess\1.0.1\1dcf1de382a0bf95a3d8b0849546c88bac1292c9\failureaccess-1.0.1.jar
[Architectury Transformer DEBUG]  - C:\Users\tweek\.gradle\caches\modules-2\files-2.1\com.google.guava\guava\31.1-jre\60458f877d055d0c9114d9e1a2efb737b4bc282c\guava-31.1-jre.jar
[Architectury Transformer DEBUG]  - C:\Users\tweek\.gradle\caches\modules-2\files-2.1\com.ibm.icu\icu4j\71.1\9e7d3304c23f9ba5cb71915f7cce23231a57a445\icu4j-71.1.jar
[Architectury Transformer DEBUG]  - C:\Users\tweek\.gradle\caches\modules-2\files-2.1\com.mojang\authlib\4.0.43\2ff9d747a77570a07a60d32ac77eb6162ad2a2d9\authlib-4.0.43.jar
[Architectury Transformer DEBUG]  - C:\Users\tweek\.gradle\caches\modules-2\files-2.1\com.mojang\blocklist\1.0.10\5c685c5ffa94c4cd39496c7184c1d122e515ecef\blocklist-1.0.10.jar
[Architectury Transformer DEBUG]  - C:\Users\tweek\.gradle\caches\modules-2\files-2.1\com.mojang\brigadier\1.1.8\5244ce82c3337bba4a196a3ce858bfaecc74404a\brigadier-1.1.8.jar
[Architectury Transformer DEBUG]  - C:\Users\tweek\.gradle\caches\modules-2\files-2.1\com.mojang\datafixerupper\6.0.8\3ba4a30557a9b057760af4011f909ba619fc5125\datafixerupper-6.0.8.jar
[Architectury Transformer DEBUG]  - C:\Users\tweek\.gradle\caches\modules-2\files-2.1\com.mojang\logging\1.1.1\832b8e6674a9b325a5175a3a6267dfaf34c85139\logging-1.1.1.jar
[Architectury Transformer DEBUG]  - C:\Users\tweek\.gradle\caches\modules-2\files-2.1\com.mojang\patchy\2.2.10\da05971b07cbb379d002cf7eaec6a2048211fefc\patchy-2.2.10.jar
[Architectury Transformer DEBUG]  - C:\Users\tweek\.gradle\caches\modules-2\files-2.1\com.mojang\text2speech\1.17.9\3cad216e3a7f0c19b4b394388bc9ffc446f13b14\text2speech-1.17.9.jar
[Architectury Transformer DEBUG]  - C:\Users\tweek\.gradle\caches\modules-2\files-2.1\commons-codec\commons-codec\1.15\49d94806b6e3dc933dacbd8acb0fdbab8ebd1e5d\commons-codec-1.15.jar
[Architectury Transformer DEBUG]  - C:\Users\tweek\.gradle\caches\modules-2\files-2.1\commons-io\commons-io\2.11.0\a2503f302b11ebde7ebc3df41daebe0e4eea3689\commons-io-2.11.0.jar
[Architectury Transformer DEBUG]  - C:\Users\tweek\.gradle\caches\modules-2\files-2.1\commons-logging\commons-logging\1.2\4bfc12adfe4842bf07b657f0369c4cb522955686\commons-logging-1.2.jar
[Architectury Transformer DEBUG]  - C:\Users\tweek\.gradle\caches\modules-2\files-2.1\io.netty\netty-buffer\4.1.82.Final\a544270cf1ae8b8077082f5036436a9a9971ea71\netty-buffer-4.1.82.Final.jar
[Architectury Transformer DEBUG]  - C:\Users\tweek\.gradle\caches\modules-2\files-2.1\io.netty\netty-codec\4.1.82.Final\b77200379acb345a9ffdece1c605e591ac3e4e0a\netty-codec-4.1.82.Final.jar
[Architectury Transformer DEBUG]  - C:\Users\tweek\.gradle\caches\modules-2\files-2.1\io.netty\netty-common\4.1.82.Final\22d148e85c3f5ebdacc0ce1f5aabb1d420f73f3\netty-common-4.1.82.Final.jar
[Architectury Transformer DEBUG]  - C:\Users\tweek\.gradle\caches\modules-2\files-2.1\io.netty\netty-handler\4.1.82.Final\644041d1fa96a5d3130a29e8978630d716d76e38\netty-handler-4.1.82.Final.jar
[Architectury Transformer DEBUG]  - C:\Users\tweek\.gradle\caches\modules-2\files-2.1\io.netty\netty-resolver\4.1.82.Final\38f665ae8dcd29032eea31245ba7806bed2e0fa8\netty-resolver-4.1.82.Final.jar
[Architectury Transformer DEBUG]  - C:\Users\tweek\.gradle\caches\modules-2\files-2.1\io.netty\netty-transport-classes-epoll\4.1.82.Final\e7c7dd18deac93105797f30057c912651ea76521\netty-transport-classes-epoll-4.1.82.Final.jar
[Architectury Transformer DEBUG]  - C:\Users\tweek\.gradle\caches\modules-2\files-2.1\io.netty\netty-transport-native-unix-common\4.1.82.Final\3e895b35ca1b8a0eca56cacff4c2dde5d2c6abce\netty-transport-native-unix-common-4.1.82.Final.jar
[Architectury Transformer DEBUG]  - C:\Users\tweek\.gradle\caches\modules-2\files-2.1\io.netty\netty-transport\4.1.82.Final\e431a218d91acb6476ccad5f5aafde50aa3945ca\netty-transport-4.1.82.Final.jar
[Architectury Transformer DEBUG]  - C:\Users\tweek\.gradle\caches\modules-2\files-2.1\it.unimi.dsi\fastutil\8.5.9\bb7ea75ecdb216654237830b3a96d87ad91f8cc5\fastutil-8.5.9.jar
[Architectury Transformer DEBUG]  - C:\Users\tweek\.gradle\caches\modules-2\files-2.1\net.java.dev.jna\jna-platform\5.12.1\97406a297c852f4a41e688a176ec675f72e8329\jna-platform-5.12.1.jar
[Architectury Transformer DEBUG]  - C:\Users\tweek\.gradle\caches\modules-2\files-2.1\net.java.dev.jna\jna\5.12.1\b1e93a735caea94f503e95e6fe79bf9cdc1e985d\jna-5.12.1.jar
[Architectury Transformer DEBUG]  - C:\Users\tweek\.gradle\caches\modules-2\files-2.1\net.sf.jopt-simple\jopt-simple\5.0.4\4fdac2fbe92dfad86aa6e9301736f6b4342a3f5c\jopt-simple-5.0.4.jar
[Architectury Transformer DEBUG]  - C:\Users\tweek\.gradle\caches\modules-2\files-2.1\org.apache.commons\commons-compress\1.21\4ec95b60d4e86b5c95a0e919cb172a0af98011ef\commons-compress-1.21.jar
[Architectury Transformer DEBUG]  - C:\Users\tweek\.gradle\caches\modules-2\files-2.1\org.apache.commons\commons-lang3\3.12.0\c6842c86792ff03b9f1d1fe2aab8dc23aa6c6f0e\commons-lang3-3.12.0.jar
[Architectury Transformer DEBUG]  - C:\Users\tweek\.gradle\caches\modules-2\files-2.1\org.apache.httpcomponents\httpclient\4.5.13\e5f6cae5ca7ecaac1ec2827a9e2d65ae2869cada\httpclient-4.5.13.jar
[Architectury Transformer DEBUG]  - C:\Users\tweek\.gradle\caches\modules-2\files-2.1\org.apache.httpcomponents\httpcore\4.4.15\7f2e0c573eaa7a74bac2e89b359e1f73d92a0a1d\httpcore-4.4.15.jar
[Architectury Transformer DEBUG]  - C:\Users\tweek\.gradle\caches\modules-2\files-2.1\org.apache.logging.log4j\log4j-api\2.19.0\ea1b37f38c327596b216542bc636cfdc0b8036fa\log4j-api-2.19.0.jar
[Architectury Transformer DEBUG]  - C:\Users\tweek\.gradle\caches\modules-2\files-2.1\org.apache.logging.log4j\log4j-core\2.19.0\3b6eeb4de4c49c0fe38a4ee27188ff5fee44d0bb\log4j-core-2.19.0.jar
[Architectury Transformer DEBUG]  - C:\Users\tweek\.gradle\caches\modules-2\files-2.1\org.apache.logging.log4j\log4j-slf4j2-impl\2.19.0\5c04bfdd63ce9dceb2e284b81e96b6a70010ee10\log4j-slf4j2-impl-2.19.0.jar
[Architectury Transformer DEBUG]  - C:\Users\tweek\.gradle\caches\modules-2\files-2.1\org.joml\joml\1.10.5\22566d58af70ad3d72308bab63b8339906deb649\joml-1.10.5.jar
[Architectury Transformer DEBUG]  - C:\Users\tweek\.gradle\caches\modules-2\files-2.1\org.lwjgl\lwjgl-glfw\3.3.1\cbac1b8d30cb4795149c1ef540f912671a8616d0\lwjgl-glfw-3.3.1.jar
[Architectury Transformer DEBUG]  - C:\Users\tweek\.gradle\caches\modules-2\files-2.1\org.lwjgl\lwjgl-jemalloc\3.3.1\a817bcf213db49f710603677457567c37d53e103\lwjgl-jemalloc-3.3.1.jar
[Architectury Transformer DEBUG]  - C:\Users\tweek\.gradle\caches\modules-2\files-2.1\org.lwjgl\lwjgl-openal\3.3.1\2623a6b8ae1dfcd880738656a9f0243d2e6840bd\lwjgl-openal-3.3.1.jar
[Architectury Transformer DEBUG]  - C:\Users\tweek\.gradle\caches\modules-2\files-2.1\org.lwjgl\lwjgl-opengl\3.3.1\831a5533a21a5f4f81bbc51bb13e9899319b5411\lwjgl-opengl-3.3.1.jar
[Architectury Transformer DEBUG]  - C:\Users\tweek\.gradle\caches\modules-2\files-2.1\org.lwjgl\lwjgl-stb\3.3.1\b119297cf8ed01f247abe8685857f8e7fcf5980f\lwjgl-stb-3.3.1.jar
[Architectury Transformer DEBUG]  - C:\Users\tweek\.gradle\caches\modules-2\files-2.1\org.lwjgl\lwjgl-tinyfd\3.3.1\ff1914111ef2e3e0110ef2dabc8d8cdaad82347\lwjgl-tinyfd-3.3.1.jar
[Architectury Transformer DEBUG]  - C:\Users\tweek\.gradle\caches\modules-2\files-2.1\org.lwjgl\lwjgl\3.3.1\ae58664f88e18a9bb2c77b063833ca7aaec484cb\lwjgl-3.3.1.jar
[Architectury Transformer DEBUG]  - C:\Users\tweek\.gradle\caches\modules-2\files-2.1\org.slf4j\slf4j-api\2.0.1\f48d81adce2abf5ad3cfe463df517952749e03bc\slf4j-api-2.0.1.jar
[Architectury Transformer DEBUG]  - C:\mods\Data\Repositories\AdorableHamsterPets-Source\.gradle\loom-cache\minecraftMaven\net\minecraft\minecraft-merged-8297d02b76\1.20.1-loom.mappings.1_20_1.layered+hash.52405625-v2\minecraft-merged-8297d02b76-1.20.1-loom.mappings.1_20_1.layered+hash.52405625-v2.jar
[Architectury Transformer DEBUG]  - C:\Users\tweek\.gradle\caches\modules-2\files-2.1\io.netty\netty-transport-native-epoll\4.1.82.Final\c7350a71920f3ae9142945e25fed4846cce53374\netty-transport-native-epoll-4.1.82.Final-linux-x86_64.jar
[Architectury Transformer DEBUG]  - C:\Users\tweek\.gradle\caches\modules-2\files-2.1\io.netty\netty-transport-native-epoll\4.1.82.Final\476409d6255001ca53a55f65b01c13822f8dc93a\netty-transport-native-epoll-4.1.82.Final-linux-aarch_64.jar
[Architectury Transformer DEBUG]  - C:\Users\tweek\.gradle\caches\modules-2\files-2.1\org.jetbrains.kotlin\kotlin-stdlib\2.0.20\7388d355f7cceb002cd387ccb7ab3850e4e0a07f\kotlin-stdlib-2.0.20.jar
[Architectury Transformer DEBUG]  - C:\mods\Data\Repositories\AdorableHamsterPets-Source\.gradle\loom-cache\remapped_mods\loom_mappings_1_20_1_layered_hash_52405625_v2\net\fabricmc\fabric-api\fabric-api\0.91.0+1.20.1\fabric-api-0.91.0+1.20.1.jar
[Architectury Transformer DEBUG]  - C:\mods\Data\Repositories\AdorableHamsterPets-Source\.gradle\loom-cache\remapped_mods\loom_mappings_1_20_1_layered_hash_52405625_v2\dev\architectury\architectury-fabric\9.2.14\architectury-fabric-9.2.14.jar
[Architectury Transformer DEBUG]  - C:\mods\Data\Repositories\AdorableHamsterPets-Source\.gradle\loom-cache\remapped_mods\loom_mappings_1_20_1_layered_hash_52405625_v2\software\bernie\geckolib\geckolib-fabric-1.20.1\4.4.9\geckolib-fabric-1.20.1-4.4.9.jar
[Architectury Transformer DEBUG]  - C:\mods\Data\Repositories\AdorableHamsterPets-Source\.gradle\loom-cache\remapped_mods\loom_mappings_1_20_1_layered_hash_52405625_v2\com\terraformersmc\modmenu\7.2.2\modmenu-7.2.2.jar
[Architectury Transformer DEBUG]  - C:\mods\Data\Repositories\AdorableHamsterPets-Source\.gradle\loom-cache\remapped_mods\loom_mappings_1_20_1_layered_hash_52405625_v2\curse\maven\jade-324717\6106093\jade-324717-6106093.jar
[Architectury Transformer DEBUG]  - C:\mods\Data\Repositories\AdorableHamsterPets-Source\.gradle\loom-cache\remapped_mods\loom_mappings_1_20_1_layered_hash_52405625_v2\me\fzzyhmstrs\fzzy_config\0.7.0+1.20.1\fzzy_config-0.7.0+1.20.1.jar
[Architectury Transformer DEBUG]  - C:\mods\Data\Repositories\AdorableHamsterPets-Source\.gradle\loom-cache\remapped_mods\loom_mappings_1_20_1_layered_hash_52405625_v2\maven\modrinth\placeholder-api\2.1.1+1.20\placeholder-api-2.1.1+1.20.jar
[Architectury Transformer DEBUG]  - C:\mods\Data\Repositories\AdorableHamsterPets-Source\.gradle\loom-cache\remapped_mods\loom_mappings_1_20_1_layered_hash_52405625_v2\net\fabricmc\fabric-api\fabric-transfer-api-v1\3.3.3+c81d263177\fabric-transfer-api-v1-3.3.3+c81d263177.jar
[Architectury Transformer DEBUG]  - C:\mods\Data\Repositories\AdorableHamsterPets-Source\.gradle\loom-cache\remapped_mods\loom_mappings_1_20_1_layered_hash_52405625_v2\net\fabricmc\fabric-api\fabric-api-lookup-api-v1\1.6.35+4d8536c977\fabric-api-lookup-api-v1-1.6.35+4d8536c977.jar
[Architectury Transformer DEBUG]  - C:\mods\Data\Repositories\AdorableHamsterPets-Source\.gradle\loom-cache\remapped_mods\loom_mappings_1_20_1_layered_hash_52405625_v2\net\fabricmc\fabric-api\fabric-blockrenderlayer-v1\1.1.40+b3afc78b77\fabric-blockrenderlayer-v1-1.1.40+b3afc78b77.jar
[Architectury Transformer DEBUG]  - C:\mods\Data\Repositories\AdorableHamsterPets-Source\.gradle\loom-cache\remapped_mods\loom_mappings_1_20_1_layered_hash_52405625_v2\net\fabricmc\fabric-api\fabric-client-tags-api-v1\1.1.1+97bb207577\fabric-client-tags-api-v1-1.1.1+97bb207577.jar
[Architectury Transformer DEBUG]  - C:\mods\Data\Repositories\AdorableHamsterPets-Source\.gradle\loom-cache\remapped_mods\loom_mappings_1_20_1_layered_hash_52405625_v2\net\fabricmc\fabric-api\fabric-command-api-v1\1.2.33+f71b366f77\fabric-command-api-v1-1.2.33+f71b366f77.jar
[Architectury Transformer DEBUG]  - C:\mods\Data\Repositories\AdorableHamsterPets-Source\.gradle\loom-cache\remapped_mods\loom_mappings_1_20_1_layered_hash_52405625_v2\net\fabricmc\fabric-api\fabric-commands-v0\0.2.50+df3654b377\fabric-commands-v0-0.2.50+df3654b377.jar
[Architectury Transformer DEBUG]  - C:\mods\Data\Repositories\AdorableHamsterPets-Source\.gradle\loom-cache\remapped_mods\loom_mappings_1_20_1_layered_hash_52405625_v2\net\fabricmc\fabric-api\fabric-command-api-v2\2.2.12+b3afc78b77\fabric-command-api-v2-2.2.12+b3afc78b77.jar
[Architectury Transformer DEBUG]  - C:\mods\Data\Repositories\AdorableHamsterPets-Source\.gradle\loom-cache\remapped_mods\loom_mappings_1_20_1_layered_hash_52405625_v2\net\fabricmc\fabric-api\fabric-content-registries-v0\4.0.10+57aed33f77\fabric-content-registries-v0-4.0.10+57aed33f77.jar
[Architectury Transformer DEBUG]  - C:\mods\Data\Repositories\AdorableHamsterPets-Source\.gradle\loom-cache\remapped_mods\loom_mappings_1_20_1_layered_hash_52405625_v2\net\fabricmc\fabric-api\fabric-convention-tags-v1\1.5.4+a1a980da77\fabric-convention-tags-v1-1.5.4+a1a980da77.jar
[Architectury Transformer DEBUG]  - C:\mods\Data\Repositories\AdorableHamsterPets-Source\.gradle\loom-cache\remapped_mods\loom_mappings_1_20_1_layered_hash_52405625_v2\net\fabricmc\fabric-api\fabric-data-generation-api-v1\12.3.3+d7b148e077\fabric-data-generation-api-v1-12.3.3+d7b148e077.jar
[Architectury Transformer DEBUG]  - C:\mods\Data\Repositories\AdorableHamsterPets-Source\.gradle\loom-cache\remapped_mods\loom_mappings_1_20_1_layered_hash_52405625_v2\net\fabricmc\fabric-api\fabric-dimensions-v1\2.1.53+8536527b77\fabric-dimensions-v1-2.1.53+8536527b77.jar
[Architectury Transformer DEBUG]  - C:\mods\Data\Repositories\AdorableHamsterPets-Source\.gradle\loom-cache\remapped_mods\loom_mappings_1_20_1_layered_hash_52405625_v2\net\fabricmc\fabric-api\fabric-entity-events-v1\1.5.22+b3afc78b77\fabric-entity-events-v1-1.5.22+b3afc78b77.jar
[Architectury Transformer DEBUG]  - C:\mods\Data\Repositories\AdorableHamsterPets-Source\.gradle\loom-cache\remapped_mods\loom_mappings_1_20_1_layered_hash_52405625_v2\net\fabricmc\fabric-api\fabric-events-interaction-v0\0.6.1+e91849a877\fabric-events-interaction-v0-0.6.1+e91849a877.jar
[Architectury Transformer DEBUG]  - C:\mods\Data\Repositories\AdorableHamsterPets-Source\.gradle\loom-cache\remapped_mods\loom_mappings_1_20_1_layered_hash_52405625_v2\net\fabricmc\fabric-api\fabric-gametest-api-v1\1.2.12+b3afc78b77\fabric-gametest-api-v1-1.2.12+b3afc78b77.jar
[Architectury Transformer DEBUG]  - C:\mods\Data\Repositories\AdorableHamsterPets-Source\.gradle\loom-cache\remapped_mods\loom_mappings_1_20_1_layered_hash_52405625_v2\net\fabricmc\fabric-api\fabric-events-lifecycle-v0\0.2.62+df3654b377\fabric-events-lifecycle-v0-0.2.62+df3654b377.jar
[Architectury Transformer DEBUG]  - C:\mods\Data\Repositories\AdorableHamsterPets-Source\.gradle\loom-cache\remapped_mods\loom_mappings_1_20_1_layered_hash_52405625_v2\net\fabricmc\fabric-api\fabric-item-api-v1\2.1.27+b3afc78b77\fabric-item-api-v1-2.1.27+b3afc78b77.jar
[Architectury Transformer DEBUG]  - C:\mods\Data\Repositories\AdorableHamsterPets-Source\.gradle\loom-cache\remapped_mods\loom_mappings_1_20_1_layered_hash_52405625_v2\net\fabricmc\fabric-api\fabric-item-group-api-v1\4.0.11+d7b148e077\fabric-item-group-api-v1-4.0.11+d7b148e077.jar
[Architectury Transformer DEBUG]  - C:\mods\Data\Repositories\AdorableHamsterPets-Source\.gradle\loom-cache\remapped_mods\loom_mappings_1_20_1_layered_hash_52405625_v2\net\fabricmc\fabric-api\fabric-mining-level-api-v1\2.1.49+b3afc78b77\fabric-mining-level-api-v1-2.1.49+b3afc78b77.jar
[Architectury Transformer DEBUG]  - C:\mods\Data\Repositories\AdorableHamsterPets-Source\.gradle\loom-cache\remapped_mods\loom_mappings_1_20_1_layered_hash_52405625_v2\net\fabricmc\fabric-api\fabric-lifecycle-events-v1\2.2.21+b3afc78b77\fabric-lifecycle-events-v1-2.2.21+b3afc78b77.jar
[Architectury Transformer DEBUG]  - C:\mods\Data\Repositories\AdorableHamsterPets-Source\.gradle\loom-cache\remapped_mods\loom_mappings_1_20_1_layered_hash_52405625_v2\net\fabricmc\fabric-api\fabric-loot-tables-v1\1.1.44+9e7660c677\fabric-loot-tables-v1-1.1.44+9e7660c677.jar
[Architectury Transformer DEBUG]  - C:\mods\Data\Repositories\AdorableHamsterPets-Source\.gradle\loom-cache\remapped_mods\loom_mappings_1_20_1_layered_hash_52405625_v2\net\fabricmc\fabric-api\fabric-loot-api-v2\1.2.0+96dfa95977\fabric-loot-api-v2-1.2.0+96dfa95977.jar
[Architectury Transformer DEBUG]  - C:\mods\Data\Repositories\AdorableHamsterPets-Source\.gradle\loom-cache\remapped_mods\loom_mappings_1_20_1_layered_hash_52405625_v2\net\fabricmc\fabric-api\fabric-message-api-v1\5.1.8+d7b148e077\fabric-message-api-v1-5.1.8+d7b148e077.jar
[Architectury Transformer DEBUG]  - C:\mods\Data\Repositories\AdorableHamsterPets-Source\.gradle\loom-cache\remapped_mods\loom_mappings_1_20_1_layered_hash_52405625_v2\net\fabricmc\fabric-api\fabric-models-v0\0.4.1+9386d8a777\fabric-models-v0-0.4.1+9386d8a777.jar
[Architectury Transformer DEBUG]  - C:\mods\Data\Repositories\AdorableHamsterPets-Source\.gradle\loom-cache\remapped_mods\loom_mappings_1_20_1_layered_hash_52405625_v2\net\fabricmc\fabric-api\fabric-model-loading-api-v1\1.0.2+709a987177\fabric-model-loading-api-v1-1.0.2+709a987177.jar
[Architectury Transformer DEBUG]  - C:\mods\Data\Repositories\AdorableHamsterPets-Source\.gradle\loom-cache\remapped_mods\loom_mappings_1_20_1_layered_hash_52405625_v2\net\fabricmc\fabric-api\fabric-recipe-api-v1\1.0.20+b3afc78b77\fabric-recipe-api-v1-1.0.20+b3afc78b77.jar
[Architectury Transformer DEBUG]  - C:\mods\Data\Repositories\AdorableHamsterPets-Source\.gradle\loom-cache\remapped_mods\loom_mappings_1_20_1_layered_hash_52405625_v2\net\fabricmc\fabric-api\fabric-registry-sync-v0\2.3.2+4df89eb277\fabric-registry-sync-v0-2.3.2+4df89eb277.jar
[Architectury Transformer DEBUG]  - C:\mods\Data\Repositories\AdorableHamsterPets-Source\.gradle\loom-cache\remapped_mods\loom_mappings_1_20_1_layered_hash_52405625_v2\net\fabricmc\fabric-api\fabric-screen-handler-api-v1\1.3.29+b3afc78b77\fabric-screen-handler-api-v1-1.3.29+b3afc78b77.jar
[Architectury Transformer DEBUG]  - C:\mods\Data\Repositories\AdorableHamsterPets-Source\.gradle\loom-cache\remapped_mods\loom_mappings_1_20_1_layered_hash_52405625_v2\net\fabricmc\fabric-api\fabric-containers-v0\0.1.63+df3654b377\fabric-containers-v0-0.1.63+df3654b377.jar
[Architectury Transformer DEBUG]  - C:\mods\Data\Repositories\AdorableHamsterPets-Source\.gradle\loom-cache\remapped_mods\loom_mappings_1_20_1_layered_hash_52405625_v2\net\fabricmc\fabric-api\fabric-networking-v0\0.3.50+df3654b377\fabric-networking-v0-0.3.50+df3654b377.jar
[Architectury Transformer DEBUG]  - C:\mods\Data\Repositories\AdorableHamsterPets-Source\.gradle\loom-cache\remapped_mods\loom_mappings_1_20_1_layered_hash_52405625_v2\net\fabricmc\fabric-api\fabric-networking-api-v1\1.3.10+eeb8eb3677\fabric-networking-api-v1-1.3.10+eeb8eb3677.jar
[Architectury Transformer DEBUG]  - C:\mods\Data\Repositories\AdorableHamsterPets-Source\.gradle\loom-cache\remapped_mods\loom_mappings_1_20_1_layered_hash_52405625_v2\net\fabricmc\fabric-api\fabric-object-builder-api-v1\11.1.2+4ee0bc6077\fabric-object-builder-api-v1-11.1.2+4ee0bc6077.jar
[Architectury Transformer DEBUG]  - C:\mods\Data\Repositories\AdorableHamsterPets-Source\.gradle\loom-cache\remapped_mods\loom_mappings_1_20_1_layered_hash_52405625_v2\net\fabricmc\fabric-api\fabric-particles-v1\1.1.1+201a23a077\fabric-particles-v1-1.1.1+201a23a077.jar
[Architectury Transformer DEBUG]  - C:\mods\Data\Repositories\AdorableHamsterPets-Source\.gradle\loom-cache\remapped_mods\loom_mappings_1_20_1_layered_hash_52405625_v2\net\fabricmc\fabric-api\fabric-renderer-indigo\1.5.0+39a511ba77\fabric-renderer-indigo-1.5.0+39a511ba77.jar
[Architectury Transformer DEBUG]  - C:\mods\Data\Repositories\AdorableHamsterPets-Source\.gradle\loom-cache\remapped_mods\loom_mappings_1_20_1_layered_hash_52405625_v2\net\fabricmc\fabric-api\fabric-renderer-api-v1\3.2.0+39a511ba77\fabric-renderer-api-v1-3.2.0+39a511ba77.jar
[Architectury Transformer DEBUG]  - C:\mods\Data\Repositories\AdorableHamsterPets-Source\.gradle\loom-cache\remapped_mods\loom_mappings_1_20_1_layered_hash_52405625_v2\net\fabricmc\fabric-api\fabric-rendering-fluids-v1\3.0.27+b3afc78b77\fabric-rendering-fluids-v1-3.0.27+b3afc78b77.jar
[Architectury Transformer DEBUG]  - C:\mods\Data\Repositories\AdorableHamsterPets-Source\.gradle\loom-cache\remapped_mods\loom_mappings_1_20_1_layered_hash_52405625_v2\net\fabricmc\fabric-api\fabric-renderer-registries-v1\3.2.45+df3654b377\fabric-renderer-registries-v1-3.2.45+df3654b377.jar
[Architectury Transformer DEBUG]  - C:\mods\Data\Repositories\AdorableHamsterPets-Source\.gradle\loom-cache\remapped_mods\loom_mappings_1_20_1_layered_hash_52405625_v2\net\fabricmc\fabric-api\fabric-rendering-v0\1.1.48+df3654b377\fabric-rendering-v0-1.1.48+df3654b377.jar
[Architectury Transformer DEBUG]  - C:\mods\Data\Repositories\AdorableHamsterPets-Source\.gradle\loom-cache\remapped_mods\loom_mappings_1_20_1_layered_hash_52405625_v2\net\fabricmc\fabric-api\fabric-rendering-v1\3.0.7+b3afc78b77\fabric-rendering-v1-3.0.7+b3afc78b77.jar
[Architectury Transformer DEBUG]  - C:\mods\Data\Repositories\AdorableHamsterPets-Source\.gradle\loom-cache\remapped_mods\loom_mappings_1_20_1_layered_hash_52405625_v2\net\fabricmc\fabric-api\fabric-screen-api-v1\2.0.7+b3afc78b77\fabric-screen-api-v1-2.0.7+b3afc78b77.jar
[Architectury Transformer DEBUG]  - C:\mods\Data\Repositories\AdorableHamsterPets-Source\.gradle\loom-cache\remapped_mods\loom_mappings_1_20_1_layered_hash_52405625_v2\net\fabricmc\fabric-api\fabric-api-base\0.4.30+7abfd51577\fabric-api-base-0.4.30+7abfd51577.jar
[Architectury Transformer DEBUG]  - C:\mods\Data\Repositories\AdorableHamsterPets-Source\.gradle\loom-cache\remapped_mods\loom_mappings_1_20_1_layered_hash_52405625_v2\net\fabricmc\fabric-api\fabric-biome-api-v1\13.0.12+215bbe9677\fabric-biome-api-v1-13.0.12+215bbe9677.jar
[Architectury Transformer DEBUG]  - C:\mods\Data\Repositories\AdorableHamsterPets-Source\.gradle\loom-cache\remapped_mods\loom_mappings_1_20_1_layered_hash_52405625_v2\net\fabricmc\fabric-api\fabric-block-api-v1\1.0.10+92a0d36777\fabric-block-api-v1-1.0.10+92a0d36777.jar
[Architectury Transformer DEBUG]  - C:\mods\Data\Repositories\AdorableHamsterPets-Source\.gradle\loom-cache\remapped_mods\loom_mappings_1_20_1_layered_hash_52405625_v2\net\fabricmc\fabric-api\fabric-rendering-data-attachment-v1\0.3.36+92a0d36777\fabric-rendering-data-attachment-v1-0.3.36+92a0d36777.jar
[Architectury Transformer DEBUG]  - C:\mods\Data\Repositories\AdorableHamsterPets-Source\.gradle\loom-cache\remapped_mods\loom_mappings_1_20_1_layered_hash_52405625_v2\net\fabricmc\fabric-api\fabric-block-view-api-v2\1.0.0+92a0d36777\fabric-block-view-api-v2-1.0.0+92a0d36777.jar
[Architectury Transformer DEBUG]  - C:\mods\Data\Repositories\AdorableHamsterPets-Source\.gradle\loom-cache\remapped_mods\loom_mappings_1_20_1_layered_hash_52405625_v2\net\fabricmc\fabric-api\fabric-crash-report-info-v1\0.2.18+aeb40ebe77\fabric-crash-report-info-v1-0.2.18+aeb40ebe77.jar
[Architectury Transformer DEBUG]  - C:\mods\Data\Repositories\AdorableHamsterPets-Source\.gradle\loom-cache\remapped_mods\loom_mappings_1_20_1_layered_hash_52405625_v2\net\fabricmc\fabric-api\fabric-game-rule-api-v1\1.0.39+ae9f657a77\fabric-game-rule-api-v1-1.0.39+ae9f657a77.jar
[Architectury Transformer DEBUG]  - C:\mods\Data\Repositories\AdorableHamsterPets-Source\.gradle\loom-cache\remapped_mods\loom_mappings_1_20_1_layered_hash_52405625_v2\net\fabricmc\fabric-api\fabric-keybindings-v0\0.2.34+df3654b377\fabric-keybindings-v0-0.2.34+df3654b377.jar
[Architectury Transformer DEBUG]  - C:\mods\Data\Repositories\AdorableHamsterPets-Source\.gradle\loom-cache\remapped_mods\loom_mappings_1_20_1_layered_hash_52405625_v2\net\fabricmc\fabric-api\fabric-key-binding-api-v1\1.0.36+fb8d95da77\fabric-key-binding-api-v1-1.0.36+fb8d95da77.jar
[Architectury Transformer DEBUG]  - C:\mods\Data\Repositories\AdorableHamsterPets-Source\.gradle\loom-cache\remapped_mods\loom_mappings_1_20_1_layered_hash_52405625_v2\net\fabricmc\fabric-api\fabric-resource-conditions-api-v1\2.3.7+29de845d77\fabric-resource-conditions-api-v1-2.3.7+29de845d77.jar
[Architectury Transformer DEBUG]  - C:\mods\Data\Repositories\AdorableHamsterPets-Source\.gradle\loom-cache\remapped_mods\loom_mappings_1_20_1_layered_hash_52405625_v2\net\fabricmc\fabric-api\fabric-resource-loader-v0\0.11.9+132c48c177\fabric-resource-loader-v0-0.11.9+132c48c177.jar
[Architectury Transformer DEBUG]  - C:\mods\Data\Repositories\AdorableHamsterPets-Source\.gradle\loom-cache\remapped_mods\loom_mappings_1_20_1_layered_hash_52405625_v2\net\fabricmc\fabric-api\fabric-sound-api-v1\1.0.12+b3afc78b77\fabric-sound-api-v1-1.0.12+b3afc78b77.jar
[Architectury Transformer DEBUG]  - C:\mods\Data\Repositories\AdorableHamsterPets-Source\.gradle\loom-cache\remapped_mods\loom_mappings_1_20_1_layered_hash_52405625_v2\net\fabricmc\fabric-api\fabric-transitive-access-wideners-v1\4.3.0+6c31357e77\fabric-transitive-access-wideners-v1-4.3.0+6c31357e77.jar
[Architectury Transformer] Read classpath in 782.9 ms
[Architectury Transformer DEBUG] Closed File Systems for C:\mods\Data\Repositories\AdorableHamsterPets-Source\common\build\devlibs\adorablehamsterpets-2.0.2-1.20.1+common-dev.jar
[Architectury Transformer DEBUG] Transforming 5 transformer(s) from C:\mods\Data\Repositories\AdorableHamsterPets-Source\common\build\devlibs\adorablehamsterpets-2.0.2-1.20.1+common-dev.jar to C:\Users\tweek\AppData\Local\Temp\8752434592190183035.jar: 
[Architectury Transformer DEBUG]  - dev.architectury.transformer.transformers.RuntimeMixinRefmapDetector@4116aac9
[Architectury Transformer DEBUG]  - dev.architectury.transformer.transformers.GenerateFakeFabricMod@62ddbd7e
[Architectury Transformer DEBUG]  - dev.architectury.transformer.transformers.TransformExpectPlatform@74e52ef6
[Architectury Transformer DEBUG]  - dev.architectury.transformer.transformers.RemapInjectables@6ed3ccb2
[Architectury Transformer DEBUG]  - dev.architectury.transformer.transformers.TransformPlatformOnly@1a677343
[Architectury Transformer DEBUG] Transforming from C:\mods\Data\Repositories\AdorableHamsterPets-Source\common\build\devlibs\adorablehamsterpets-2.0.2-1.20.1+common-dev.jar to C:\Users\tweek\AppData\Local\Temp\8752434592190183035.jar with 5 transformer(s) on dev.architectury.transformer.handler.SimpleTransformerHandler
[Architectury Transformer DEBUG] Found class transformer
[Architectury Transformer DEBUG] Writing net/dawson/adorablehamsterpets/accessor/PlayerEntityAccessor with maxs=true frames=true
[Architectury Transformer DEBUG] Writing net/dawson/adorablehamsterpets/AdorableHamsterPets with maxs=true frames=true
[Architectury Transformer DEBUG] Writing net/dawson/adorablehamsterpets/AdorableHamsterPetsClient with maxs=true frames=true
[Architectury Transformer DEBUG] Writing net/dawson/adorablehamsterpets/advancement/criterion/AppliedPinkPetalCriterion$Conditions with maxs=true frames=true
[Architectury Transformer DEBUG] Writing net/dawson/adorablehamsterpets/advancement/criterion/AppliedPinkPetalCriterion with maxs=true frames=true
[Architectury Transformer DEBUG] Writing net/dawson/adorablehamsterpets/advancement/criterion/CheekPouchUnlockedCriterion$Conditions with maxs=true frames=true
[Architectury Transformer DEBUG] Writing net/dawson/adorablehamsterpets/advancement/criterion/CheekPouchUnlockedCriterion with maxs=true frames=true
[Architectury Transformer DEBUG] Writing net/dawson/adorablehamsterpets/advancement/criterion/FedHamsterSteamedBeansCriterion$Conditions with maxs=true frames=true
[Architectury Transformer DEBUG] Writing net/dawson/adorablehamsterpets/advancement/criterion/FedHamsterSteamedBeansCriterion with maxs=true frames=true
[Architectury Transformer DEBUG] Writing net/dawson/adorablehamsterpets/advancement/criterion/FirstJoinCriterion$Conditions with maxs=true frames=true
[Architectury Transformer DEBUG] Writing net/dawson/adorablehamsterpets/advancement/criterion/FirstJoinCriterion with maxs=true frames=true
[Architectury Transformer DEBUG] Writing net/dawson/adorablehamsterpets/advancement/criterion/HamsterAutoFedCriterion$Conditions with maxs=true frames=true
[Architectury Transformer DEBUG] Writing net/dawson/adorablehamsterpets/advancement/criterion/HamsterAutoFedCriterion with maxs=true frames=true
[Architectury Transformer DEBUG] Writing net/dawson/adorablehamsterpets/advancement/criterion/HamsterCreeperAlertCriterion$Conditions with maxs=true frames=true
[Architectury Transformer DEBUG] Writing net/dawson/adorablehamsterpets/advancement/criterion/HamsterCreeperAlertCriterion with maxs=true frames=true
[Architectury Transformer DEBUG] Writing net/dawson/adorablehamsterpets/advancement/criterion/HamsterDiamondAlertCriterion$Conditions with maxs=true frames=true
[Architectury Transformer DEBUG] Writing net/dawson/adorablehamsterpets/advancement/criterion/HamsterDiamondAlertCriterion with maxs=true frames=true
[Architectury Transformer DEBUG] Writing net/dawson/adorablehamsterpets/advancement/criterion/HamsterFoundGoldCriterion$Conditions with maxs=true frames=true
[Architectury Transformer DEBUG] Writing net/dawson/adorablehamsterpets/advancement/criterion/HamsterFoundGoldCriterion with maxs=true frames=true
[Architectury Transformer DEBUG] Writing net/dawson/adorablehamsterpets/advancement/criterion/HamsterLedToDiamondCriterion$Conditions with maxs=true frames=true
[Architectury Transformer DEBUG] Writing net/dawson/adorablehamsterpets/advancement/criterion/HamsterLedToDiamondCriterion with maxs=true frames=true
[Architectury Transformer DEBUG] Writing net/dawson/adorablehamsterpets/advancement/criterion/HamsterOnShoulderCriterion$Conditions with maxs=true frames=true
[Architectury Transformer DEBUG] Writing net/dawson/adorablehamsterpets/advancement/criterion/HamsterOnShoulderCriterion with maxs=true frames=true
[Architectury Transformer DEBUG] Writing net/dawson/adorablehamsterpets/advancement/criterion/HamsterPouchFilledCriterion$Conditions with maxs=true frames=true
[Architectury Transformer DEBUG] Writing net/dawson/adorablehamsterpets/advancement/criterion/HamsterPouchFilledCriterion with maxs=true frames=true
[Architectury Transformer DEBUG] Writing net/dawson/adorablehamsterpets/advancement/criterion/HamsterThrownCriterion$Conditions with maxs=true frames=true
[Architectury Transformer DEBUG] Writing net/dawson/adorablehamsterpets/advancement/criterion/HamsterThrownCriterion with maxs=true frames=true
[Architectury Transformer DEBUG] Writing net/dawson/adorablehamsterpets/advancement/criterion/ModCriteria with maxs=true frames=true
[Architectury Transformer DEBUG] Writing net/dawson/adorablehamsterpets/block/custom/CucumberCropBlock with maxs=true frames=true
[Architectury Transformer DEBUG] Writing net/dawson/adorablehamsterpets/block/custom/GreenBeansCropBlock with maxs=true frames=true
[Architectury Transformer DEBUG] Writing net/dawson/adorablehamsterpets/block/custom/SunflowerBlock with maxs=true frames=true
[Architectury Transformer DEBUG] Writing net/dawson/adorablehamsterpets/block/custom/WildCucumberBushBlock with maxs=true frames=true
[Architectury Transformer DEBUG] Writing net/dawson/adorablehamsterpets/block/custom/WildGreenBeanBushBlock with maxs=true frames=true
[Architectury Transformer DEBUG] Writing net/dawson/adorablehamsterpets/block/ModBlocks with maxs=true frames=true
[Architectury Transformer DEBUG] Writing net/dawson/adorablehamsterpets/client/option/ModKeyBindings with maxs=true frames=true
[Architectury Transformer DEBUG] Writing net/dawson/adorablehamsterpets/client/sound/HamsterCleaningSoundInstance with maxs=true frames=true
[Architectury Transformer DEBUG] Writing net/dawson/adorablehamsterpets/client/sound/HamsterFlightSoundInstance with maxs=true frames=true
[Architectury Transformer DEBUG] Writing net/dawson/adorablehamsterpets/client/sound/HamsterThrowSoundInstance with maxs=true frames=true
[Architectury Transformer DEBUG] Writing net/dawson/adorablehamsterpets/command/ModCommands with maxs=true frames=true
[Architectury Transformer DEBUG] Writing net/dawson/adorablehamsterpets/component/HamsterShoulderData$SeekingBehaviorData with maxs=true frames=true
[Architectury Transformer DEBUG] Writing net/dawson/adorablehamsterpets/component/HamsterShoulderData with maxs=true frames=true
[Architectury Transformer DEBUG] Writing net/dawson/adorablehamsterpets/config/AhpConfig with maxs=true frames=true
[Architectury Transformer DEBUG] Writing net/dawson/adorablehamsterpets/config/Configs with maxs=true frames=true
[Architectury Transformer DEBUG] Writing net/dawson/adorablehamsterpets/entity/AI/HamsterFleeGoal with maxs=true frames=true
[Architectury Transformer DEBUG] Writing net/dawson/adorablehamsterpets/entity/AI/HamsterFollowOwnerGoal with maxs=true frames=true
[Architectury Transformer DEBUG] Writing net/dawson/adorablehamsterpets/entity/AI/HamsterLookAroundGoal with maxs=true frames=true
[Architectury Transformer DEBUG] Writing net/dawson/adorablehamsterpets/entity/AI/HamsterLookAtEntityGoal with maxs=true frames=true
[Architectury Transformer DEBUG] Writing net/dawson/adorablehamsterpets/entity/AI/HamsterMateGoal with maxs=true frames=true
[Architectury Transformer DEBUG] Writing net/dawson/adorablehamsterpets/entity/AI/HamsterMeleeAttackGoal with maxs=true frames=true
[Architectury Transformer DEBUG] Writing net/dawson/adorablehamsterpets/entity/AI/HamsterSeekDiamondGoal$SeekingState with maxs=true frames=true
[Architectury Transformer DEBUG] Writing net/dawson/adorablehamsterpets/entity/AI/HamsterSeekDiamondGoal with maxs=true frames=true
[Architectury Transformer DEBUG] Writing net/dawson/adorablehamsterpets/entity/AI/HamsterSitGoal with maxs=true frames=true
[Architectury Transformer DEBUG] Writing net/dawson/adorablehamsterpets/entity/AI/HamsterSleepGoal with maxs=true frames=true
[Architectury Transformer DEBUG] Writing net/dawson/adorablehamsterpets/entity/AI/HamsterTemptGoal with maxs=true frames=true
[Architectury Transformer DEBUG] Writing net/dawson/adorablehamsterpets/entity/AI/HamsterWanderAroundFarGoal with maxs=true frames=true
[Architectury Transformer DEBUG] Writing net/dawson/adorablehamsterpets/entity/client/feature/HamsterShoulderFeatureRenderer with maxs=true frames=true
[Architectury Transformer DEBUG] Writing net/dawson/adorablehamsterpets/entity/client/HamsterModel with maxs=true frames=true
[Architectury Transformer DEBUG] Writing net/dawson/adorablehamsterpets/entity/client/HamsterRenderer with maxs=true frames=true
[Architectury Transformer DEBUG] Writing net/dawson/adorablehamsterpets/entity/client/layer/HamsterOverlayLayer with maxs=true frames=true
[Architectury Transformer DEBUG] Writing net/dawson/adorablehamsterpets/entity/client/layer/HamsterPinkPetalOverlayLayer with maxs=true frames=true
[Architectury Transformer DEBUG] Writing net/dawson/adorablehamsterpets/entity/client/model/HamsterShoulderModel with maxs=true frames=true
[Architectury Transformer DEBUG] Writing net/dawson/adorablehamsterpets/entity/client/ModModelLayers with maxs=true frames=true
[Architectury Transformer DEBUG] Writing net/dawson/adorablehamsterpets/entity/custom/HamsterEntity$1 with maxs=true frames=true
[Architectury Transformer DEBUG] Writing net/dawson/adorablehamsterpets/entity/custom/HamsterEntity$DozingPhase with maxs=true frames=true
[Architectury Transformer DEBUG] Writing net/dawson/adorablehamsterpets/entity/custom/HamsterEntity with maxs=true frames=true
[Architectury Transformer DEBUG] Writing net/dawson/adorablehamsterpets/entity/custom/HamsterVariant$BaseOverlayPair with maxs=true frames=true
[Architectury Transformer DEBUG] Writing net/dawson/adorablehamsterpets/entity/custom/HamsterVariant with maxs=true frames=true
[Architectury Transformer DEBUG] Writing net/dawson/adorablehamsterpets/entity/ImplementedInventory with maxs=true frames=true
[Architectury Transformer DEBUG] Writing net/dawson/adorablehamsterpets/entity/ModEntities with maxs=true frames=true
[Architectury Transformer DEBUG] Writing net/dawson/adorablehamsterpets/integration/jade/AHPJadePlugin with maxs=true frames=true
[Architectury Transformer DEBUG] Writing net/dawson/adorablehamsterpets/integration/jade/HamsterDebugComponentProvider with maxs=true frames=true
[Architectury Transformer DEBUG] Writing net/dawson/adorablehamsterpets/integration/jade/WildBushComponentProvider with maxs=true frames=true
[Architectury Transformer DEBUG] Writing net/dawson/adorablehamsterpets/item/custom/HamsterGuideBook with maxs=true frames=true
[Architectury Transformer DEBUG] Writing net/dawson/adorablehamsterpets/item/ModFoodComponents with maxs=true frames=true
[Architectury Transformer DEBUG] Writing net/dawson/adorablehamsterpets/item/ModItemGroups with maxs=true frames=true
[Architectury Transformer DEBUG] Writing net/dawson/adorablehamsterpets/item/ModItems$1 with maxs=true frames=true
[Architectury Transformer DEBUG] Writing net/dawson/adorablehamsterpets/item/ModItems$10 with maxs=true frames=true
[Architectury Transformer DEBUG] Writing net/dawson/adorablehamsterpets/item/ModItems$11 with maxs=true frames=true
[Architectury Transformer DEBUG] Writing net/dawson/adorablehamsterpets/item/ModItems$12 with maxs=true frames=true
[Architectury Transformer DEBUG] Writing net/dawson/adorablehamsterpets/item/ModItems$2 with maxs=true frames=true
[Architectury Transformer DEBUG] Writing net/dawson/adorablehamsterpets/item/ModItems$3 with maxs=true frames=true
[Architectury Transformer DEBUG] Writing net/dawson/adorablehamsterpets/item/ModItems$4 with maxs=true frames=true
[Architectury Transformer DEBUG] Writing net/dawson/adorablehamsterpets/item/ModItems$5 with maxs=true frames=true
[Architectury Transformer DEBUG] Writing net/dawson/adorablehamsterpets/item/ModItems$6 with maxs=true frames=true
[Architectury Transformer DEBUG] Writing net/dawson/adorablehamsterpets/item/ModItems$7 with maxs=true frames=true
[Architectury Transformer DEBUG] Writing net/dawson/adorablehamsterpets/item/ModItems$8 with maxs=true frames=true
[Architectury Transformer DEBUG] Writing net/dawson/adorablehamsterpets/item/ModItems$9 with maxs=true frames=true
[Architectury Transformer DEBUG] Writing net/dawson/adorablehamsterpets/item/ModItems with maxs=true frames=true
[Architectury Transformer DEBUG] Writing net/dawson/adorablehamsterpets/mixin/accessor/MeleeAttackGoalAccessor with maxs=true frames=true
[Architectury Transformer DEBUG] Writing net/dawson/adorablehamsterpets/mixin/client/LivingEntityRendererInvoker with maxs=true frames=true
[Architectury Transformer DEBUG] Writing net/dawson/adorablehamsterpets/mixin/client/PlayerEntityRendererMixin with maxs=true frames=true
[Architectury Transformer DEBUG] Writing net/dawson/adorablehamsterpets/mixin/server/CreeperEntityMixin with maxs=true frames=true
[Architectury Transformer DEBUG] Writing net/dawson/adorablehamsterpets/mixin/server/PlayerEntityMixin with maxs=true frames=true
[Architectury Transformer DEBUG] Writing net/dawson/adorablehamsterpets/ModRegistries with maxs=true frames=true
[Architectury Transformer DEBUG] Writing net/dawson/adorablehamsterpets/networking/ModPackets with maxs=true frames=true
[Architectury Transformer DEBUG] Writing net/dawson/adorablehamsterpets/screen/HamsterInventoryScreen with maxs=true frames=true
[Architectury Transformer DEBUG] Writing net/dawson/adorablehamsterpets/screen/HamsterInventoryScreenHandler$1 with maxs=true frames=true
[Architectury Transformer DEBUG] Writing net/dawson/adorablehamsterpets/screen/HamsterInventoryScreenHandler with maxs=true frames=true
[Architectury Transformer DEBUG] Writing net/dawson/adorablehamsterpets/screen/ModScreenHandlers with maxs=true frames=true
[Architectury Transformer DEBUG] Writing net/dawson/adorablehamsterpets/screen/slot/HamsterSlot with maxs=true frames=true
[Architectury Transformer DEBUG] Writing net/dawson/adorablehamsterpets/sound/ModSounds with maxs=true frames=true
[Architectury Transformer DEBUG] Writing net/dawson/adorablehamsterpets/tag/ModItemTags with maxs=true frames=true
[Architectury Transformer DEBUG] Writing net/dawson/adorablehamsterpets/util/HamsterRenderTracker with maxs=true frames=true
[Architectury Transformer DEBUG] Writing net/dawson/adorablehamsterpets/world/gen/feature/ModConfiguredFeatures with maxs=true frames=true
[Architectury Transformer DEBUG] Writing net/dawson/adorablehamsterpets/world/gen/feature/ModPlacedFeatures with maxs=true frames=true
[Architectury Transformer DEBUG] Writing net/dawson/adorablehamsterpets/world/gen/ModEntitySpawns with maxs=true frames=true
[Architectury Transformer DEBUG] Writing net/dawson/adorablehamsterpets/world/ModSpawnPlacements with maxs=true frames=true
[Architectury Transformer DEBUG] Writing net/dawson/adorablehamsterpets/world/ModWorldGeneration with maxs=true frames=true
[Architectury Transformer DEBUG] Checking whether /adorablehamsterpets-common-refmap.json is a mixin config.
[Architectury Transformer DEBUG] Checking whether /adorablehamsterpets.mixins.json is a mixin config.
[Architectury Transformer] Mixin Config [adorablehamsterpets.mixins.json] contains 'refmap', please remove it so it works in development environment!
[Architectury Transformer DEBUG] Closed File Systems for C:\Users\tweek\AppData\Local\Temp\8752434592190183035.jar
[Architectury Transformer] Listening at C:\mods\Data\Repositories\AdorableHamsterPets-Source\common\build\devlibs\adorablehamsterpets-2.0.2-1.20.1+common-dev.jar
[Architectury Transformer DEBUG] Temporary jar [C:\Users\tweek\AppData\Local\Temp\8752434592190183035.jar] contains packages: net.dawson.adorablehamsterpets.tag, net.dawson.adorablehamsterpets.entity.client.layer, net.dawson.adorablehamsterpets.advancement.criterion, net.dawson.adorablehamsterpets.world, net.dawson.adorablehamsterpets.block.custom, net.dawson.adorablehamsterpets.entity.client.model, net.dawson.adorablehamsterpets.entity.client, net.dawson.adorablehamsterpets, net.dawson.adorablehamsterpets.entity.client.feature, net.dawson.adorablehamsterpets.command, net.dawson.adorablehamsterpets.sound, net.dawson.adorablehamsterpets.util, net.dawson.adorablehamsterpets.entity, net.dawson.adorablehamsterpets.integration.jade, net.dawson.adorablehamsterpets.mixin.server, net.dawson.adorablehamsterpets.entity.AI, net.dawson.adorablehamsterpets.networking, net.dawson.adorablehamsterpets.entity.custom, net.dawson.adorablehamsterpets.client.sound, net.dawson.adorablehamsterpets.screen, net.dawson.adorablehamsterpets.screen.slot, net.dawson.adorablehamsterpets.mixin.client, net.dawson.adorablehamsterpets.mixin.accessor, net.dawson.adorablehamsterpets.client.option, net.dawson.adorablehamsterpets.accessor, net.dawson.adorablehamsterpets.config, net.dawson.adorablehamsterpets.world.gen.feature, net.dawson.adorablehamsterpets.world.gen, net.dawson.adorablehamsterpets.component, net.dawson.adorablehamsterpets.item.custom, net.dawson.adorablehamsterpets.item, net.dawson.adorablehamsterpets.block
[Architectury Transformer DEBUG] Closed File Systems for C:\mods\Data\Repositories\AdorableHamsterPets-Source\common\build\devlibs\adorablehamsterpets-2.0.2-1.20.1+common-dev.jar
[Architectury Transformer DEBUG] Classpath entry [C:\mods\Data\Repositories\AdorableHamsterPets-Source\fabric\build\resources\main] contains packages: 
[Architectury Transformer DEBUG] Transforming from net/dawson/adorablehamsterpets/accessor/PlayerEntityAccessor.class to net/dawson/adorablehamsterpets/accessor/PlayerEntityAccessor.class with 5 transformer(s) on dev.architectury.transformer.handler.TinyRemapperPreparedTransformerHandler
[Architectury Transformer DEBUG] Found class transformer
[Architectury Transformer DEBUG] Writing net/dawson/adorablehamsterpets/accessor/PlayerEntityAccessor with maxs=true frames=true
[Architectury Transformer DEBUG] Transformed net/dawson/adorablehamsterpets/accessor/PlayerEntityAccessor in 928.3 μs
[Architectury Transformer DEBUG] Transforming from net/dawson/adorablehamsterpets/mixin/accessor/MeleeAttackGoalAccessor.class to net/dawson/adorablehamsterpets/mixin/accessor/MeleeAttackGoalAccessor.class with 5 transformer(s) on dev.architectury.transformer.handler.TinyRemapperPreparedTransformerHandler
[Architectury Transformer DEBUG] Found class transformer
[Architectury Transformer DEBUG] Writing net/dawson/adorablehamsterpets/mixin/accessor/MeleeAttackGoalAccessor with maxs=true frames=true
[Architectury Transformer DEBUG] Transformed net/dawson/adorablehamsterpets/mixin/accessor/MeleeAttackGoalAccessor in 480.3 μs
[Architectury Transformer DEBUG] Transforming from net/dawson/adorablehamsterpets/AdorableHamsterPets.class to net/dawson/adorablehamsterpets/AdorableHamsterPets.class with 5 transformer(s) on dev.architectury.transformer.handler.TinyRemapperPreparedTransformerHandler
[Architectury Transformer DEBUG] Found class transformer
[Architectury Transformer DEBUG] Writing net/dawson/adorablehamsterpets/AdorableHamsterPets with maxs=true frames=true
[Architectury Transformer DEBUG] Transformed net/dawson/adorablehamsterpets/AdorableHamsterPets in 1.078 ms
[Architectury Transformer DEBUG] Transforming from net/dawson/adorablehamsterpets/config/Configs.class to net/dawson/adorablehamsterpets/config/Configs.class with 5 transformer(s) on dev.architectury.transformer.handler.TinyRemapperPreparedTransformerHandler
[Architectury Transformer DEBUG] Found class transformer
[Architectury Transformer DEBUG] Writing net/dawson/adorablehamsterpets/config/Configs with maxs=true frames=true
[Architectury Transformer DEBUG] Transformed net/dawson/adorablehamsterpets/config/Configs in 192.0 μs
[Architectury Transformer DEBUG] Transforming from net/dawson/adorablehamsterpets/config/AhpConfig.class to net/dawson/adorablehamsterpets/config/AhpConfig.class with 5 transformer(s) on dev.architectury.transformer.handler.TinyRemapperPreparedTransformerHandler
[Architectury Transformer DEBUG] Found class transformer
[Architectury Transformer DEBUG] Writing net/dawson/adorablehamsterpets/config/AhpConfig with maxs=true frames=true
[Architectury Transformer DEBUG] Transformed net/dawson/adorablehamsterpets/config/AhpConfig in 870.2 μs
[Architectury Transformer DEBUG] Transforming from net/dawson/adorablehamsterpets/entity/ModEntities.class to net/dawson/adorablehamsterpets/entity/ModEntities.class with 5 transformer(s) on dev.architectury.transformer.handler.TinyRemapperPreparedTransformerHandler
[Architectury Transformer DEBUG] Found class transformer
[Architectury Transformer DEBUG] Writing net/dawson/adorablehamsterpets/entity/ModEntities with maxs=true frames=true
[Architectury Transformer DEBUG] Transformed net/dawson/adorablehamsterpets/entity/ModEntities in 434.8 μs
[Architectury Transformer DEBUG] Transforming from net/dawson/adorablehamsterpets/entity/custom/HamsterEntity.class to net/dawson/adorablehamsterpets/entity/custom/HamsterEntity.class with 5 transformer(s) on dev.architectury.transformer.handler.TinyRemapperPreparedTransformerHandler
[Architectury Transformer DEBUG] Found class transformer
[Architectury Transformer DEBUG] Writing net/dawson/adorablehamsterpets/entity/custom/HamsterEntity with maxs=true frames=true
[Architectury Transformer DEBUG] Transformed net/dawson/adorablehamsterpets/entity/custom/HamsterEntity in 5.178 ms
[Architectury Transformer DEBUG] Transforming from net/dawson/adorablehamsterpets/entity/ImplementedInventory.class to net/dawson/adorablehamsterpets/entity/ImplementedInventory.class with 5 transformer(s) on dev.architectury.transformer.handler.TinyRemapperPreparedTransformerHandler
[Architectury Transformer DEBUG] Found class transformer
[Architectury Transformer DEBUG] Writing net/dawson/adorablehamsterpets/entity/ImplementedInventory with maxs=true frames=true
[Architectury Transformer DEBUG] Transformed net/dawson/adorablehamsterpets/entity/ImplementedInventory in 1.069 ms
[Architectury Transformer DEBUG] Transforming from net/dawson/adorablehamsterpets/screen/HamsterInventoryScreenHandler.class to net/dawson/adorablehamsterpets/screen/HamsterInventoryScreenHandler.class with 5 transformer(s) on dev.architectury.transformer.handler.TinyRemapperPreparedTransformerHandler
[Architectury Transformer DEBUG] Found class transformer
[Architectury Transformer DEBUG] Writing net/dawson/adorablehamsterpets/screen/HamsterInventoryScreenHandler with maxs=true frames=true
[Architectury Transformer DEBUG] Transformed net/dawson/adorablehamsterpets/screen/HamsterInventoryScreenHandler in 994.8 μs
[Architectury Transformer DEBUG] Transforming from net/dawson/adorablehamsterpets/entity/AI/HamsterSeekDiamondGoal.class to net/dawson/adorablehamsterpets/entity/AI/HamsterSeekDiamondGoal.class with 5 transformer(s) on dev.architectury.transformer.handler.TinyRemapperPreparedTransformerHandler
[Architectury Transformer DEBUG] Found class transformer
[Architectury Transformer DEBUG] Writing net/dawson/adorablehamsterpets/entity/AI/HamsterSeekDiamondGoal with maxs=true frames=true
[Architectury Transformer DEBUG] Transformed net/dawson/adorablehamsterpets/entity/AI/HamsterSeekDiamondGoal in 1.443 ms
[Architectury Transformer DEBUG] Transforming from net/dawson/adorablehamsterpets/entity/AI/HamsterMeleeAttackGoal.class to net/dawson/adorablehamsterpets/entity/AI/HamsterMeleeAttackGoal.class with 5 transformer(s) on dev.architectury.transformer.handler.TinyRemapperPreparedTransformerHandler
[Architectury Transformer DEBUG] Found class transformer
[Architectury Transformer DEBUG] Writing net/dawson/adorablehamsterpets/entity/AI/HamsterMeleeAttackGoal with maxs=true frames=true
[Architectury Transformer DEBUG] Transformed net/dawson/adorablehamsterpets/entity/AI/HamsterMeleeAttackGoal in 320.5 μs
[Architectury Transformer DEBUG] Transforming from net/dawson/adorablehamsterpets/entity/AI/HamsterMateGoal.class to net/dawson/adorablehamsterpets/entity/AI/HamsterMateGoal.class with 5 transformer(s) on dev.architectury.transformer.handler.TinyRemapperPreparedTransformerHandler
[Architectury Transformer DEBUG] Found class transformer
[Architectury Transformer DEBUG] Writing net/dawson/adorablehamsterpets/entity/AI/HamsterMateGoal with maxs=true frames=true
[Architectury Transformer DEBUG] Transformed net/dawson/adorablehamsterpets/entity/AI/HamsterMateGoal in 788.3 μs
[Architectury Transformer DEBUG] Transforming from net/dawson/adorablehamsterpets/entity/AI/HamsterFollowOwnerGoal.class to net/dawson/adorablehamsterpets/entity/AI/HamsterFollowOwnerGoal.class with 5 transformer(s) on dev.architectury.transformer.handler.TinyRemapperPreparedTransformerHandler
[Architectury Transformer DEBUG] Found class transformer
[Architectury Transformer DEBUG] Writing net/dawson/adorablehamsterpets/entity/AI/HamsterFollowOwnerGoal with maxs=true frames=true
[Architectury Transformer DEBUG] Transformed net/dawson/adorablehamsterpets/entity/AI/HamsterFollowOwnerGoal in 184.8 μs
[Architectury Transformer DEBUG] Transforming from net/dawson/adorablehamsterpets/entity/AI/HamsterFleeGoal.class to net/dawson/adorablehamsterpets/entity/AI/HamsterFleeGoal.class with 5 transformer(s) on dev.architectury.transformer.handler.TinyRemapperPreparedTransformerHandler
[Architectury Transformer DEBUG] Found class transformer
[Architectury Transformer DEBUG] Writing net/dawson/adorablehamsterpets/entity/AI/HamsterFleeGoal with maxs=true frames=true
[Architectury Transformer DEBUG] Transformed net/dawson/adorablehamsterpets/entity/AI/HamsterFleeGoal in 691.9 μs
[Architectury Transformer DEBUG] Transforming from net/dawson/adorablehamsterpets/entity/AI/HamsterTemptGoal.class to net/dawson/adorablehamsterpets/entity/AI/HamsterTemptGoal.class with 5 transformer(s) on dev.architectury.transformer.handler.TinyRemapperPreparedTransformerHandler
[Architectury Transformer DEBUG] Found class transformer
[Architectury Transformer DEBUG] Writing net/dawson/adorablehamsterpets/entity/AI/HamsterTemptGoal with maxs=true frames=true
[Architectury Transformer DEBUG] Transformed net/dawson/adorablehamsterpets/entity/AI/HamsterTemptGoal in 402.0 μs
[Architectury Transformer DEBUG] Transforming from net/dawson/adorablehamsterpets/entity/AI/HamsterSitGoal.class to net/dawson/adorablehamsterpets/entity/AI/HamsterSitGoal.class with 5 transformer(s) on dev.architectury.transformer.handler.TinyRemapperPreparedTransformerHandler
[Architectury Transformer DEBUG] Found class transformer
[Architectury Transformer DEBUG] Writing net/dawson/adorablehamsterpets/entity/AI/HamsterSitGoal with maxs=true frames=true
[Architectury Transformer DEBUG] Transformed net/dawson/adorablehamsterpets/entity/AI/HamsterSitGoal in 163.3 μs
[Architectury Transformer DEBUG] Transforming from net/dawson/adorablehamsterpets/entity/AI/HamsterSleepGoal.class to net/dawson/adorablehamsterpets/entity/AI/HamsterSleepGoal.class with 5 transformer(s) on dev.architectury.transformer.handler.TinyRemapperPreparedTransformerHandler
[Architectury Transformer DEBUG] Found class transformer
[Architectury Transformer DEBUG] Writing net/dawson/adorablehamsterpets/entity/AI/HamsterSleepGoal with maxs=true frames=true
[Architectury Transformer DEBUG] Transformed net/dawson/adorablehamsterpets/entity/AI/HamsterSleepGoal in 328.3 μs
[Architectury Transformer DEBUG] Transforming from net/dawson/adorablehamsterpets/entity/AI/HamsterWanderAroundFarGoal.class to net/dawson/adorablehamsterpets/entity/AI/HamsterWanderAroundFarGoal.class with 5 transformer(s) on dev.architectury.transformer.handler.TinyRemapperPreparedTransformerHandler
[Architectury Transformer DEBUG] Found class transformer
[Architectury Transformer DEBUG] Writing net/dawson/adorablehamsterpets/entity/AI/HamsterWanderAroundFarGoal with maxs=true frames=true
[Architectury Transformer DEBUG] Transformed net/dawson/adorablehamsterpets/entity/AI/HamsterWanderAroundFarGoal in 214.4 μs
[Architectury Transformer DEBUG] Transforming from net/dawson/adorablehamsterpets/entity/AI/HamsterLookAtEntityGoal.class to net/dawson/adorablehamsterpets/entity/AI/HamsterLookAtEntityGoal.class with 5 transformer(s) on dev.architectury.transformer.handler.TinyRemapperPreparedTransformerHandler
[Architectury Transformer DEBUG] Found class transformer
[Architectury Transformer DEBUG] Writing net/dawson/adorablehamsterpets/entity/AI/HamsterLookAtEntityGoal with maxs=true frames=true
[Architectury Transformer DEBUG] Transformed net/dawson/adorablehamsterpets/entity/AI/HamsterLookAtEntityGoal in 393.2 μs
[Architectury Transformer DEBUG] Transforming from net/dawson/adorablehamsterpets/entity/AI/HamsterLookAroundGoal.class to net/dawson/adorablehamsterpets/entity/AI/HamsterLookAroundGoal.class with 5 transformer(s) on dev.architectury.transformer.handler.TinyRemapperPreparedTransformerHandler
[Architectury Transformer DEBUG] Found class transformer
[Architectury Transformer DEBUG] Writing net/dawson/adorablehamsterpets/entity/AI/HamsterLookAroundGoal with maxs=true frames=true
[Architectury Transformer DEBUG] Transformed net/dawson/adorablehamsterpets/entity/AI/HamsterLookAroundGoal in 470.8 μs
[Architectury Transformer DEBUG] Transforming from net/dawson/adorablehamsterpets/sound/ModSounds.class to net/dawson/adorablehamsterpets/sound/ModSounds.class with 5 transformer(s) on dev.architectury.transformer.handler.TinyRemapperPreparedTransformerHandler
[Architectury Transformer DEBUG] Found class transformer
[Architectury Transformer DEBUG] Writing net/dawson/adorablehamsterpets/sound/ModSounds with maxs=true frames=true
[Architectury Transformer DEBUG] Transformed net/dawson/adorablehamsterpets/sound/ModSounds in 606.9 μs
[Architectury Transformer DEBUG] Transforming from net/dawson/adorablehamsterpets/block/ModBlocks.class to net/dawson/adorablehamsterpets/block/ModBlocks.class with 5 transformer(s) on dev.architectury.transformer.handler.TinyRemapperPreparedTransformerHandler
[Architectury Transformer DEBUG] Found class transformer
[Architectury Transformer DEBUG] Writing net/dawson/adorablehamsterpets/block/ModBlocks with maxs=true frames=true
[Architectury Transformer DEBUG] Transformed net/dawson/adorablehamsterpets/block/ModBlocks in 312.5 μs
[Architectury Transformer DEBUG] Transforming from net/dawson/adorablehamsterpets/block/custom/GreenBeansCropBlock.class to net/dawson/adorablehamsterpets/block/custom/GreenBeansCropBlock.class with 5 transformer(s) on dev.architectury.transformer.handler.TinyRemapperPreparedTransformerHandler
[Architectury Transformer DEBUG] Found class transformer
[Architectury Transformer DEBUG] Writing net/dawson/adorablehamsterpets/block/custom/GreenBeansCropBlock with maxs=true frames=true
[Architectury Transformer DEBUG] Transformed net/dawson/adorablehamsterpets/block/custom/GreenBeansCropBlock in 122.8 μs
[Architectury Transformer DEBUG] Transforming from net/dawson/adorablehamsterpets/block/custom/CucumberCropBlock.class to net/dawson/adorablehamsterpets/block/custom/CucumberCropBlock.class with 5 transformer(s) on dev.architectury.transformer.handler.TinyRemapperPreparedTransformerHandler
[Architectury Transformer DEBUG] Found class transformer
[Architectury Transformer DEBUG] Writing net/dawson/adorablehamsterpets/block/custom/CucumberCropBlock with maxs=true frames=true
[Architectury Transformer DEBUG] Transformed net/dawson/adorablehamsterpets/block/custom/CucumberCropBlock in 113.3 μs
[Architectury Transformer DEBUG] Transforming from net/dawson/adorablehamsterpets/block/custom/WildGreenBeanBushBlock.class to net/dawson/adorablehamsterpets/block/custom/WildGreenBeanBushBlock.class with 5 transformer(s) on dev.architectury.transformer.handler.TinyRemapperPreparedTransformerHandler
[Architectury Transformer DEBUG] Found class transformer
[Architectury Transformer DEBUG] Writing net/dawson/adorablehamsterpets/block/custom/WildGreenBeanBushBlock with maxs=true frames=true
[Architectury Transformer DEBUG] Transformed net/dawson/adorablehamsterpets/block/custom/WildGreenBeanBushBlock in 246.1 μs
[Architectury Transformer DEBUG] Transforming from net/dawson/adorablehamsterpets/block/custom/WildCucumberBushBlock.class to net/dawson/adorablehamsterpets/block/custom/WildCucumberBushBlock.class with 5 transformer(s) on dev.architectury.transformer.handler.TinyRemapperPreparedTransformerHandler
[Architectury Transformer DEBUG] Found class transformer
[Architectury Transformer DEBUG] Writing net/dawson/adorablehamsterpets/block/custom/WildCucumberBushBlock with maxs=true frames=true
[Architectury Transformer DEBUG] Transformed net/dawson/adorablehamsterpets/block/custom/WildCucumberBushBlock in 257.4 μs
[Architectury Transformer DEBUG] Transforming from net/dawson/adorablehamsterpets/block/custom/SunflowerBlock.class to net/dawson/adorablehamsterpets/block/custom/SunflowerBlock.class with 5 transformer(s) on dev.architectury.transformer.handler.TinyRemapperPreparedTransformerHandler
[Architectury Transformer DEBUG] Found class transformer
[Architectury Transformer DEBUG] Writing net/dawson/adorablehamsterpets/block/custom/SunflowerBlock with maxs=true frames=true
[Architectury Transformer DEBUG] Transformed net/dawson/adorablehamsterpets/block/custom/SunflowerBlock in 494.4 μs
[Architectury Transformer DEBUG] Transforming from net/dawson/adorablehamsterpets/item/ModItems.class to net/dawson/adorablehamsterpets/item/ModItems.class with 5 transformer(s) on dev.architectury.transformer.handler.TinyRemapperPreparedTransformerHandler
[Architectury Transformer DEBUG] Found class transformer
[Architectury Transformer DEBUG] Writing net/dawson/adorablehamsterpets/item/ModItems with maxs=true frames=true
[Architectury Transformer DEBUG] Transformed net/dawson/adorablehamsterpets/item/ModItems in 493.0 μs
[Architectury Transformer DEBUG] Transforming from net/dawson/adorablehamsterpets/item/custom/HamsterGuideBook.class to net/dawson/adorablehamsterpets/item/custom/HamsterGuideBook.class with 5 transformer(s) on dev.architectury.transformer.handler.TinyRemapperPreparedTransformerHandler
[Architectury Transformer DEBUG] Found class transformer
[Architectury Transformer DEBUG] Writing net/dawson/adorablehamsterpets/item/custom/HamsterGuideBook with maxs=true frames=true
[Architectury Transformer DEBUG] Transformed net/dawson/adorablehamsterpets/item/custom/HamsterGuideBook in 317.2 μs
[Architectury Transformer DEBUG] Transforming from net/dawson/adorablehamsterpets/item/ModItems$1.class to net/dawson/adorablehamsterpets/item/ModItems$1.class with 5 transformer(s) on dev.architectury.transformer.handler.TinyRemapperPreparedTransformerHandler
[Architectury Transformer DEBUG] Found class transformer
[Architectury Transformer DEBUG] Writing net/dawson/adorablehamsterpets/item/ModItems$1 with maxs=true frames=true
[Architectury Transformer DEBUG] Transformed net/dawson/adorablehamsterpets/item/ModItems$1 in 234.0 μs
[Architectury Transformer DEBUG] Transforming from net/dawson/adorablehamsterpets/item/ModItems$2.class to net/dawson/adorablehamsterpets/item/ModItems$2.class with 5 transformer(s) on dev.architectury.transformer.handler.TinyRemapperPreparedTransformerHandler
[Architectury Transformer DEBUG] Found class transformer
[Architectury Transformer DEBUG] Writing net/dawson/adorablehamsterpets/item/ModItems$2 with maxs=true frames=true
[Architectury Transformer DEBUG] Transformed net/dawson/adorablehamsterpets/item/ModItems$2 in 157.8 μs
[Architectury Transformer DEBUG] Transforming from net/dawson/adorablehamsterpets/item/ModItems$3.class to net/dawson/adorablehamsterpets/item/ModItems$3.class with 5 transformer(s) on dev.architectury.transformer.handler.TinyRemapperPreparedTransformerHandler
[Architectury Transformer DEBUG] Found class transformer
[Architectury Transformer DEBUG] Writing net/dawson/adorablehamsterpets/item/ModItems$3 with maxs=true frames=true
[Architectury Transformer DEBUG] Transformed net/dawson/adorablehamsterpets/item/ModItems$3 in 164.8 μs
[Architectury Transformer DEBUG] Transforming from net/dawson/adorablehamsterpets/item/ModItems$4.class to net/dawson/adorablehamsterpets/item/ModItems$4.class with 5 transformer(s) on dev.architectury.transformer.handler.TinyRemapperPreparedTransformerHandler
[Architectury Transformer DEBUG] Found class transformer
[Architectury Transformer DEBUG] Writing net/dawson/adorablehamsterpets/item/ModItems$4 with maxs=true frames=true
[Architectury Transformer DEBUG] Transformed net/dawson/adorablehamsterpets/item/ModItems$4 in 134.3 μs
[Architectury Transformer DEBUG] Transforming from net/dawson/adorablehamsterpets/item/ModItems$9.class to net/dawson/adorablehamsterpets/item/ModItems$9.class with 5 transformer(s) on dev.architectury.transformer.handler.TinyRemapperPreparedTransformerHandler
[Architectury Transformer DEBUG] Found class transformer
[Architectury Transformer DEBUG] Writing net/dawson/adorablehamsterpets/item/ModItems$9 with maxs=true frames=true
[Architectury Transformer DEBUG] Transformed net/dawson/adorablehamsterpets/item/ModItems$9 in 286.6 μs
[Architectury Transformer DEBUG] Transforming from net/dawson/adorablehamsterpets/item/ModItems$11.class to net/dawson/adorablehamsterpets/item/ModItems$11.class with 5 transformer(s) on dev.architectury.transformer.handler.TinyRemapperPreparedTransformerHandler
[Architectury Transformer DEBUG] Found class transformer
[Architectury Transformer DEBUG] Writing net/dawson/adorablehamsterpets/item/ModItems$11 with maxs=true frames=true
[Architectury Transformer DEBUG] Transformed net/dawson/adorablehamsterpets/item/ModItems$11 in 157.8 μs
[Architectury Transformer DEBUG] Transforming from net/dawson/adorablehamsterpets/item/ModItems$10.class to net/dawson/adorablehamsterpets/item/ModItems$10.class with 5 transformer(s) on dev.architectury.transformer.handler.TinyRemapperPreparedTransformerHandler
[Architectury Transformer DEBUG] Found class transformer
[Architectury Transformer DEBUG] Writing net/dawson/adorablehamsterpets/item/ModItems$10 with maxs=true frames=true
[Architectury Transformer DEBUG] Transformed net/dawson/adorablehamsterpets/item/ModItems$10 in 167.8 μs
[Architectury Transformer DEBUG] Transforming from net/dawson/adorablehamsterpets/item/ModItems$8.class to net/dawson/adorablehamsterpets/item/ModItems$8.class with 5 transformer(s) on dev.architectury.transformer.handler.TinyRemapperPreparedTransformerHandler
[Architectury Transformer DEBUG] Found class transformer
[Architectury Transformer DEBUG] Writing net/dawson/adorablehamsterpets/item/ModItems$8 with maxs=true frames=true
[Architectury Transformer DEBUG] Transformed net/dawson/adorablehamsterpets/item/ModItems$8 in 119.9 μs
[Architectury Transformer DEBUG] Transforming from net/dawson/adorablehamsterpets/item/ModItems$5.class to net/dawson/adorablehamsterpets/item/ModItems$5.class with 5 transformer(s) on dev.architectury.transformer.handler.TinyRemapperPreparedTransformerHandler
[Architectury Transformer DEBUG] Found class transformer
[Architectury Transformer DEBUG] Writing net/dawson/adorablehamsterpets/item/ModItems$5 with maxs=true frames=true
[Architectury Transformer DEBUG] Transformed net/dawson/adorablehamsterpets/item/ModItems$5 in 115.1 μs
[Architectury Transformer DEBUG] Transforming from net/dawson/adorablehamsterpets/item/ModItems$6.class to net/dawson/adorablehamsterpets/item/ModItems$6.class with 5 transformer(s) on dev.architectury.transformer.handler.TinyRemapperPreparedTransformerHandler
[Architectury Transformer DEBUG] Found class transformer
[Architectury Transformer DEBUG] Writing net/dawson/adorablehamsterpets/item/ModItems$6 with maxs=true frames=true
[Architectury Transformer DEBUG] Transformed net/dawson/adorablehamsterpets/item/ModItems$6 in 114.6 μs
[Architectury Transformer DEBUG] Transforming from net/dawson/adorablehamsterpets/item/ModItems$7.class to net/dawson/adorablehamsterpets/item/ModItems$7.class with 5 transformer(s) on dev.architectury.transformer.handler.TinyRemapperPreparedTransformerHandler
[Architectury Transformer DEBUG] Found class transformer
[Architectury Transformer DEBUG] Writing net/dawson/adorablehamsterpets/item/ModItems$7 with maxs=true frames=true
[Architectury Transformer DEBUG] Transformed net/dawson/adorablehamsterpets/item/ModItems$7 in 124.0 μs
[Architectury Transformer DEBUG] Transforming from net/dawson/adorablehamsterpets/item/ModItems$12.class to net/dawson/adorablehamsterpets/item/ModItems$12.class with 5 transformer(s) on dev.architectury.transformer.handler.TinyRemapperPreparedTransformerHandler
[Architectury Transformer DEBUG] Found class transformer
[Architectury Transformer DEBUG] Writing net/dawson/adorablehamsterpets/item/ModItems$12 with maxs=true frames=true
[Architectury Transformer DEBUG] Transformed net/dawson/adorablehamsterpets/item/ModItems$12 in 132.4 μs
[Architectury Transformer DEBUG] Transforming from net/dawson/adorablehamsterpets/item/ModFoodComponents.class to net/dawson/adorablehamsterpets/item/ModFoodComponents.class with 5 transformer(s) on dev.architectury.transformer.handler.TinyRemapperPreparedTransformerHandler
[Architectury Transformer DEBUG] Found class transformer
[Architectury Transformer DEBUG] Writing net/dawson/adorablehamsterpets/item/ModFoodComponents with maxs=true frames=true
[Architectury Transformer DEBUG] Transformed net/dawson/adorablehamsterpets/item/ModFoodComponents in 270.5 μs
[Architectury Transformer DEBUG] Transforming from net/dawson/adorablehamsterpets/item/ModItemGroups.class to net/dawson/adorablehamsterpets/item/ModItemGroups.class with 5 transformer(s) on dev.architectury.transformer.handler.TinyRemapperPreparedTransformerHandler
[Architectury Transformer DEBUG] Found class transformer
[Architectury Transformer DEBUG] Writing net/dawson/adorablehamsterpets/item/ModItemGroups with maxs=true frames=true
[Architectury Transformer DEBUG] Transformed net/dawson/adorablehamsterpets/item/ModItemGroups in 350.4 μs
[Architectury Transformer DEBUG] Transforming from net/dawson/adorablehamsterpets/screen/ModScreenHandlers.class to net/dawson/adorablehamsterpets/screen/ModScreenHandlers.class with 5 transformer(s) on dev.architectury.transformer.handler.TinyRemapperPreparedTransformerHandler
[Architectury Transformer DEBUG] Found class transformer
[Architectury Transformer DEBUG] Writing net/dawson/adorablehamsterpets/screen/ModScreenHandlers with maxs=true frames=true
[Architectury Transformer DEBUG] Transformed net/dawson/adorablehamsterpets/screen/ModScreenHandlers in 425.5 μs
[Architectury Transformer DEBUG] Transforming from net/dawson/adorablehamsterpets/advancement/criterion/ModCriteria.class to net/dawson/adorablehamsterpets/advancement/criterion/ModCriteria.class with 5 transformer(s) on dev.architectury.transformer.handler.TinyRemapperPreparedTransformerHandler
[Architectury Transformer DEBUG] Found class transformer
[Architectury Transformer DEBUG] Writing net/dawson/adorablehamsterpets/advancement/criterion/ModCriteria with maxs=true frames=true
[Architectury Transformer DEBUG] Transformed net/dawson/adorablehamsterpets/advancement/criterion/ModCriteria in 326.9 μs
[Architectury Transformer DEBUG] Transforming from net/dawson/adorablehamsterpets/advancement/criterion/HamsterOnShoulderCriterion.class to net/dawson/adorablehamsterpets/advancement/criterion/HamsterOnShoulderCriterion.class with 5 transformer(s) on dev.architectury.transformer.handler.TinyRemapperPreparedTransformerHandler
[Architectury Transformer DEBUG] Found class transformer
[Architectury Transformer DEBUG] Writing net/dawson/adorablehamsterpets/advancement/criterion/HamsterOnShoulderCriterion with maxs=true frames=true
[Architectury Transformer DEBUG] Transformed net/dawson/adorablehamsterpets/advancement/criterion/HamsterOnShoulderCriterion in 338.1 μs
[Architectury Transformer DEBUG] Transforming from net/dawson/adorablehamsterpets/advancement/criterion/HamsterOnShoulderCriterion$Conditions.class to net/dawson/adorablehamsterpets/advancement/criterion/HamsterOnShoulderCriterion$Conditions.class with 5 transformer(s) on dev.architectury.transformer.handler.TinyRemapperPreparedTransformerHandler
[Architectury Transformer DEBUG] Found class transformer
[Architectury Transformer DEBUG] Writing net/dawson/adorablehamsterpets/advancement/criterion/HamsterOnShoulderCriterion$Conditions with maxs=true frames=true
[Architectury Transformer DEBUG] Transformed net/dawson/adorablehamsterpets/advancement/criterion/HamsterOnShoulderCriterion$Conditions in 207.0 μs
[Architectury Transformer DEBUG] Transforming from net/dawson/adorablehamsterpets/advancement/criterion/HamsterThrownCriterion.class to net/dawson/adorablehamsterpets/advancement/criterion/HamsterThrownCriterion.class with 5 transformer(s) on dev.architectury.transformer.handler.TinyRemapperPreparedTransformerHandler
[Architectury Transformer DEBUG] Found class transformer
[Architectury Transformer DEBUG] Writing net/dawson/adorablehamsterpets/advancement/criterion/HamsterThrownCriterion with maxs=true frames=true
[Architectury Transformer DEBUG] Transformed net/dawson/adorablehamsterpets/advancement/criterion/HamsterThrownCriterion in 247.0 μs
[Architectury Transformer DEBUG] Transforming from net/dawson/adorablehamsterpets/advancement/criterion/HamsterThrownCriterion$Conditions.class to net/dawson/adorablehamsterpets/advancement/criterion/HamsterThrownCriterion$Conditions.class with 5 transformer(s) on dev.architectury.transformer.handler.TinyRemapperPreparedTransformerHandler
[Architectury Transformer DEBUG] Found class transformer
[Architectury Transformer DEBUG] Writing net/dawson/adorablehamsterpets/advancement/criterion/HamsterThrownCriterion$Conditions with maxs=true frames=true
[Architectury Transformer DEBUG] Transformed net/dawson/adorablehamsterpets/advancement/criterion/HamsterThrownCriterion$Conditions in 116.6 μs
[Architectury Transformer DEBUG] Transforming from net/dawson/adorablehamsterpets/advancement/criterion/FirstJoinCriterion.class to net/dawson/adorablehamsterpets/advancement/criterion/FirstJoinCriterion.class with 5 transformer(s) on dev.architectury.transformer.handler.TinyRemapperPreparedTransformerHandler
[Architectury Transformer DEBUG] Found class transformer
[Architectury Transformer DEBUG] Writing net/dawson/adorablehamsterpets/advancement/criterion/FirstJoinCriterion with maxs=true frames=true
[Architectury Transformer DEBUG] Transformed net/dawson/adorablehamsterpets/advancement/criterion/FirstJoinCriterion in 156.3 μs
[Architectury Transformer DEBUG] Transforming from net/dawson/adorablehamsterpets/advancement/criterion/FirstJoinCriterion$Conditions.class to net/dawson/adorablehamsterpets/advancement/criterion/FirstJoinCriterion$Conditions.class with 5 transformer(s) on dev.architectury.transformer.handler.TinyRemapperPreparedTransformerHandler
[Architectury Transformer DEBUG] Found class transformer
[Architectury Transformer DEBUG] Writing net/dawson/adorablehamsterpets/advancement/criterion/FirstJoinCriterion$Conditions with maxs=true frames=true
[Architectury Transformer DEBUG] Transformed net/dawson/adorablehamsterpets/advancement/criterion/FirstJoinCriterion$Conditions in 99.60 μs
[Architectury Transformer DEBUG] Transforming from net/dawson/adorablehamsterpets/advancement/criterion/FedHamsterSteamedBeansCriterion.class to net/dawson/adorablehamsterpets/advancement/criterion/FedHamsterSteamedBeansCriterion.class with 5 transformer(s) on dev.architectury.transformer.handler.TinyRemapperPreparedTransformerHandler
[Architectury Transformer DEBUG] Found class transformer
[Architectury Transformer DEBUG] Writing net/dawson/adorablehamsterpets/advancement/criterion/FedHamsterSteamedBeansCriterion with maxs=true frames=true
[Architectury Transformer DEBUG] Transformed net/dawson/adorablehamsterpets/advancement/criterion/FedHamsterSteamedBeansCriterion in 316.1 μs
[Architectury Transformer DEBUG] Transforming from net/dawson/adorablehamsterpets/advancement/criterion/FedHamsterSteamedBeansCriterion$Conditions.class to net/dawson/adorablehamsterpets/advancement/criterion/FedHamsterSteamedBeansCriterion$Conditions.class with 5 transformer(s) on dev.architectury.transformer.handler.TinyRemapperPreparedTransformerHandler
[Architectury Transformer DEBUG] Found class transformer
[Architectury Transformer DEBUG] Writing net/dawson/adorablehamsterpets/advancement/criterion/FedHamsterSteamedBeansCriterion$Conditions with maxs=true frames=true
[Architectury Transformer DEBUG] Transformed net/dawson/adorablehamsterpets/advancement/criterion/FedHamsterSteamedBeansCriterion$Conditions in 145.0 μs
[Architectury Transformer DEBUG] Transforming from net/dawson/adorablehamsterpets/advancement/criterion/CheekPouchUnlockedCriterion.class to net/dawson/adorablehamsterpets/advancement/criterion/CheekPouchUnlockedCriterion.class with 5 transformer(s) on dev.architectury.transformer.handler.TinyRemapperPreparedTransformerHandler
[Architectury Transformer DEBUG] Found class transformer
[Architectury Transformer DEBUG] Writing net/dawson/adorablehamsterpets/advancement/criterion/CheekPouchUnlockedCriterion with maxs=true frames=true
[Architectury Transformer DEBUG] Transformed net/dawson/adorablehamsterpets/advancement/criterion/CheekPouchUnlockedCriterion in 150.8 μs
[Architectury Transformer DEBUG] Transforming from net/dawson/adorablehamsterpets/advancement/criterion/CheekPouchUnlockedCriterion$Conditions.class to net/dawson/adorablehamsterpets/advancement/criterion/CheekPouchUnlockedCriterion$Conditions.class with 5 transformer(s) on dev.architectury.transformer.handler.TinyRemapperPreparedTransformerHandler
[Architectury Transformer DEBUG] Found class transformer
[Architectury Transformer DEBUG] Writing net/dawson/adorablehamsterpets/advancement/criterion/CheekPouchUnlockedCriterion$Conditions with maxs=true frames=true
[Architectury Transformer DEBUG] Transformed net/dawson/adorablehamsterpets/advancement/criterion/CheekPouchUnlockedCriterion$Conditions in 85.90 μs
[Architectury Transformer DEBUG] Transforming from net/dawson/adorablehamsterpets/advancement/criterion/AppliedPinkPetalCriterion.class to net/dawson/adorablehamsterpets/advancement/criterion/AppliedPinkPetalCriterion.class with 5 transformer(s) on dev.architectury.transformer.handler.TinyRemapperPreparedTransformerHandler
[Architectury Transformer DEBUG] Found class transformer
[Architectury Transformer DEBUG] Writing net/dawson/adorablehamsterpets/advancement/criterion/AppliedPinkPetalCriterion with maxs=true frames=true
[Architectury Transformer DEBUG] Transformed net/dawson/adorablehamsterpets/advancement/criterion/AppliedPinkPetalCriterion in 136.2 μs
[Architectury Transformer DEBUG] Transforming from net/dawson/adorablehamsterpets/advancement/criterion/AppliedPinkPetalCriterion$Conditions.class to net/dawson/adorablehamsterpets/advancement/criterion/AppliedPinkPetalCriterion$Conditions.class with 5 transformer(s) on dev.architectury.transformer.handler.TinyRemapperPreparedTransformerHandler
[Architectury Transformer DEBUG] Found class transformer
[Architectury Transformer DEBUG] Writing net/dawson/adorablehamsterpets/advancement/criterion/AppliedPinkPetalCriterion$Conditions with maxs=true frames=true
[Architectury Transformer DEBUG] Transformed net/dawson/adorablehamsterpets/advancement/criterion/AppliedPinkPetalCriterion$Conditions in 209.7 μs
[Architectury Transformer DEBUG] Transforming from net/dawson/adorablehamsterpets/advancement/criterion/HamsterAutoFedCriterion.class to net/dawson/adorablehamsterpets/advancement/criterion/HamsterAutoFedCriterion.class with 5 transformer(s) on dev.architectury.transformer.handler.TinyRemapperPreparedTransformerHandler
[Architectury Transformer DEBUG] Found class transformer
[Architectury Transformer DEBUG] Writing net/dawson/adorablehamsterpets/advancement/criterion/HamsterAutoFedCriterion with maxs=true frames=true
[Architectury Transformer DEBUG] Transformed net/dawson/adorablehamsterpets/advancement/criterion/HamsterAutoFedCriterion in 220.3 μs
[Architectury Transformer DEBUG] Transforming from net/dawson/adorablehamsterpets/advancement/criterion/HamsterAutoFedCriterion$Conditions.class to net/dawson/adorablehamsterpets/advancement/criterion/HamsterAutoFedCriterion$Conditions.class with 5 transformer(s) on dev.architectury.transformer.handler.TinyRemapperPreparedTransformerHandler
[Architectury Transformer DEBUG] Found class transformer
[Architectury Transformer DEBUG] Writing net/dawson/adorablehamsterpets/advancement/criterion/HamsterAutoFedCriterion$Conditions with maxs=true frames=true
[Architectury Transformer DEBUG] Transformed net/dawson/adorablehamsterpets/advancement/criterion/HamsterAutoFedCriterion$Conditions in 116.1 μs
[Architectury Transformer DEBUG] Transforming from net/dawson/adorablehamsterpets/advancement/criterion/HamsterDiamondAlertCriterion.class to net/dawson/adorablehamsterpets/advancement/criterion/HamsterDiamondAlertCriterion.class with 5 transformer(s) on dev.architectury.transformer.handler.TinyRemapperPreparedTransformerHandler
[Architectury Transformer DEBUG] Found class transformer
[Architectury Transformer DEBUG] Writing net/dawson/adorablehamsterpets/advancement/criterion/HamsterDiamondAlertCriterion with maxs=true frames=true
[Architectury Transformer DEBUG] Transformed net/dawson/adorablehamsterpets/advancement/criterion/HamsterDiamondAlertCriterion in 225.7 μs
[Architectury Transformer DEBUG] Transforming from net/dawson/adorablehamsterpets/advancement/criterion/HamsterDiamondAlertCriterion$Conditions.class to net/dawson/adorablehamsterpets/advancement/criterion/HamsterDiamondAlertCriterion$Conditions.class with 5 transformer(s) on dev.architectury.transformer.handler.TinyRemapperPreparedTransformerHandler
[Architectury Transformer DEBUG] Found class transformer
[Architectury Transformer DEBUG] Writing net/dawson/adorablehamsterpets/advancement/criterion/HamsterDiamondAlertCriterion$Conditions with maxs=true frames=true
[Architectury Transformer DEBUG] Transformed net/dawson/adorablehamsterpets/advancement/criterion/HamsterDiamondAlertCriterion$Conditions in 139.7 μs
[Architectury Transformer DEBUG] Transforming from net/dawson/adorablehamsterpets/advancement/criterion/HamsterCreeperAlertCriterion.class to net/dawson/adorablehamsterpets/advancement/criterion/HamsterCreeperAlertCriterion.class with 5 transformer(s) on dev.architectury.transformer.handler.TinyRemapperPreparedTransformerHandler
[Architectury Transformer DEBUG] Found class transformer
[Architectury Transformer DEBUG] Writing net/dawson/adorablehamsterpets/advancement/criterion/HamsterCreeperAlertCriterion with maxs=true frames=true
[Architectury Transformer DEBUG] Transformed net/dawson/adorablehamsterpets/advancement/criterion/HamsterCreeperAlertCriterion in 166.3 μs
[Architectury Transformer DEBUG] Transforming from net/dawson/adorablehamsterpets/advancement/criterion/HamsterCreeperAlertCriterion$Conditions.class to net/dawson/adorablehamsterpets/advancement/criterion/HamsterCreeperAlertCriterion$Conditions.class with 5 transformer(s) on dev.architectury.transformer.handler.TinyRemapperPreparedTransformerHandler
[Architectury Transformer DEBUG] Found class transformer
[Architectury Transformer DEBUG] Writing net/dawson/adorablehamsterpets/advancement/criterion/HamsterCreeperAlertCriterion$Conditions with maxs=true frames=true
[Architectury Transformer DEBUG] Transformed net/dawson/adorablehamsterpets/advancement/criterion/HamsterCreeperAlertCriterion$Conditions in 84.70 μs
[Architectury Transformer DEBUG] Transforming from net/dawson/adorablehamsterpets/advancement/criterion/HamsterPouchFilledCriterion.class to net/dawson/adorablehamsterpets/advancement/criterion/HamsterPouchFilledCriterion.class with 5 transformer(s) on dev.architectury.transformer.handler.TinyRemapperPreparedTransformerHandler
[Architectury Transformer DEBUG] Found class transformer
[Architectury Transformer DEBUG] Writing net/dawson/adorablehamsterpets/advancement/criterion/HamsterPouchFilledCriterion with maxs=true frames=true
[Architectury Transformer DEBUG] Transformed net/dawson/adorablehamsterpets/advancement/criterion/HamsterPouchFilledCriterion in 140.2 μs
[Architectury Transformer DEBUG] Transforming from net/dawson/adorablehamsterpets/advancement/criterion/HamsterPouchFilledCriterion$Conditions.class to net/dawson/adorablehamsterpets/advancement/criterion/HamsterPouchFilledCriterion$Conditions.class with 5 transformer(s) on dev.architectury.transformer.handler.TinyRemapperPreparedTransformerHandler
[Architectury Transformer DEBUG] Found class transformer
[Architectury Transformer DEBUG] Writing net/dawson/adorablehamsterpets/advancement/criterion/HamsterPouchFilledCriterion$Conditions with maxs=true frames=true
[Architectury Transformer DEBUG] Transformed net/dawson/adorablehamsterpets/advancement/criterion/HamsterPouchFilledCriterion$Conditions in 84.00 μs
[Architectury Transformer DEBUG] Transforming from net/dawson/adorablehamsterpets/advancement/criterion/HamsterLedToDiamondCriterion.class to net/dawson/adorablehamsterpets/advancement/criterion/HamsterLedToDiamondCriterion.class with 5 transformer(s) on dev.architectury.transformer.handler.TinyRemapperPreparedTransformerHandler
[Architectury Transformer DEBUG] Found class transformer
[Architectury Transformer DEBUG] Writing net/dawson/adorablehamsterpets/advancement/criterion/HamsterLedToDiamondCriterion with maxs=true frames=true
[Architectury Transformer DEBUG] Transformed net/dawson/adorablehamsterpets/advancement/criterion/HamsterLedToDiamondCriterion in 185.1 μs
[Architectury Transformer DEBUG] Transforming from net/dawson/adorablehamsterpets/advancement/criterion/HamsterLedToDiamondCriterion$Conditions.class to net/dawson/adorablehamsterpets/advancement/criterion/HamsterLedToDiamondCriterion$Conditions.class with 5 transformer(s) on dev.architectury.transformer.handler.TinyRemapperPreparedTransformerHandler
[Architectury Transformer DEBUG] Found class transformer
[Architectury Transformer DEBUG] Writing net/dawson/adorablehamsterpets/advancement/criterion/HamsterLedToDiamondCriterion$Conditions with maxs=true frames=true
[Architectury Transformer DEBUG] Transformed net/dawson/adorablehamsterpets/advancement/criterion/HamsterLedToDiamondCriterion$Conditions in 151.9 μs
[Architectury Transformer DEBUG] Transforming from net/dawson/adorablehamsterpets/advancement/criterion/HamsterFoundGoldCriterion.class to net/dawson/adorablehamsterpets/advancement/criterion/HamsterFoundGoldCriterion.class with 5 transformer(s) on dev.architectury.transformer.handler.TinyRemapperPreparedTransformerHandler
[Architectury Transformer DEBUG] Found class transformer
[Architectury Transformer DEBUG] Writing net/dawson/adorablehamsterpets/advancement/criterion/HamsterFoundGoldCriterion with maxs=true frames=true
[Architectury Transformer DEBUG] Transformed net/dawson/adorablehamsterpets/advancement/criterion/HamsterFoundGoldCriterion in 138.8 μs
[Architectury Transformer DEBUG] Transforming from net/dawson/adorablehamsterpets/advancement/criterion/HamsterFoundGoldCriterion$Conditions.class to net/dawson/adorablehamsterpets/advancement/criterion/HamsterFoundGoldCriterion$Conditions.class with 5 transformer(s) on dev.architectury.transformer.handler.TinyRemapperPreparedTransformerHandler
[Architectury Transformer DEBUG] Found class transformer
[Architectury Transformer DEBUG] Writing net/dawson/adorablehamsterpets/advancement/criterion/HamsterFoundGoldCriterion$Conditions with maxs=true frames=true
[Architectury Transformer DEBUG] Transformed net/dawson/adorablehamsterpets/advancement/criterion/HamsterFoundGoldCriterion$Conditions in 106.8 μs
[Architectury Transformer DEBUG] Transforming from net/dawson/adorablehamsterpets/entity/custom/HamsterVariant.class to net/dawson/adorablehamsterpets/entity/custom/HamsterVariant.class with 5 transformer(s) on dev.architectury.transformer.handler.TinyRemapperPreparedTransformerHandler
[Architectury Transformer DEBUG] Found class transformer
[Architectury Transformer DEBUG] Writing net/dawson/adorablehamsterpets/entity/custom/HamsterVariant with maxs=true frames=true
[Architectury Transformer DEBUG] Transformed net/dawson/adorablehamsterpets/entity/custom/HamsterVariant in 887.9 μs
[Architectury Transformer DEBUG] Transforming from net/dawson/adorablehamsterpets/entity/custom/HamsterVariant$BaseOverlayPair.class to net/dawson/adorablehamsterpets/entity/custom/HamsterVariant$BaseOverlayPair.class with 5 transformer(s) on dev.architectury.transformer.handler.TinyRemapperPreparedTransformerHandler
[Architectury Transformer DEBUG] Found class transformer
[Architectury Transformer DEBUG] Writing net/dawson/adorablehamsterpets/entity/custom/HamsterVariant$BaseOverlayPair with maxs=true frames=true
[Architectury Transformer DEBUG] Transformed net/dawson/adorablehamsterpets/entity/custom/HamsterVariant$BaseOverlayPair in 422.3 μs
[Architectury Transformer DEBUG] Transforming from net/dawson/adorablehamsterpets/world/gen/ModEntitySpawns.class to net/dawson/adorablehamsterpets/world/gen/ModEntitySpawns.class with 5 transformer(s) on dev.architectury.transformer.handler.TinyRemapperPreparedTransformerHandler
[Architectury Transformer DEBUG] Found class transformer
[Architectury Transformer DEBUG] Writing net/dawson/adorablehamsterpets/world/gen/ModEntitySpawns with maxs=true frames=true
[Architectury Transformer DEBUG] Transformed net/dawson/adorablehamsterpets/world/gen/ModEntitySpawns in 738.0 μs
[Architectury Transformer DEBUG] Transforming from net/dawson/adorablehamsterpets/AdorableHamsterPetsClient.class to net/dawson/adorablehamsterpets/AdorableHamsterPetsClient.class with 5 transformer(s) on dev.architectury.transformer.handler.TinyRemapperPreparedTransformerHandler
[Architectury Transformer DEBUG] Found class transformer
[Architectury Transformer DEBUG] Writing net/dawson/adorablehamsterpets/AdorableHamsterPetsClient with maxs=true frames=true
[Architectury Transformer DEBUG] Transformed net/dawson/adorablehamsterpets/AdorableHamsterPetsClient in 513.6 μs
[Architectury Transformer DEBUG] Transforming from net/dawson/adorablehamsterpets/networking/ModPackets.class to net/dawson/adorablehamsterpets/networking/ModPackets.class with 5 transformer(s) on dev.architectury.transformer.handler.TinyRemapperPreparedTransformerHandler
[Architectury Transformer DEBUG] Found class transformer
[Architectury Transformer DEBUG] Writing net/dawson/adorablehamsterpets/networking/ModPackets with maxs=true frames=true
[Architectury Transformer DEBUG] Transformed net/dawson/adorablehamsterpets/networking/ModPackets in 726.7 μs
[Architectury Transformer DEBUG] Transforming from net/dawson/adorablehamsterpets/client/option/ModKeyBindings.class to net/dawson/adorablehamsterpets/client/option/ModKeyBindings.class with 5 transformer(s) on dev.architectury.transformer.handler.TinyRemapperPreparedTransformerHandler
[Architectury Transformer DEBUG] Found class transformer
[Architectury Transformer DEBUG] Writing net/dawson/adorablehamsterpets/client/option/ModKeyBindings with maxs=true frames=true
[Architectury Transformer DEBUG] Transformed net/dawson/adorablehamsterpets/client/option/ModKeyBindings in 187.2 μs
[Architectury Transformer DEBUG] Transforming from net/dawson/adorablehamsterpets/screen/HamsterInventoryScreen.class to net/dawson/adorablehamsterpets/screen/HamsterInventoryScreen.class with 5 transformer(s) on dev.architectury.transformer.handler.TinyRemapperPreparedTransformerHandler
[Architectury Transformer DEBUG] Found class transformer
[Architectury Transformer DEBUG] Writing net/dawson/adorablehamsterpets/screen/HamsterInventoryScreen with maxs=true frames=true
[Architectury Transformer DEBUG] Transformed net/dawson/adorablehamsterpets/screen/HamsterInventoryScreen in 491.8 μs
[Architectury Transformer DEBUG] Transforming from net/dawson/adorablehamsterpets/entity/client/HamsterRenderer.class to net/dawson/adorablehamsterpets/entity/client/HamsterRenderer.class with 5 transformer(s) on dev.architectury.transformer.handler.TinyRemapperPreparedTransformerHandler
[Architectury Transformer DEBUG] Found class transformer
[Architectury Transformer DEBUG] Writing net/dawson/adorablehamsterpets/entity/client/HamsterRenderer with maxs=true frames=true
[Architectury Transformer DEBUG] Transformed net/dawson/adorablehamsterpets/entity/client/HamsterRenderer in 934.8 μs
[Architectury Transformer DEBUG] Transforming from net/dawson/adorablehamsterpets/entity/client/HamsterModel.class to net/dawson/adorablehamsterpets/entity/client/HamsterModel.class with 5 transformer(s) on dev.architectury.transformer.handler.TinyRemapperPreparedTransformerHandler
[Architectury Transformer DEBUG] Found class transformer
[Architectury Transformer DEBUG] Writing net/dawson/adorablehamsterpets/entity/client/HamsterModel with maxs=true frames=true
[Architectury Transformer DEBUG] Transformed net/dawson/adorablehamsterpets/entity/client/HamsterModel in 466.4 μs
[Architectury Transformer DEBUG] Transforming from net/dawson/adorablehamsterpets/entity/client/layer/HamsterOverlayLayer.class to net/dawson/adorablehamsterpets/entity/client/layer/HamsterOverlayLayer.class with 5 transformer(s) on dev.architectury.transformer.handler.TinyRemapperPreparedTransformerHandler
[Architectury Transformer DEBUG] Found class transformer
[Architectury Transformer DEBUG] Writing net/dawson/adorablehamsterpets/entity/client/layer/HamsterOverlayLayer with maxs=true frames=true
[Architectury Transformer DEBUG] Transformed net/dawson/adorablehamsterpets/entity/client/layer/HamsterOverlayLayer in 337.5 μs
[Architectury Transformer DEBUG] Transforming from net/dawson/adorablehamsterpets/entity/client/layer/HamsterPinkPetalOverlayLayer.class to net/dawson/adorablehamsterpets/entity/client/layer/HamsterPinkPetalOverlayLayer.class with 5 transformer(s) on dev.architectury.transformer.handler.TinyRemapperPreparedTransformerHandler
[Architectury Transformer DEBUG] Found class transformer
[Architectury Transformer DEBUG] Writing net/dawson/adorablehamsterpets/entity/client/layer/HamsterPinkPetalOverlayLayer with maxs=true frames=true
[Architectury Transformer DEBUG] Transformed net/dawson/adorablehamsterpets/entity/client/layer/HamsterPinkPetalOverlayLayer in 241.6 μs
[Architectury Transformer DEBUG] Transforming from net/dawson/adorablehamsterpets/entity/client/ModModelLayers.class to net/dawson/adorablehamsterpets/entity/client/ModModelLayers.class with 5 transformer(s) on dev.architectury.transformer.handler.TinyRemapperPreparedTransformerHandler
[Architectury Transformer DEBUG] Found class transformer
[Architectury Transformer DEBUG] Writing net/dawson/adorablehamsterpets/entity/client/ModModelLayers with maxs=true frames=true
[Architectury Transformer DEBUG] Transformed net/dawson/adorablehamsterpets/entity/client/ModModelLayers in 125.9 μs
[Architectury Transformer DEBUG] Transforming from net/dawson/adorablehamsterpets/entity/client/model/HamsterShoulderModel.class to net/dawson/adorablehamsterpets/entity/client/model/HamsterShoulderModel.class with 5 transformer(s) on dev.architectury.transformer.handler.TinyRemapperPreparedTransformerHandler
[Architectury Transformer DEBUG] Found class transformer
[Architectury Transformer DEBUG] Writing net/dawson/adorablehamsterpets/entity/client/model/HamsterShoulderModel with maxs=true frames=true
[Architectury Transformer DEBUG] Transformed net/dawson/adorablehamsterpets/entity/client/model/HamsterShoulderModel in 586.5 μs
[Architectury Transformer DEBUG] Transforming from net/dawson/adorablehamsterpets/world/gen/feature/ModConfiguredFeatures.class to net/dawson/adorablehamsterpets/world/gen/feature/ModConfiguredFeatures.class with 5 transformer(s) on dev.architectury.transformer.handler.TinyRemapperPreparedTransformerHandler
[Architectury Transformer DEBUG] Found class transformer
[Architectury Transformer DEBUG] Writing net/dawson/adorablehamsterpets/world/gen/feature/ModConfiguredFeatures with maxs=true frames=true
[Architectury Transformer DEBUG] Transformed net/dawson/adorablehamsterpets/world/gen/feature/ModConfiguredFeatures in 355.4 μs
[Architectury Transformer DEBUG] Transforming from net/dawson/adorablehamsterpets/world/gen/feature/ModPlacedFeatures.class to net/dawson/adorablehamsterpets/world/gen/feature/ModPlacedFeatures.class with 5 transformer(s) on dev.architectury.transformer.handler.TinyRemapperPreparedTransformerHandler
[Architectury Transformer DEBUG] Found class transformer
[Architectury Transformer DEBUG] Writing net/dawson/adorablehamsterpets/world/gen/feature/ModPlacedFeatures with maxs=true frames=true
[Architectury Transformer DEBUG] Transformed net/dawson/adorablehamsterpets/world/gen/feature/ModPlacedFeatures in 216.7 μs
